{"meta": {"format": 3, "version": "7.10.6", "timestamp": "2025-12-16T12:16:35.016962", "branch_coverage": true, "show_contexts": false}, "files": {"project/src/__init__.py": {"executed_lines": [1, 28, 29, 32, 39, 40, 41, 43], "summary": {"covered_lines": 7, "num_statements": 7, "percent_covered": 100.0, "percent_covered_display": "100.00", "missing_lines": 0, "excluded_lines": 0, "num_branches": 0, "num_partial_branches": 0, "covered_branches": 0, "missing_branches": 0}, "missing_lines": [], "excluded_lines": [], "executed_branches": [], "missing_branches": [], "functions": {"": {"executed_lines": [1, 28, 29, 32, 39, 40, 41, 43], "summary": {"covered_lines": 7, "num_statements": 7, "percent_covered": 100.0, "percent_covered_display": "100.00", "missing_lines": 0, "excluded_lines": 0, "num_branches": 0, "num_partial_branches": 0, "covered_branches": 0, "missing_branches": 0}, "missing_lines": [], "excluded_lines": [], "executed_branches": [], "missing_branches": []}}, "classes": {"": {"executed_lines": [1, 28, 29, 32, 39, 40, 41, 43], "summary": {"covered_lines": 7, "num_statements": 7, "percent_covered": 100.0, "percent_covered_display": "100.00", "missing_lines": 0, "excluded_lines": 0, "num_branches": 0, "num_partial_branches": 0, "covered_branches": 0, "missing_branches": 0}, "missing_lines": [], "excluded_lines": [], "executed_branches": [], "missing_branches": []}}}, "project/src/biological_simulation.py": {"executed_lines": [1, 6, 8, 9, 10, 11, 12, 13, 15, 18, 19, 20, 21, 22, 23, 24, 25, 26, 27, 28, 29, 30, 32, 34, 36, 37, 39, 42, 43, 50, 65, 66, 67, 68, 71, 79, 80, 83, 86, 87, 89, 90, 94, 95, 106, 107, 118, 134, 135, 137, 138, 139, 140, 143, 146, 147, 150, 151, 152, 153, 154, 155, 156, 157, 160, 161, 163, 165, 166, 167, 171, 172, 173, 175, 177, 183, 184, 185, 187, 189, 198, 199, 200, 202, 203, 204, 205, 208, 209, 211, 212, 213, 215, 229, 232, 235, 238, 239, 240, 241, 242, 245, 246, 247, 255, 258, 259, 260, 261, 262, 263, 267, 274, 276, 279, 280, 282, 284, 285, 286, 287, 288, 289, 292, 293, 294, 296, 299, 300, 301, 302, 304, 307, 308, 309, 310, 311, 313, 315, 316, 317, 318, 319, 321, 323, 326, 327, 328, 332, 333, 334, 338, 344, 350, 359, 361, 362, 365, 366, 368], "summary": {"covered_lines": 150, "num_statements": 154, "percent_covered": 93.13725490196079, "percent_covered_display": "93.14", "missing_lines": 4, "excluded_lines": 26, "num_branches": 50, "num_partial_branches": 10, "covered_branches": 40, "missing_branches": 10}, "missing_lines": [230, 233, 339, 340], "excluded_lines": [89, 90, 91, 92, 94, 95, 96, 97, 98, 99, 100, 101, 102, 103, 104, 106, 107, 108, 109, 110, 111, 112, 113, 114, 115, 116], "executed_branches": [[79, 80], [79, 83], [138, 139], [138, 171], [139, 140], [139, 143], [150, 151], [152, 153], [154, 155], [156, 157], [160, 161], [160, 163], [165, 138], [165, 166], [199, 200], [199, 202], [208, 209], [229, 232], [232, 235], [238, 239], [238, 245], [245, 246], [245, 258], [258, 259], [258, 276], [308, 309], [308, 310], [310, 311], [310, 313], [316, 317], [316, 318], [318, 319], [318, 321], [326, 327], [332, 333], [338, 344], [361, 362], [361, 365], [365, 366], [365, 368]], "missing_branches": [[150, 152], [152, 154], [154, 156], [156, 160], [208, 211], [229, 230], [232, 233], [326, 332], [332, 338], [338, 339]], "functions": {"GraftSimulationState.to_dict": {"executed_lines": [34], "summary": {"covered_lines": 1, "num_statements": 1, "percent_covered": 100.0, "percent_covered_display": "100.00", "missing_lines": 0, "excluded_lines": 0, "num_branches": 0, "num_partial_branches": 0, "covered_branches": 0, "missing_branches": 0}, "missing_lines": [], "excluded_lines": [], "executed_branches": [], "missing_branches": []}, "GraftSimulationState.from_dict": {"executed_lines": [39], "summary": {"covered_lines": 1, "num_statements": 1, "percent_covered": 100.0, "percent_covered_display": "100.00", "missing_lines": 0, "excluded_lines": 0, "num_branches": 0, "num_partial_branches": 0, "covered_branches": 0, "missing_branches": 0}, "missing_lines": [], "excluded_lines": [], "executed_branches": [], "missing_branches": []}, "GraftSimulationBase.__init__": {"executed_lines": [65, 66, 67, 68, 71, 79, 80, 83, 86, 87], "summary": {"covered_lines": 10, "num_statements": 10, "percent_covered": 100.0, "percent_covered_display": "100.00", "missing_lines": 0, "excluded_lines": 0, "num_branches": 2, "num_partial_branches": 0, "covered_branches": 2, "missing_branches": 0}, "missing_lines": [], "excluded_lines": [], "executed_branches": [[79, 80], [79, 83]], "missing_branches": []}, "GraftSimulationBase.initialize": {"executed_lines": [], "summary": {"covered_lines": 0, "num_statements": 0, "percent_covered": 100.0, "percent_covered_display": "100.00", "missing_lines": 0, "excluded_lines": 2, "num_branches": 0, "num_partial_branches": 0, "covered_branches": 0, "missing_branches": 0}, "missing_lines": [], "excluded_lines": [91, 92], "executed_branches": [], "missing_branches": []}, "GraftSimulationBase.step": {"executed_lines": [], "summary": {"covered_lines": 0, "num_statements": 0, "percent_covered": 100.0, "percent_covered_display": "100.00", "missing_lines": 0, "excluded_lines": 9, "num_branches": 0, "num_partial_branches": 0, "covered_branches": 0, "missing_branches": 0}, "missing_lines": [], "excluded_lines": [96, 97, 98, 99, 100, 101, 102, 103, 104], "executed_branches": [], "missing_branches": []}, "GraftSimulationBase.should_continue": {"executed_lines": [], "summary": {"covered_lines": 0, "num_statements": 0, "percent_covered": 100.0, "percent_covered_display": "100.00", "missing_lines": 0, "excluded_lines": 9, "num_branches": 0, "num_partial_branches": 0, "covered_branches": 0, "missing_branches": 0}, "missing_lines": [], "excluded_lines": [108, 109, 110, 111, 112, 113, 114, 115, 116], "executed_branches": [], "missing_branches": []}, "GraftSimulationBase.run": {"executed_lines": [134, 135, 137, 138, 139, 140, 143, 146, 147, 150, 151, 152, 153, 154, 155, 156, 157, 160, 161, 163, 165, 166, 167, 171, 172, 173, 175], "summary": {"covered_lines": 27, "num_statements": 27, "percent_covered": 90.69767441860465, "percent_covered_display": "90.70", "missing_lines": 0, "excluded_lines": 0, "num_branches": 16, "num_partial_branches": 4, "covered_branches": 12, "missing_branches": 4}, "missing_lines": [], "excluded_lines": [], "executed_branches": [[138, 139], [138, 171], [139, 140], [139, 143], [150, 151], [152, 153], [154, 155], [156, 157], [160, 161], [160, 163], [165, 138], [165, 166]], "missing_branches": [[150, 152], [152, 154], [154, 156], [156, 160]]}, "GraftSimulationBase.save_checkpoint": {"executed_lines": [183, 184, 185, 187], "summary": {"covered_lines": 4, "num_statements": 4, "percent_covered": 100.0, "percent_covered_display": "100.00", "missing_lines": 0, "excluded_lines": 0, "num_branches": 0, "num_partial_branches": 0, "covered_branches": 0, "missing_branches": 0}, "missing_lines": [], "excluded_lines": [], "executed_branches": [], "missing_branches": []}, "GraftSimulationBase.load_checkpoint": {"executed_lines": [198, 199, 200, 202, 203, 204, 205, 208, 209, 211, 212, 213], "summary": {"covered_lines": 12, "num_statements": 12, "percent_covered": 93.75, "percent_covered_display": "93.75", "missing_lines": 0, "excluded_lines": 0, "num_branches": 4, "num_partial_branches": 1, "covered_branches": 3, "missing_branches": 1}, "missing_lines": [], "excluded_lines": [], "executed_branches": [[199, 200], [199, 202], [208, 209]], "missing_branches": [[208, 211]]}, "GraftSimulationBase.save_results": {"executed_lines": [229, 232, 235, 238, 239, 240, 241, 242, 245, 246, 247, 255, 258, 259, 260, 261, 262, 263, 267, 274, 276], "summary": {"covered_lines": 21, "num_statements": 23, "percent_covered": 87.87878787878788, "percent_covered_display": "87.88", "missing_lines": 2, "excluded_lines": 0, "num_branches": 10, "num_partial_branches": 2, "covered_branches": 8, "missing_branches": 2}, "missing_lines": [230, 233], "excluded_lines": [], "executed_branches": [[229, 232], [232, 235], [238, 239], [238, 245], [245, 246], [245, 258], [258, 259], [258, 276]], "missing_branches": [[229, 230], [232, 233]]}, "CambiumIntegrationSimulation.__init__": {"executed_lines": [284, 285, 286, 287, 288, 289, 292, 293, 294], "summary": {"covered_lines": 9, "num_statements": 9, "percent_covered": 100.0, "percent_covered_display": "100.00", "missing_lines": 0, "excluded_lines": 0, "num_branches": 0, "num_partial_branches": 0, "covered_branches": 0, "missing_branches": 0}, "missing_lines": [], "excluded_lines": [], "executed_branches": [], "missing_branches": []}, "CambiumIntegrationSimulation.initialize": {"executed_lines": [299, 300, 301, 302], "summary": {"covered_lines": 4, "num_statements": 4, "percent_covered": 100.0, "percent_covered_display": "100.00", "missing_lines": 0, "excluded_lines": 0, "num_branches": 0, "num_partial_branches": 0, "covered_branches": 0, "missing_branches": 0}, "missing_lines": [], "excluded_lines": [], "executed_branches": [], "missing_branches": []}, "CambiumIntegrationSimulation.step": {"executed_lines": [307, 308, 309, 310, 311, 313, 315, 316, 317, 318, 319, 321, 323, 326, 327, 328, 332, 333, 334, 338, 344, 350], "summary": {"covered_lines": 22, "num_statements": 24, "percent_covered": 86.84210526315789, "percent_covered_display": "86.84", "missing_lines": 2, "excluded_lines": 0, "num_branches": 14, "num_partial_branches": 3, "covered_branches": 11, "missing_branches": 3}, "missing_lines": [339, 340], "excluded_lines": [], "executed_branches": [[308, 309], [308, 310], [310, 311], [310, 313], [316, 317], [316, 318], [318, 319], [318, 321], [326, 327], [332, 333], [338, 344]], "missing_branches": [[326, 332], [332, 338], [338, 339]]}, "CambiumIntegrationSimulation.should_continue": {"executed_lines": [361, 362, 365, 366, 368], "summary": {"covered_lines": 5, "num_statements": 5, "percent_covered": 100.0, "percent_covered_display": "100.00", "missing_lines": 0, "excluded_lines": 0, "num_branches": 4, "num_partial_branches": 0, "covered_branches": 4, "missing_branches": 0}, "missing_lines": [], "excluded_lines": [], "executed_branches": [[361, 362], [361, 365], [365, 366], [365, 368]], "missing_branches": []}, "": {"executed_lines": [1, 6, 8, 9, 10, 11, 12, 13, 15, 18, 19, 20, 21, 22, 23, 24, 25, 26, 27, 28, 29, 30, 32, 36, 37, 42, 43, 50, 89, 90, 94, 95, 106, 107, 118, 177, 189, 215, 279, 280, 282, 296, 304, 359], "summary": {"covered_lines": 34, "num_statements": 34, "percent_covered": 100.0, "percent_covered_display": "100.00", "missing_lines": 0, "excluded_lines": 6, "num_branches": 0, "num_partial_branches": 0, "covered_branches": 0, "missing_branches": 0}, "missing_lines": [], "excluded_lines": [89, 90, 94, 95, 106, 107], "executed_branches": [], "missing_branches": []}}, "classes": {"GraftSimulationState": {"executed_lines": [34, 39], "summary": {"covered_lines": 2, "num_statements": 2, "percent_covered": 100.0, "percent_covered_display": "100.00", "missing_lines": 0, "excluded_lines": 0, "num_branches": 0, "num_partial_branches": 0, "covered_branches": 0, "missing_branches": 0}, "missing_lines": [], "excluded_lines": [], "executed_branches": [], "missing_branches": []}, "GraftSimulationBase": {"executed_lines": [65, 66, 67, 68, 71, 79, 80, 83, 86, 87, 134, 135, 137, 138, 139, 140, 143, 146, 147, 150, 151, 152, 153, 154, 155, 156, 157, 160, 161, 163, 165, 166, 167, 171, 172, 173, 175, 183, 184, 185, 187, 198, 199, 200, 202, 203, 204, 205, 208, 209, 211, 212, 213, 229, 232, 235, 238, 239, 240, 241, 242, 245, 246, 247, 255, 258, 259, 260, 261, 262, 263, 267, 274, 276], "summary": {"covered_lines": 74, "num_statements": 76, "percent_covered": 91.66666666666667, "percent_covered_display": "91.67", "missing_lines": 2, "excluded_lines": 20, "num_branches": 32, "num_partial_branches": 7, "covered_branches": 25, "missing_branches": 7}, "missing_lines": [230, 233], "excluded_lines": [91, 92, 96, 97, 98, 99, 100, 101, 102, 103, 104, 108, 109, 110, 111, 112, 113, 114, 115, 116], "executed_branches": [[79, 80], [79, 83], [138, 139], [138, 171], [139, 140], [139, 143], [150, 151], [152, 153], [154, 155], [156, 157], [160, 161], [160, 163], [165, 138], [165, 166], [199, 200], [199, 202], [208, 209], [229, 232], [232, 235], [238, 239], [238, 245], [245, 246], [245, 258], [258, 259], [258, 276]], "missing_branches": [[150, 152], [152, 154], [154, 156], [156, 160], [208, 211], [229, 230], [232, 233]]}, "CambiumIntegrationSimulation": {"executed_lines": [284, 285, 286, 287, 288, 289, 292, 293, 294, 299, 300, 301, 302, 307, 308, 309, 310, 311, 313, 315, 316, 317, 318, 319, 321, 323, 326, 327, 328, 332, 333, 334, 338, 344, 350, 361, 362, 365, 366, 368], "summary": {"covered_lines": 40, "num_statements": 42, "percent_covered": 91.66666666666667, "percent_covered_display": "91.67", "missing_lines": 2, "excluded_lines": 0, "num_branches": 18, "num_partial_branches": 3, "covered_branches": 15, "missing_branches": 3}, "missing_lines": [339, 340], "excluded_lines": [], "executed_branches": [[308, 309], [308, 310], [310, 311], [310, 313], [316, 317], [316, 318], [318, 319], [318, 321], [326, 327], [332, 333], [338, 344], [361, 362], [361, 365], [365, 366], [365, 368]], "missing_branches": [[326, 332], [332, 338], [338, 339]]}, "": {"executed_lines": [1, 6, 8, 9, 10, 11, 12, 13, 15, 18, 19, 20, 21, 22, 23, 24, 25, 26, 27, 28, 29, 30, 32, 36, 37, 42, 43, 50, 89, 90, 94, 95, 106, 107, 118, 177, 189, 215, 279, 280, 282, 296, 304, 359], "summary": {"covered_lines": 34, "num_statements": 34, "percent_covered": 100.0, "percent_covered_display": "100.00", "missing_lines": 0, "excluded_lines": 6, "num_branches": 0, "num_partial_branches": 0, "covered_branches": 0, "missing_branches": 0}, "missing_lines": [], "excluded_lines": [89, 90, 94, 95, 106, 107], "executed_branches": [], "missing_branches": []}}}, "project/src/compatibility_prediction.py": {"executed_lines": [1, 6, 8, 10, 13, 30, 31, 33, 36, 53, 54, 56, 57, 60, 62, 65, 82, 83, 93, 110, 111, 118, 121, 127, 130, 147, 154, 161], "summary": {"covered_lines": 27, "num_statements": 31, "percent_covered": 86.48648648648648, "percent_covered_display": "86.49", "missing_lines": 4, "excluded_lines": 0, "num_branches": 6, "num_partial_branches": 1, "covered_branches": 5, "missing_branches": 1}, "missing_lines": [85, 86, 88, 90], "excluded_lines": [], "executed_branches": [[53, 54], [53, 56], [82, 83], [110, 111], [110, 118]], "missing_branches": [[82, 85]], "functions": {"predict_compatibility_from_phylogeny": {"executed_lines": [30, 31, 33], "summary": {"covered_lines": 3, "num_statements": 3, "percent_covered": 100.0, "percent_covered_display": "100.00", "missing_lines": 0, "excluded_lines": 0, "num_branches": 0, "num_partial_branches": 0, "covered_branches": 0, "missing_branches": 0}, "missing_lines": [], "excluded_lines": [], "executed_branches": [], "missing_branches": []}, "predict_compatibility_from_cambium": {"executed_lines": [53, 54, 56, 57, 60, 62], "summary": {"covered_lines": 6, "num_statements": 6, "percent_covered": 100.0, "percent_covered_display": "100.00", "missing_lines": 0, "excluded_lines": 0, "num_branches": 2, "num_partial_branches": 0, "covered_branches": 2, "missing_branches": 0}, "missing_lines": [], "excluded_lines": [], "executed_branches": [[53, 54], [53, 56]], "missing_branches": []}, "predict_compatibility_from_growth_rate": {"executed_lines": [82, 83], "summary": {"covered_lines": 2, "num_statements": 6, "percent_covered": 37.5, "percent_covered_display": "37.50", "missing_lines": 4, "excluded_lines": 0, "num_branches": 2, "num_partial_branches": 1, "covered_branches": 1, "missing_branches": 1}, "missing_lines": [85, 86, 88, 90], "excluded_lines": [], "executed_branches": [[82, 83]], "missing_branches": [[82, 85]]}, "predict_compatibility_combined": {"executed_lines": [110, 111, 118, 121, 127], "summary": {"covered_lines": 5, "num_statements": 5, "percent_covered": 100.0, "percent_covered_display": "100.00", "missing_lines": 0, "excluded_lines": 0, "num_branches": 2, "num_partial_branches": 0, "covered_branches": 2, "missing_branches": 0}, "missing_lines": [], "excluded_lines": [], "executed_branches": [[110, 111], [110, 118]], "missing_branches": []}, "predict_success_probability": {"executed_lines": [147, 154, 161], "summary": {"covered_lines": 3, "num_statements": 3, "percent_covered": 100.0, "percent_covered_display": "100.00", "missing_lines": 0, "excluded_lines": 0, "num_branches": 0, "num_partial_branches": 0, "covered_branches": 0, "missing_branches": 0}, "missing_lines": [], "excluded_lines": [], "executed_branches": [], "missing_branches": []}, "": {"executed_lines": [1, 6, 8, 10, 13, 36, 65, 93, 130], "summary": {"covered_lines": 8, "num_statements": 8, "percent_covered": 100.0, "percent_covered_display": "100.00", "missing_lines": 0, "excluded_lines": 0, "num_branches": 0, "num_partial_branches": 0, "covered_branches": 0, "missing_branches": 0}, "missing_lines": [], "excluded_lines": [], "executed_branches": [], "missing_branches": []}}, "classes": {"": {"executed_lines": [1, 6, 8, 10, 13, 30, 31, 33, 36, 53, 54, 56, 57, 60, 62, 65, 82, 83, 93, 110, 111, 118, 121, 127, 130, 147, 154, 161], "summary": {"covered_lines": 27, "num_statements": 31, "percent_covered": 86.48648648648648, "percent_covered_display": "86.49", "missing_lines": 4, "excluded_lines": 0, "num_branches": 6, "num_partial_branches": 1, "covered_branches": 5, "missing_branches": 1}, "missing_lines": [85, 86, 88, 90], "excluded_lines": [], "executed_branches": [[53, 54], [53, 56], [82, 83], [110, 111], [110, 118]], "missing_branches": [[82, 85]]}}}, "project/src/economic_analysis.py": {"executed_lines": [1, 6, 8, 10, 13, 30, 31, 32, 33, 35, 37, 48, 63, 66, 67, 69, 71, 80, 95, 96, 97, 98, 100, 109, 122, 123, 124, 126, 127, 129, 137, 157, 158, 159, 162, 163, 164, 166, 169, 170, 171, 172, 176, 186, 201, 202, 204], "summary": {"covered_lines": 46, "num_statements": 46, "percent_covered": 100.0, "percent_covered_display": "100.00", "missing_lines": 0, "excluded_lines": 0, "num_branches": 8, "num_partial_branches": 0, "covered_branches": 8, "missing_branches": 0}, "missing_lines": [], "excluded_lines": [], "executed_branches": [[66, 67], [66, 69], [122, 123], [122, 126], [157, 158], [157, 162], [163, 164], [163, 166]], "missing_branches": [], "functions": {"calculate_grafting_costs": {"executed_lines": [30, 31, 32, 33, 35, 37], "summary": {"covered_lines": 6, "num_statements": 6, "percent_covered": 100.0, "percent_covered_display": "100.00", "missing_lines": 0, "excluded_lines": 0, "num_branches": 0, "num_partial_branches": 0, "covered_branches": 0, "missing_branches": 0}, "missing_lines": [], "excluded_lines": [], "executed_branches": [], "missing_branches": []}, "calculate_grafting_revenue": {"executed_lines": [63, 66, 67, 69, 71], "summary": {"covered_lines": 5, "num_statements": 5, "percent_covered": 100.0, "percent_covered_display": "100.00", "missing_lines": 0, "excluded_lines": 0, "num_branches": 2, "num_partial_branches": 0, "covered_branches": 2, "missing_branches": 0}, "missing_lines": [], "excluded_lines": [], "executed_branches": [[66, 67], [66, 69]], "missing_branches": []}, "calculate_profitability": {"executed_lines": [95, 96, 97, 98, 100], "summary": {"covered_lines": 5, "num_statements": 5, "percent_covered": 100.0, "percent_covered_display": "100.00", "missing_lines": 0, "excluded_lines": 0, "num_branches": 0, "num_partial_branches": 0, "covered_branches": 0, "missing_branches": 0}, "missing_lines": [], "excluded_lines": [], "executed_branches": [], "missing_branches": []}, "calculate_break_even_analysis": {"executed_lines": [122, 123, 124, 126, 127, 129], "summary": {"covered_lines": 6, "num_statements": 6, "percent_covered": 100.0, "percent_covered_display": "100.00", "missing_lines": 0, "excluded_lines": 0, "num_branches": 2, "num_partial_branches": 0, "covered_branches": 2, "missing_branches": 0}, "missing_lines": [], "excluded_lines": [], "executed_branches": [[122, 123], [122, 126]], "missing_branches": []}, "optimize_grafting_operation": {"executed_lines": [157, 158, 159, 162, 163, 164, 166, 169, 170, 171, 172, 176], "summary": {"covered_lines": 12, "num_statements": 12, "percent_covered": 100.0, "percent_covered_display": "100.00", "missing_lines": 0, "excluded_lines": 0, "num_branches": 4, "num_partial_branches": 0, "covered_branches": 4, "missing_branches": 0}, "missing_lines": [], "excluded_lines": [], "executed_branches": [[157, 158], [157, 162], [163, 164], [163, 166]], "missing_branches": []}, "calculate_productivity_metrics": {"executed_lines": [201, 202, 204], "summary": {"covered_lines": 3, "num_statements": 3, "percent_covered": 100.0, "percent_covered_display": "100.00", "missing_lines": 0, "excluded_lines": 0, "num_branches": 0, "num_partial_branches": 0, "covered_branches": 0, "missing_branches": 0}, "missing_lines": [], "excluded_lines": [], "executed_branches": [], "missing_branches": []}, "": {"executed_lines": [1, 6, 8, 10, 13, 48, 80, 109, 137, 186], "summary": {"covered_lines": 9, "num_statements": 9, "percent_covered": 100.0, "percent_covered_display": "100.00", "missing_lines": 0, "excluded_lines": 0, "num_branches": 0, "num_partial_branches": 0, "covered_branches": 0, "missing_branches": 0}, "missing_lines": [], "excluded_lines": [], "executed_branches": [], "missing_branches": []}}, "classes": {"": {"executed_lines": [1, 6, 8, 10, 13, 30, 31, 32, 33, 35, 37, 48, 63, 66, 67, 69, 71, 80, 95, 96, 97, 98, 100, 109, 122, 123, 124, 126, 127, 129, 137, 157, 158, 159, 162, 163, 164, 166, 169, 170, 171, 172, 176, 186, 201, 202, 204], "summary": {"covered_lines": 46, "num_statements": 46, "percent_covered": 100.0, "percent_covered_display": "100.00", "missing_lines": 0, "excluded_lines": 0, "num_branches": 8, "num_partial_branches": 0, "covered_branches": 8, "missing_branches": 0}, "missing_lines": [], "excluded_lines": [], "executed_branches": [[66, 67], [66, 69], [122, 123], [122, 126], [157, 158], [157, 162], [163, 164], [163, 166]], "missing_branches": []}}}, "project/src/graft_analysis.py": {"executed_lines": [1, 6, 8, 9, 11, 14, 15, 16, 17, 18, 19, 20, 21, 23, 34, 49, 50, 51, 53, 54, 55, 56, 57, 59, 60, 61, 62, 63, 65, 74, 89, 91, 93, 94, 95, 96, 97, 99, 102, 103, 104, 105, 107, 110, 121, 124, 129, 132, 133, 134, 135, 138, 139, 140, 141, 142, 144, 147, 160, 162, 164, 165, 166, 169, 170, 171, 173, 176, 189, 192, 196, 197, 200, 201, 202, 203, 204, 205, 211, 219, 235, 236, 239, 240, 241, 244, 245, 248, 249, 250, 252], "summary": {"covered_lines": 89, "num_statements": 90, "percent_covered": 92.37288135593221, "percent_covered_display": "92.37", "missing_lines": 1, "excluded_lines": 0, "num_branches": 28, "num_partial_branches": 8, "covered_branches": 20, "missing_branches": 8}, "missing_lines": [25], "excluded_lines": [], "executed_branches": [[54, 55], [56, 57], [60, 61], [62, 63], [91, 93], [91, 107], [94, 95], [94, 99], [96, 94], [96, 97], [102, 103], [132, 133], [138, 139], [162, 164], [162, 169], [170, 171], [202, 203], [202, 211], [204, 202], [204, 205]], "missing_branches": [[54, 59], [56, 59], [60, 65], [62, 65], [102, 107], [132, 138], [138, 144], [170, 173]], "functions": {"GraftOutcomeMetrics.to_dict": {"executed_lines": [], "summary": {"covered_lines": 0, "num_statements": 1, "percent_covered": 0.0, "percent_covered_display": "0.00", "missing_lines": 1, "excluded_lines": 0, "num_branches": 0, "num_partial_branches": 0, "covered_branches": 0, "missing_branches": 0}, "missing_lines": [25], "excluded_lines": [], "executed_branches": [], "missing_branches": []}, "analyze_graft_outcomes": {"executed_lines": [49, 50, 51, 53, 54, 55, 56, 57, 59, 60, 61, 62, 63, 65], "summary": {"covered_lines": 14, "num_statements": 14, "percent_covered": 81.81818181818181, "percent_covered_display": "81.82", "missing_lines": 0, "excluded_lines": 0, "num_branches": 8, "num_partial_branches": 4, "covered_branches": 4, "missing_branches": 4}, "missing_lines": [], "excluded_lines": [], "executed_branches": [[54, 55], [56, 57], [60, 61], [62, 63]], "missing_branches": [[54, 59], [56, 59], [60, 65], [62, 65]]}, "analyze_temporal_patterns": {"executed_lines": [89, 91, 93, 94, 95, 96, 97, 99, 102, 103, 104, 105, 107], "summary": {"covered_lines": 13, "num_statements": 13, "percent_covered": 95.23809523809524, "percent_covered_display": "95.24", "missing_lines": 0, "excluded_lines": 0, "num_branches": 8, "num_partial_branches": 1, "covered_branches": 7, "missing_branches": 1}, "missing_lines": [], "excluded_lines": [], "executed_branches": [[91, 93], [91, 107], [94, 95], [94, 99], [96, 94], [96, 97], [102, 103]], "missing_branches": [[102, 107]]}, "compare_techniques": {"executed_lines": [121, 124, 129, 132, 133, 134, 135, 138, 139, 140, 141, 142, 144], "summary": {"covered_lines": 13, "num_statements": 13, "percent_covered": 88.23529411764706, "percent_covered_display": "88.24", "missing_lines": 0, "excluded_lines": 0, "num_branches": 4, "num_partial_branches": 2, "covered_branches": 2, "missing_branches": 2}, "missing_lines": [], "excluded_lines": [], "executed_branches": [[132, 133], [138, 139]], "missing_branches": [[132, 138], [138, 144]]}, "analyze_factor_importance": {"executed_lines": [160, 162, 164, 165, 166, 169, 170, 171, 173], "summary": {"covered_lines": 9, "num_statements": 9, "percent_covered": 92.3076923076923, "percent_covered_display": "92.31", "missing_lines": 0, "excluded_lines": 0, "num_branches": 4, "num_partial_branches": 1, "covered_branches": 3, "missing_branches": 1}, "missing_lines": [], "excluded_lines": [], "executed_branches": [[162, 164], [162, 169], [170, 171]], "missing_branches": [[170, 173]]}, "analyze_species_compatibility_patterns": {"executed_lines": [189, 192, 196, 197, 200, 201, 202, 203, 204, 205, 211], "summary": {"covered_lines": 11, "num_statements": 11, "percent_covered": 100.0, "percent_covered_display": "100.00", "missing_lines": 0, "excluded_lines": 0, "num_branches": 4, "num_partial_branches": 0, "covered_branches": 4, "missing_branches": 0}, "missing_lines": [], "excluded_lines": [], "executed_branches": [[202, 203], [202, 211], [204, 202], [204, 205]], "missing_branches": []}, "analyze_environmental_effects": {"executed_lines": [235, 236, 239, 240, 241, 244, 245, 248, 249, 250, 252], "summary": {"covered_lines": 11, "num_statements": 11, "percent_covered": 100.0, "percent_covered_display": "100.00", "missing_lines": 0, "excluded_lines": 0, "num_branches": 0, "num_partial_branches": 0, "covered_branches": 0, "missing_branches": 0}, "missing_lines": [], "excluded_lines": [], "executed_branches": [], "missing_branches": []}, "": {"executed_lines": [1, 6, 8, 9, 11, 14, 15, 16, 17, 18, 19, 20, 21, 23, 34, 74, 110, 147, 176, 219], "summary": {"covered_lines": 18, "num_statements": 18, "percent_covered": 100.0, "percent_covered_display": "100.00", "missing_lines": 0, "excluded_lines": 0, "num_branches": 0, "num_partial_branches": 0, "covered_branches": 0, "missing_branches": 0}, "missing_lines": [], "excluded_lines": [], "executed_branches": [], "missing_branches": []}}, "classes": {"GraftOutcomeMetrics": {"executed_lines": [], "summary": {"covered_lines": 0, "num_statements": 1, "percent_covered": 0.0, "percent_covered_display": "0.00", "missing_lines": 1, "excluded_lines": 0, "num_branches": 0, "num_partial_branches": 0, "covered_branches": 0, "missing_branches": 0}, "missing_lines": [25], "excluded_lines": [], "executed_branches": [], "missing_branches": []}, "": {"executed_lines": [1, 6, 8, 9, 11, 14, 15, 16, 17, 18, 19, 20, 21, 23, 34, 49, 50, 51, 53, 54, 55, 56, 57, 59, 60, 61, 62, 63, 65, 74, 89, 91, 93, 94, 95, 96, 97, 99, 102, 103, 104, 105, 107, 110, 121, 124, 129, 132, 133, 134, 135, 138, 139, 140, 141, 142, 144, 147, 160, 162, 164, 165, 166, 169, 170, 171, 173, 176, 189, 192, 196, 197, 200, 201, 202, 203, 204, 205, 211, 219, 235, 236, 239, 240, 241, 244, 245, 248, 249, 250, 252], "summary": {"covered_lines": 89, "num_statements": 89, "percent_covered": 93.16239316239316, "percent_covered_display": "93.16", "missing_lines": 0, "excluded_lines": 0, "num_branches": 28, "num_partial_branches": 8, "covered_branches": 20, "missing_branches": 8}, "missing_lines": [], "excluded_lines": [], "executed_branches": [[54, 55], [56, 57], [60, 61], [62, 63], [91, 93], [91, 107], [94, 95], [94, 99], [96, 94], [96, 97], [102, 103], [132, 133], [138, 139], [162, 164], [162, 169], [170, 171], [202, 203], [202, 211], [204, 202], [204, 205]], "missing_branches": [[54, 59], [56, 59], [60, 65], [62, 65], [102, 107], [132, 138], [138, 144], [170, 173]]}}}, "project/src/graft_basics.py": {"executed_lines": [1, 6, 9, 27, 28, 30, 31, 32, 34, 36, 39, 57, 59, 60, 62, 63, 65, 66, 68, 71, 74, 93, 94, 97, 98, 100, 102, 103, 104, 106, 109, 112, 113, 116, 119, 121, 124, 146, 150, 152, 155, 158, 177, 178, 180, 182, 183, 184, 186, 187, 189, 191, 193, 194, 196, 198, 200, 201, 202, 203, 205, 208, 211, 229, 232, 233, 234, 235, 236, 237, 238, 239, 241, 244, 245, 247, 251, 253, 256, 276, 283, 290], "summary": {"covered_lines": 81, "num_statements": 82, "percent_covered": 98.41269841269842, "percent_covered_display": "98.41", "missing_lines": 1, "excluded_lines": 0, "num_branches": 44, "num_partial_branches": 1, "covered_branches": 43, "missing_branches": 1}, "missing_lines": [185], "excluded_lines": [], "executed_branches": [[27, 28], [27, 30], [57, 59], [57, 60], [60, 62], [60, 63], [63, 65], [63, 66], [66, 68], [66, 71], [93, 94], [93, 97], [100, 102], [100, 104], [104, 106], [104, 109], [177, 178], [177, 180], [180, 182], [180, 191], [182, 183], [182, 184], [184, 186], [186, 187], [186, 189], [191, 193], [191, 198], [193, 194], [193, 196], [198, 200], [198, 208], [200, 201], [200, 202], [202, 203], [202, 205], [232, 233], [232, 234], [234, 235], [234, 236], [236, 237], [236, 238], [238, 239], [238, 241]], "missing_branches": [[184, 185]], "functions": {"check_cambium_alignment": {"executed_lines": [27, 28, 30, 31, 32, 34, 36], "summary": {"covered_lines": 7, "num_statements": 7, "percent_covered": 100.0, "percent_covered_display": "100.00", "missing_lines": 0, "excluded_lines": 0, "num_branches": 2, "num_partial_branches": 0, "covered_branches": 2, "missing_branches": 0}, "missing_lines": [], "excluded_lines": [], "executed_branches": [[27, 28], [27, 30]], "missing_branches": []}, "calculate_graft_angle": {"executed_lines": [57, 59, 60, 62, 63, 65, 66, 68, 71], "summary": {"covered_lines": 9, "num_statements": 9, "percent_covered": 100.0, "percent_covered_display": "100.00", "missing_lines": 0, "excluded_lines": 0, "num_branches": 8, "num_partial_branches": 0, "covered_branches": 8, "missing_branches": 0}, "missing_lines": [], "excluded_lines": [], "executed_branches": [[57, 59], [57, 60], [60, 62], [60, 63], [63, 65], [63, 66], [66, 68], [66, 71]], "missing_branches": []}, "estimate_callus_formation_time": {"executed_lines": [93, 94, 97, 98, 100, 102, 103, 104, 106, 109, 112, 113, 116, 119, 121], "summary": {"covered_lines": 15, "num_statements": 15, "percent_covered": 100.0, "percent_covered_display": "100.00", "missing_lines": 0, "excluded_lines": 0, "num_branches": 6, "num_partial_branches": 0, "covered_branches": 6, "missing_branches": 0}, "missing_lines": [], "excluded_lines": [], "executed_branches": [[93, 94], [93, 97], [100, 102], [100, 104], [104, 106], [104, 109]], "missing_branches": []}, "calculate_union_strength": {"executed_lines": [146, 150, 152, 155], "summary": {"covered_lines": 4, "num_statements": 4, "percent_covered": 100.0, "percent_covered_display": "100.00", "missing_lines": 0, "excluded_lines": 0, "num_branches": 0, "num_partial_branches": 0, "covered_branches": 0, "missing_branches": 0}, "missing_lines": [], "excluded_lines": [], "executed_branches": [], "missing_branches": []}, "check_seasonal_timing": {"executed_lines": [177, 178, 180, 182, 183, 184, 186, 187, 189, 191, 193, 194, 196, 198, 200, 201, 202, 203, 205, 208], "summary": {"covered_lines": 20, "num_statements": 21, "percent_covered": 95.1219512195122, "percent_covered_display": "95.12", "missing_lines": 1, "excluded_lines": 0, "num_branches": 20, "num_partial_branches": 1, "covered_branches": 19, "missing_branches": 1}, "missing_lines": [185], "excluded_lines": [], "executed_branches": [[177, 178], [177, 180], [180, 182], [180, 191], [182, 183], [182, 184], [184, 186], [186, 187], [186, 189], [191, 193], [191, 198], [193, 194], [193, 196], [198, 200], [198, 208], [200, 201], [200, 202], [202, 203], [202, 205]], "missing_branches": [[184, 185]]}, "calculate_scion_length": {"executed_lines": [229, 232, 233, 234, 235, 236, 237, 238, 239, 241, 244, 245, 247, 251, 253], "summary": {"covered_lines": 15, "num_statements": 15, "percent_covered": 100.0, "percent_covered_display": "100.00", "missing_lines": 0, "excluded_lines": 0, "num_branches": 8, "num_partial_branches": 0, "covered_branches": 8, "missing_branches": 0}, "missing_lines": [], "excluded_lines": [], "executed_branches": [[232, 233], [232, 234], [234, 235], [234, 236], [236, 237], [236, 238], [238, 239], [238, 241]], "missing_branches": []}, "estimate_success_probability": {"executed_lines": [276, 283, 290], "summary": {"covered_lines": 3, "num_statements": 3, "percent_covered": 100.0, "percent_covered_display": "100.00", "missing_lines": 0, "excluded_lines": 0, "num_branches": 0, "num_partial_branches": 0, "covered_branches": 0, "missing_branches": 0}, "missing_lines": [], "excluded_lines": [], "executed_branches": [], "missing_branches": []}, "": {"executed_lines": [1, 6, 9, 39, 74, 124, 158, 211, 256], "summary": {"covered_lines": 8, "num_statements": 8, "percent_covered": 100.0, "percent_covered_display": "100.00", "missing_lines": 0, "excluded_lines": 0, "num_branches": 0, "num_partial_branches": 0, "covered_branches": 0, "missing_branches": 0}, "missing_lines": [], "excluded_lines": [], "executed_branches": [], "missing_branches": []}}, "classes": {"": {"executed_lines": [1, 6, 9, 27, 28, 30, 31, 32, 34, 36, 39, 57, 59, 60, 62, 63, 65, 66, 68, 71, 74, 93, 94, 97, 98, 100, 102, 103, 104, 106, 109, 112, 113, 116, 119, 121, 124, 146, 150, 152, 155, 158, 177, 178, 180, 182, 183, 184, 186, 187, 189, 191, 193, 194, 196, 198, 200, 201, 202, 203, 205, 208, 211, 229, 232, 233, 234, 235, 236, 237, 238, 239, 241, 244, 245, 247, 251, 253, 256, 276, 283, 290], "summary": {"covered_lines": 81, "num_statements": 82, "percent_covered": 98.41269841269842, "percent_covered_display": "98.41", "missing_lines": 1, "excluded_lines": 0, "num_branches": 44, "num_partial_branches": 1, "covered_branches": 43, "missing_branches": 1}, "missing_lines": [185], "excluded_lines": [], "executed_branches": [[27, 28], [27, 30], [57, 59], [57, 60], [60, 62], [60, 63], [63, 65], [63, 66], [66, 68], [66, 71], [93, 94], [93, 97], [100, 102], [100, 104], [104, 106], [104, 109], [177, 178], [177, 180], [180, 182], [180, 191], [182, 183], [182, 184], [184, 186], [186, 187], [186, 189], [191, 193], [191, 198], [193, 194], [193, 196], [198, 200], [198, 208], [200, 201], [200, 202], [202, 203], [202, 205], [232, 233], [232, 234], [234, 235], [234, 236], [236, 237], [236, 238], [238, 239], [238, 241]], "missing_branches": [[184, 185]]}}}, "project/src/graft_data_generator.py": {"executed_lines": [1, 6, 8, 10, 13, 33, 34, 37, 38, 41, 44, 45, 48, 51, 59, 62, 63, 64, 67, 68, 71, 73, 86, 105, 106, 108, 111, 114, 115, 116, 117, 120, 121, 124, 125, 128, 131, 134, 135, 136, 138, 141, 159, 160, 163, 170, 171, 174, 175, 177, 180, 187, 188, 189, 192, 193, 194, 195, 197, 199, 208, 226, 227, 230, 235, 236, 239, 240, 242, 243, 244, 245, 247, 255, 271, 272, 273, 274, 275, 278, 279, 288, 289, 290, 291, 292, 293, 294, 296], "summary": {"covered_lines": 88, "num_statements": 88, "percent_covered": 95.3125, "percent_covered_display": "95.31", "missing_lines": 0, "excluded_lines": 0, "num_branches": 40, "num_partial_branches": 6, "covered_branches": 34, "missing_branches": 6}, "missing_lines": [], "excluded_lines": [], "executed_branches": [[33, 34], [105, 106], [108, 111], [108, 134], [115, 116], [115, 120], [116, 115], [116, 117], [159, 160], [174, 175], [174, 177], [192, 193], [192, 194], [194, 195], [194, 197], [226, 227], [242, 243], [242, 247], [271, 272], [271, 278], [272, 273], [272, 278], [273, 274], [274, 272], [274, 275], [278, 279], [278, 296], [288, 289], [288, 296], [289, 288], [289, 290], [292, 293], [293, 288], [293, 294]], "missing_branches": [[33, 37], [105, 108], [159, 163], [226, 230], [273, 272], [292, 288]], "functions": {"generate_graft_trial_data": {"executed_lines": [33, 34, 37, 38, 41, 44, 45, 48, 51, 59, 62, 63, 64, 67, 68, 71, 73], "summary": {"covered_lines": 17, "num_statements": 17, "percent_covered": 94.73684210526316, "percent_covered_display": "94.74", "missing_lines": 0, "excluded_lines": 0, "num_branches": 2, "num_partial_branches": 1, "covered_branches": 1, "missing_branches": 1}, "missing_lines": [], "excluded_lines": [], "executed_branches": [[33, 34]], "missing_branches": [[33, 37]]}, "generate_compatibility_matrix": {"executed_lines": [105, 106, 108, 111, 114, 115, 116, 117, 120, 121, 124, 125, 128, 131, 134, 135, 136, 138], "summary": {"covered_lines": 18, "num_statements": 18, "percent_covered": 96.15384615384616, "percent_covered_display": "96.15", "missing_lines": 0, "excluded_lines": 0, "num_branches": 8, "num_partial_branches": 1, "covered_branches": 7, "missing_branches": 1}, "missing_lines": [], "excluded_lines": [], "executed_branches": [[105, 106], [108, 111], [108, 134], [115, 116], [115, 120], [116, 115], [116, 117]], "missing_branches": [[105, 108]]}, "generate_environmental_data": {"executed_lines": [159, 160, 163, 170, 171, 174, 175, 177, 180, 187, 188, 189, 192, 193, 194, 195, 197, 199], "summary": {"covered_lines": 18, "num_statements": 18, "percent_covered": 96.15384615384616, "percent_covered_display": "96.15", "missing_lines": 0, "excluded_lines": 0, "num_branches": 8, "num_partial_branches": 1, "covered_branches": 7, "missing_branches": 1}, "missing_lines": [], "excluded_lines": [], "executed_branches": [[159, 160], [174, 175], [174, 177], [192, 193], [192, 194], [194, 195], [194, 197]], "missing_branches": [[159, 163]]}, "generate_success_scenarios": {"executed_lines": [226, 227, 230, 235, 236, 239, 240, 242, 243, 244, 245, 247], "summary": {"covered_lines": 12, "num_statements": 12, "percent_covered": 93.75, "percent_covered_display": "93.75", "missing_lines": 0, "excluded_lines": 0, "num_branches": 4, "num_partial_branches": 1, "covered_branches": 3, "missing_branches": 1}, "missing_lines": [], "excluded_lines": [], "executed_branches": [[226, 227], [242, 243], [242, 247]], "missing_branches": [[226, 230]]}, "validate_graft_data": {"executed_lines": [271, 272, 273, 274, 275, 278, 279, 288, 289, 290, 291, 292, 293, 294, 296], "summary": {"covered_lines": 15, "num_statements": 15, "percent_covered": 93.93939393939394, "percent_covered_display": "93.94", "missing_lines": 0, "excluded_lines": 0, "num_branches": 18, "num_partial_branches": 2, "covered_branches": 16, "missing_branches": 2}, "missing_lines": [], "excluded_lines": [], "executed_branches": [[271, 272], [271, 278], [272, 273], [272, 278], [273, 274], [274, 272], [274, 275], [278, 279], [278, 296], [288, 289], [288, 296], [289, 288], [289, 290], [292, 293], [293, 288], [293, 294]], "missing_branches": [[273, 272], [292, 288]]}, "": {"executed_lines": [1, 6, 8, 10, 13, 86, 141, 208, 255], "summary": {"covered_lines": 8, "num_statements": 8, "percent_covered": 100.0, "percent_covered_display": "100.00", "missing_lines": 0, "excluded_lines": 0, "num_branches": 0, "num_partial_branches": 0, "covered_branches": 0, "missing_branches": 0}, "missing_lines": [], "excluded_lines": [], "executed_branches": [], "missing_branches": []}}, "classes": {"": {"executed_lines": [1, 6, 8, 10, 13, 33, 34, 37, 38, 41, 44, 45, 48, 51, 59, 62, 63, 64, 67, 68, 71, 73, 86, 105, 106, 108, 111, 114, 115, 116, 117, 120, 121, 124, 125, 128, 131, 134, 135, 136, 138, 141, 159, 160, 163, 170, 171, 174, 175, 177, 180, 187, 188, 189, 192, 193, 194, 195, 197, 199, 208, 226, 227, 230, 235, 236, 239, 240, 242, 243, 244, 245, 247, 255, 271, 272, 273, 274, 275, 278, 279, 288, 289, 290, 291, 292, 293, 294, 296], "summary": {"covered_lines": 88, "num_statements": 88, "percent_covered": 95.3125, "percent_covered_display": "95.31", "missing_lines": 0, "excluded_lines": 0, "num_branches": 40, "num_partial_branches": 6, "covered_branches": 34, "missing_branches": 6}, "missing_lines": [], "excluded_lines": [], "executed_branches": [[33, 34], [105, 106], [108, 111], [108, 134], [115, 116], [115, 120], [116, 115], [116, 117], [159, 160], [174, 175], [174, 177], [192, 193], [192, 194], [194, 195], [194, 197], [226, 227], [242, 243], [242, 247], [271, 272], [271, 278], [272, 273], [272, 278], [273, 274], [274, 272], [274, 275], [278, 279], [278, 296], [288, 289], [288, 296], [289, 288], [289, 290], [292, 293], [293, 288], [293, 294]], "missing_branches": [[33, 37], [105, 108], [159, 163], [226, 230], [273, 272], [292, 288]]}}}, "project/src/graft_data_processing.py": {"executed_lines": [1, 6, 8, 10, 13, 28, 31, 34, 37, 38, 41, 42, 43, 46, 47, 48, 49, 50, 51, 52, 53, 54, 58, 60, 64, 67, 80, 81, 84, 86, 87, 88, 89, 91, 92, 93, 94, 95, 97, 98, 99, 100, 101, 106, 109, 110, 113, 116, 127, 130, 131, 136, 138, 139, 141, 142, 144, 147, 148, 149, 150, 151, 152, 153, 155, 156, 158, 161, 176, 177, 180, 182, 183, 184, 185, 187, 188, 189, 190, 192, 193, 195, 196, 198, 199, 200, 202, 203, 204, 207, 209, 216, 219, 230, 239, 241, 242, 243, 244, 245, 246, 247, 248, 250, 251, 252, 253, 254, 255, 256, 257, 258, 260, 261, 262, 263, 264, 265, 271, 273], "summary": {"covered_lines": 119, "num_statements": 126, "percent_covered": 91.41414141414141, "percent_covered_display": "91.41", "missing_lines": 7, "excluded_lines": 0, "num_branches": 72, "num_partial_branches": 10, "covered_branches": 62, "missing_branches": 10}, "missing_lines": [56, 62, 104, 111, 266, 268, 269], "excluded_lines": [], "executed_branches": [[37, 38], [37, 41], [41, 42], [41, 64], [42, 43], [46, 47], [46, 60], [48, 49], [49, 50], [49, 51], [51, 52], [51, 53], [53, 54], [86, 87], [86, 109], [87, 88], [87, 106], [91, 92], [91, 97], [97, 98], [109, 110], [109, 113], [110, 109], [130, 131], [130, 136], [136, 138], [136, 147], [148, 149], [148, 150], [150, 151], [150, 152], [152, 153], [152, 155], [155, 156], [155, 158], [182, 183], [182, 207], [183, 182], [183, 184], [187, 188], [187, 198], [198, 199], [241, 242], [241, 271], [243, 244], [243, 250], [244, 241], [244, 245], [245, 246], [247, 244], [247, 248], [250, 251], [250, 260], [252, 241], [252, 253], [253, 252], [253, 254], [256, 257], [257, 252], [257, 258], [260, 261], [265, 241]], "missing_branches": [[42, 62], [48, 60], [53, 56], [97, 104], [110, 111], [198, 182], [245, 244], [256, 252], [260, 241], [265, 266]], "functions": {"clean_graft_data": {"executed_lines": [28, 31, 34, 37, 38, 41, 42, 43, 46, 47, 48, 49, 50, 51, 52, 53, 54, 58, 60, 64], "summary": {"covered_lines": 20, "num_statements": 22, "percent_covered": 86.84210526315789, "percent_covered_display": "86.84", "missing_lines": 2, "excluded_lines": 0, "num_branches": 16, "num_partial_branches": 3, "covered_branches": 13, "missing_branches": 3}, "missing_lines": [56, 62], "excluded_lines": [], "executed_branches": [[37, 38], [37, 41], [41, 42], [41, 64], [42, 43], [46, 47], [46, 60], [48, 49], [49, 50], [49, 51], [51, 52], [51, 53], [53, 54]], "missing_branches": [[42, 62], [48, 60], [53, 56]]}, "normalize_graft_parameters": {"executed_lines": [80, 81, 84, 86, 87, 88, 89, 91, 92, 93, 94, 95, 97, 98, 99, 100, 101, 106, 109, 110, 113], "summary": {"covered_lines": 21, "num_statements": 23, "percent_covered": 88.57142857142857, "percent_covered_display": "88.57", "missing_lines": 2, "excluded_lines": 0, "num_branches": 12, "num_partial_branches": 2, "covered_branches": 10, "missing_branches": 2}, "missing_lines": [104, 111], "excluded_lines": [], "executed_branches": [[86, 87], [86, 109], [87, 88], [87, 106], [91, 92], [91, 97], [97, 98], [109, 110], [109, 113], [110, 109]], "missing_branches": [[97, 104], [110, 111]]}, "extract_graft_features": {"executed_lines": [127, 130, 131, 136, 138, 139, 141, 142, 144, 147, 148, 149, 150, 151, 152, 153, 155, 156, 158], "summary": {"covered_lines": 19, "num_statements": 19, "percent_covered": 100.0, "percent_covered_display": "100.00", "missing_lines": 0, "excluded_lines": 0, "num_branches": 12, "num_partial_branches": 0, "covered_branches": 12, "missing_branches": 0}, "missing_lines": [], "excluded_lines": [], "executed_branches": [[130, 131], [130, 136], [136, 138], [136, 147], [148, 149], [148, 150], [150, 151], [150, 152], [152, 153], [152, 155], [155, 156], [155, 158]], "missing_branches": []}, "detect_outlier_trials": {"executed_lines": [176, 177, 180, 182, 183, 184, 185, 187, 188, 189, 190, 192, 193, 195, 196, 198, 199, 200, 202, 203, 204, 207, 209, 216], "summary": {"covered_lines": 24, "num_statements": 24, "percent_covered": 96.875, "percent_covered_display": "96.88", "missing_lines": 0, "excluded_lines": 0, "num_branches": 8, "num_partial_branches": 1, "covered_branches": 7, "missing_branches": 1}, "missing_lines": [], "excluded_lines": [], "executed_branches": [[182, 183], [182, 207], [183, 182], [183, 184], [187, 188], [187, 198], [198, 199]], "missing_branches": [[198, 182]]}, "create_graft_validation_pipeline": {"executed_lines": [230, 273], "summary": {"covered_lines": 2, "num_statements": 2, "percent_covered": 100.0, "percent_covered_display": "100.00", "missing_lines": 0, "excluded_lines": 0, "num_branches": 0, "num_partial_branches": 0, "covered_branches": 0, "missing_branches": 0}, "missing_lines": [], "excluded_lines": [], "executed_branches": [], "missing_branches": []}, "create_graft_validation_pipeline.pipeline": {"executed_lines": [239, 241, 242, 243, 244, 245, 246, 247, 248, 250, 251, 252, 253, 254, 255, 256, 257, 258, 260, 261, 262, 263, 264, 265, 271], "summary": {"covered_lines": 25, "num_statements": 28, "percent_covered": 86.53846153846153, "percent_covered_display": "86.54", "missing_lines": 3, "excluded_lines": 0, "num_branches": 24, "num_partial_branches": 4, "covered_branches": 20, "missing_branches": 4}, "missing_lines": [266, 268, 269], "excluded_lines": [], "executed_branches": [[241, 242], [241, 271], [243, 244], [243, 250], [244, 241], [244, 245], [245, 246], [247, 244], [247, 248], [250, 251], [250, 260], [252, 241], [252, 253], [253, 252], [253, 254], [256, 257], [257, 252], [257, 258], [260, 261], [265, 241]], "missing_branches": [[245, 244], [256, 252], [260, 241], [265, 266]]}, "": {"executed_lines": [1, 6, 8, 10, 13, 67, 116, 161, 219], "summary": {"covered_lines": 8, "num_statements": 8, "percent_covered": 100.0, "percent_covered_display": "100.00", "missing_lines": 0, "excluded_lines": 0, "num_branches": 0, "num_partial_branches": 0, "covered_branches": 0, "missing_branches": 0}, "missing_lines": [], "excluded_lines": [], "executed_branches": [], "missing_branches": []}}, "classes": {"": {"executed_lines": [1, 6, 8, 10, 13, 28, 31, 34, 37, 38, 41, 42, 43, 46, 47, 48, 49, 50, 51, 52, 53, 54, 58, 60, 64, 67, 80, 81, 84, 86, 87, 88, 89, 91, 92, 93, 94, 95, 97, 98, 99, 100, 101, 106, 109, 110, 113, 116, 127, 130, 131, 136, 138, 139, 141, 142, 144, 147, 148, 149, 150, 151, 152, 153, 155, 156, 158, 161, 176, 177, 180, 182, 183, 184, 185, 187, 188, 189, 190, 192, 193, 195, 196, 198, 199, 200, 202, 203, 204, 207, 209, 216, 219, 230, 239, 241, 242, 243, 244, 245, 246, 247, 248, 250, 251, 252, 253, 254, 255, 256, 257, 258, 260, 261, 262, 263, 264, 265, 271, 273], "summary": {"covered_lines": 119, "num_statements": 126, "percent_covered": 91.41414141414141, "percent_covered_display": "91.41", "missing_lines": 7, "excluded_lines": 0, "num_branches": 72, "num_partial_branches": 10, "covered_branches": 62, "missing_branches": 10}, "missing_lines": [56, 62, 104, 111, 266, 268, 269], "excluded_lines": [], "executed_branches": [[37, 38], [37, 41], [41, 42], [41, 64], [42, 43], [46, 47], [46, 60], [48, 49], [49, 50], [49, 51], [51, 52], [51, 53], [53, 54], [86, 87], [86, 109], [87, 88], [87, 106], [91, 92], [91, 97], [97, 98], [109, 110], [109, 113], [110, 109], [130, 131], [130, 136], [136, 138], [136, 147], [148, 149], [148, 150], [150, 151], [150, 152], [152, 153], [152, 155], [155, 156], [155, 158], [182, 183], [182, 207], [183, 182], [183, 184], [187, 188], [187, 198], [198, 199], [241, 242], [241, 271], [243, 244], [243, 250], [244, 241], [244, 245], [245, 246], [247, 244], [247, 248], [250, 251], [250, 260], [252, 241], [252, 253], [253, 252], [253, 254], [256, 257], [257, 252], [257, 258], [260, 261], [265, 241]], "missing_branches": [[42, 62], [48, 60], [53, 56], [97, 104], [110, 111], [198, 182], [245, 244], [256, 252], [260, 241], [265, 266]]}}}, "project/src/graft_metrics.py": {"executed_lines": [1, 6, 8, 10, 13, 24, 27, 42, 45, 58, 60, 62, 64, 65, 73, 82, 97, 99, 100, 102, 104, 107, 122, 123, 125, 128, 145, 146, 147, 148, 149, 150, 152, 163, 178, 179, 181, 183, 186, 199, 201, 202, 208, 209, 210, 212, 213, 215, 222, 223, 225, 232, 233, 235, 245, 248, 265, 268, 269, 272, 273, 274, 277, 278, 279, 282, 283, 284, 285, 287], "summary": {"covered_lines": 68, "num_statements": 68, "percent_covered": 100.0, "percent_covered_display": "100.00", "missing_lines": 0, "excluded_lines": 0, "num_branches": 16, "num_partial_branches": 0, "covered_branches": 16, "missing_branches": 0}, "missing_lines": [], "excluded_lines": [], "executed_branches": [[58, 60], [58, 62], [64, 65], [64, 73], [99, 100], [99, 104], [100, 99], [100, 102], [201, 202], [201, 208], [272, 273], [272, 277], [277, 278], [277, 282], [282, 283], [282, 287]], "missing_branches": [], "functions": {"calculate_success_rate": {"executed_lines": [24], "summary": {"covered_lines": 1, "num_statements": 1, "percent_covered": 100.0, "percent_covered_display": "100.00", "missing_lines": 0, "excluded_lines": 0, "num_branches": 0, "num_partial_branches": 0, "covered_branches": 0, "missing_branches": 0}, "missing_lines": [], "excluded_lines": [], "executed_branches": [], "missing_branches": []}, "calculate_take_rate": {"executed_lines": [42], "summary": {"covered_lines": 1, "num_statements": 1, "percent_covered": 100.0, "percent_covered_display": "100.00", "missing_lines": 0, "excluded_lines": 0, "num_branches": 0, "num_partial_branches": 0, "covered_branches": 0, "missing_branches": 0}, "missing_lines": [], "excluded_lines": [], "executed_branches": [], "missing_branches": []}, "calculate_union_strength_metrics": {"executed_lines": [58, 60, 62, 64, 65, 73], "summary": {"covered_lines": 6, "num_statements": 6, "percent_covered": 100.0, "percent_covered_display": "100.00", "missing_lines": 0, "excluded_lines": 0, "num_branches": 4, "num_partial_branches": 0, "covered_branches": 4, "missing_branches": 0}, "missing_lines": [], "excluded_lines": [], "executed_branches": [[58, 60], [58, 62], [64, 65], [64, 73]], "missing_branches": []}, "calculate_compatibility_score": {"executed_lines": [97, 99, 100, 102, 104], "summary": {"covered_lines": 5, "num_statements": 5, "percent_covered": 100.0, "percent_covered_display": "100.00", "missing_lines": 0, "excluded_lines": 0, "num_branches": 4, "num_partial_branches": 0, "covered_branches": 4, "missing_branches": 0}, "missing_lines": [], "excluded_lines": [], "executed_branches": [[99, 100], [99, 104], [100, 99], [100, 102]], "missing_branches": []}, "calculate_growth_rate": {"executed_lines": [122, 123, 125], "summary": {"covered_lines": 3, "num_statements": 3, "percent_covered": 100.0, "percent_covered_display": "100.00", "missing_lines": 0, "excluded_lines": 0, "num_branches": 0, "num_partial_branches": 0, "covered_branches": 0, "missing_branches": 0}, "missing_lines": [], "excluded_lines": [], "executed_branches": [], "missing_branches": []}, "calculate_economic_metrics": {"executed_lines": [145, 146, 147, 148, 149, 150, 152], "summary": {"covered_lines": 7, "num_statements": 7, "percent_covered": 100.0, "percent_covered_display": "100.00", "missing_lines": 0, "excluded_lines": 0, "num_branches": 0, "num_partial_branches": 0, "covered_branches": 0, "missing_branches": 0}, "missing_lines": [], "excluded_lines": [], "executed_branches": [], "missing_branches": []}, "calculate_quality_index": {"executed_lines": [178, 179, 181, 183], "summary": {"covered_lines": 4, "num_statements": 4, "percent_covered": 100.0, "percent_covered_display": "100.00", "missing_lines": 0, "excluded_lines": 0, "num_branches": 0, "num_partial_branches": 0, "covered_branches": 0, "missing_branches": 0}, "missing_lines": [], "excluded_lines": [], "executed_branches": [], "missing_branches": []}, "calculate_healing_efficiency": {"executed_lines": [199, 201, 202, 208, 209, 210, 212, 213, 215], "summary": {"covered_lines": 9, "num_statements": 9, "percent_covered": 100.0, "percent_covered_display": "100.00", "missing_lines": 0, "excluded_lines": 0, "num_branches": 2, "num_partial_branches": 0, "covered_branches": 2, "missing_branches": 0}, "missing_lines": [], "excluded_lines": [], "executed_branches": [[201, 202], [201, 208]], "missing_branches": []}, "GraftCustomMetric.__init__": {"executed_lines": [232, 233], "summary": {"covered_lines": 2, "num_statements": 2, "percent_covered": 100.0, "percent_covered_display": "100.00", "missing_lines": 0, "excluded_lines": 0, "num_branches": 0, "num_partial_branches": 0, "covered_branches": 0, "missing_branches": 0}, "missing_lines": [], "excluded_lines": [], "executed_branches": [], "missing_branches": []}, "GraftCustomMetric.calculate": {"executed_lines": [245], "summary": {"covered_lines": 1, "num_statements": 1, "percent_covered": 100.0, "percent_covered_display": "100.00", "missing_lines": 0, "excluded_lines": 0, "num_branches": 0, "num_partial_branches": 0, "covered_branches": 0, "missing_branches": 0}, "missing_lines": [], "excluded_lines": [], "executed_branches": [], "missing_branches": []}, "calculate_all_graft_metrics": {"executed_lines": [265, 268, 269, 272, 273, 274, 277, 278, 279, 282, 283, 284, 285, 287], "summary": {"covered_lines": 14, "num_statements": 14, "percent_covered": 100.0, "percent_covered_display": "100.00", "missing_lines": 0, "excluded_lines": 0, "num_branches": 6, "num_partial_branches": 0, "covered_branches": 6, "missing_branches": 0}, "missing_lines": [], "excluded_lines": [], "executed_branches": [[272, 273], [272, 277], [277, 278], [277, 282], [282, 283], [282, 287]], "missing_branches": []}, "": {"executed_lines": [1, 6, 8, 10, 13, 27, 45, 82, 107, 128, 163, 186, 222, 223, 225, 235, 248], "summary": {"covered_lines": 15, "num_statements": 15, "percent_covered": 100.0, "percent_covered_display": "100.00", "missing_lines": 0, "excluded_lines": 0, "num_branches": 0, "num_partial_branches": 0, "covered_branches": 0, "missing_branches": 0}, "missing_lines": [], "excluded_lines": [], "executed_branches": [], "missing_branches": []}}, "classes": {"GraftCustomMetric": {"executed_lines": [232, 233, 245], "summary": {"covered_lines": 3, "num_statements": 3, "percent_covered": 100.0, "percent_covered_display": "100.00", "missing_lines": 0, "excluded_lines": 0, "num_branches": 0, "num_partial_branches": 0, "covered_branches": 0, "missing_branches": 0}, "missing_lines": [], "excluded_lines": [], "executed_branches": [], "missing_branches": []}, "": {"executed_lines": [1, 6, 8, 10, 13, 24, 27, 42, 45, 58, 60, 62, 64, 65, 73, 82, 97, 99, 100, 102, 104, 107, 122, 123, 125, 128, 145, 146, 147, 148, 149, 150, 152, 163, 178, 179, 181, 183, 186, 199, 201, 202, 208, 209, 210, 212, 213, 215, 222, 223, 225, 235, 248, 265, 268, 269, 272, 273, 274, 277, 278, 279, 282, 283, 284, 285, 287], "summary": {"covered_lines": 65, "num_statements": 65, "percent_covered": 100.0, "percent_covered_display": "100.00", "missing_lines": 0, "excluded_lines": 0, "num_branches": 16, "num_partial_branches": 0, "covered_branches": 16, "missing_branches": 0}, "missing_lines": [], "excluded_lines": [], "executed_branches": [[58, 60], [58, 62], [64, 65], [64, 73], [99, 100], [99, 104], [100, 99], [100, 102], [201, 202], [201, 208], [272, 273], [272, 277], [277, 278], [277, 282], [282, 283], [282, 287]], "missing_branches": []}}}, "project/src/graft_parameters.py": {"executed_lines": [1, 7, 9, 10, 11, 12, 15, 16, 17, 18, 19, 20, 21, 23, 33, 34, 37, 38, 41, 42, 43, 44, 45, 47, 50, 51, 52, 53, 54, 55, 56, 58, 75, 76, 77, 78, 79, 80, 81, 82, 83, 85, 95, 96, 97, 99, 101, 107, 109, 110, 111, 112, 113, 114, 116, 118, 126, 127, 135, 145, 146, 161, 167, 170, 178, 187, 195, 203, 212, 223, 232, 240, 251, 254, 255, 257, 263, 264, 266, 273, 275, 281, 284, 285, 288, 289, 291, 294, 295, 297, 299, 301, 307, 310, 311, 312, 313], "summary": {"covered_lines": 93, "num_statements": 104, "percent_covered": 90.0, "percent_covered_display": "90.00", "missing_lines": 11, "excluded_lines": 0, "num_branches": 36, "num_partial_branches": 3, "covered_branches": 33, "missing_branches": 3}, "missing_lines": [98, 120, 129, 141, 142, 143, 155, 156, 157, 158, 308], "excluded_lines": [], "executed_branches": [[33, 34], [33, 37], [37, 38], [37, 41], [41, 42], [41, 47], [42, 43], [42, 44], [44, 45], [44, 47], [76, 77], [76, 78], [78, 79], [78, 80], [80, -58], [80, 81], [81, 82], [81, 83], [95, 96], [95, 97], [97, 99], [109, 110], [109, 116], [110, 111], [113, 109], [113, 114], [289, 291], [289, 299], [294, 295], [294, 297], [307, 310], [311, 312], [311, 313]], "missing_branches": [[97, 98], [110, 109], [307, 308]], "functions": {"GraftParameterConstraint.validate": {"executed_lines": [33, 34, 37, 38, 41, 42, 43, 44, 45, 47], "summary": {"covered_lines": 10, "num_statements": 10, "percent_covered": 100.0, "percent_covered_display": "100.00", "missing_lines": 0, "excluded_lines": 0, "num_branches": 10, "num_partial_branches": 0, "covered_branches": 10, "missing_branches": 0}, "missing_lines": [], "excluded_lines": [], "executed_branches": [[33, 34], [33, 37], [37, 38], [37, 41], [41, 42], [41, 47], [42, 43], [42, 44], [44, 45], [44, 47]], "missing_branches": []}, "GraftParameterSet.add_parameter": {"executed_lines": [75, 76, 77, 78, 79, 80, 81, 82, 83], "summary": {"covered_lines": 9, "num_statements": 9, "percent_covered": 100.0, "percent_covered_display": "100.00", "missing_lines": 0, "excluded_lines": 0, "num_branches": 8, "num_partial_branches": 0, "covered_branches": 8, "missing_branches": 0}, "missing_lines": [], "excluded_lines": [], "executed_branches": [[76, 77], [76, 78], [78, 79], [78, 80], [80, -58], [80, 81], [81, 82], [81, 83]], "missing_branches": []}, "GraftParameterSet.get": {"executed_lines": [95, 96, 97, 99], "summary": {"covered_lines": 4, "num_statements": 5, "percent_covered": 77.77777777777777, "percent_covered_display": "77.78", "missing_lines": 1, "excluded_lines": 0, "num_branches": 4, "num_partial_branches": 1, "covered_branches": 3, "missing_branches": 1}, "missing_lines": [98], "excluded_lines": [], "executed_branches": [[95, 96], [95, 97], [97, 99]], "missing_branches": [[97, 98]]}, "GraftParameterSet.validate": {"executed_lines": [107, 109, 110, 111, 112, 113, 114, 116], "summary": {"covered_lines": 8, "num_statements": 8, "percent_covered": 92.85714285714286, "percent_covered_display": "92.86", "missing_lines": 0, "excluded_lines": 0, "num_branches": 6, "num_partial_branches": 1, "covered_branches": 5, "missing_branches": 1}, "missing_lines": [], "excluded_lines": [], "executed_branches": [[109, 110], [109, 116], [110, 111], [113, 109], [113, 114]], "missing_branches": [[110, 109]]}, "GraftParameterSet.to_dict": {"executed_lines": [], "summary": {"covered_lines": 0, "num_statements": 1, "percent_covered": 0.0, "percent_covered_display": "0.00", "missing_lines": 1, "excluded_lines": 0, "num_branches": 0, "num_partial_branches": 0, "covered_branches": 0, "missing_branches": 0}, "missing_lines": [120], "excluded_lines": [], "executed_branches": [], "missing_branches": []}, "GraftParameterSet.from_dict": {"executed_lines": [], "summary": {"covered_lines": 0, "num_statements": 1, "percent_covered": 0.0, "percent_covered_display": "0.00", "missing_lines": 1, "excluded_lines": 0, "num_branches": 0, "num_partial_branches": 0, "covered_branches": 0, "missing_branches": 0}, "missing_lines": [129], "excluded_lines": [], "executed_branches": [], "missing_branches": []}, "GraftParameterSet.save": {"executed_lines": [], "summary": {"covered_lines": 0, "num_statements": 3, "percent_covered": 0.0, "percent_covered_display": "0.00", "missing_lines": 3, "excluded_lines": 0, "num_branches": 0, "num_partial_branches": 0, "covered_branches": 0, "missing_branches": 0}, "missing_lines": [141, 142, 143], "excluded_lines": [], "executed_branches": [], "missing_branches": []}, "GraftParameterSet.load": {"executed_lines": [], "summary": {"covered_lines": 0, "num_statements": 4, "percent_covered": 0.0, "percent_covered_display": "0.00", "missing_lines": 4, "excluded_lines": 0, "num_branches": 0, "num_partial_branches": 0, "covered_branches": 0, "missing_branches": 0}, "missing_lines": [155, 156, 157, 158], "excluded_lines": [], "executed_branches": [], "missing_branches": []}, "create_default_graft_parameters": {"executed_lines": [167, 170, 178, 187, 195, 203, 212, 223, 232, 240, 251], "summary": {"covered_lines": 11, "num_statements": 11, "percent_covered": 100.0, "percent_covered_display": "100.00", "missing_lines": 0, "excluded_lines": 0, "num_branches": 0, "num_partial_branches": 0, "covered_branches": 0, "missing_branches": 0}, "missing_lines": [], "excluded_lines": [], "executed_branches": [], "missing_branches": []}, "GraftParameterSweep.__init__": {"executed_lines": [263, 264], "summary": {"covered_lines": 2, "num_statements": 2, "percent_covered": 100.0, "percent_covered_display": "100.00", "missing_lines": 0, "excluded_lines": 0, "num_branches": 0, "num_partial_branches": 0, "covered_branches": 0, "missing_branches": 0}, "missing_lines": [], "excluded_lines": [], "executed_branches": [], "missing_branches": []}, "GraftParameterSweep.add_sweep": {"executed_lines": [273], "summary": {"covered_lines": 1, "num_statements": 1, "percent_covered": 100.0, "percent_covered_display": "100.00", "missing_lines": 0, "excluded_lines": 0, "num_branches": 0, "num_partial_branches": 0, "covered_branches": 0, "missing_branches": 0}, "missing_lines": [], "excluded_lines": [], "executed_branches": [], "missing_branches": []}, "GraftParameterSweep.generate_combinations": {"executed_lines": [281, 284, 285, 288, 289, 291, 294, 295, 297, 299], "summary": {"covered_lines": 10, "num_statements": 10, "percent_covered": 100.0, "percent_covered_display": "100.00", "missing_lines": 0, "excluded_lines": 0, "num_branches": 4, "num_partial_branches": 0, "covered_branches": 4, "missing_branches": 0}, "missing_lines": [], "excluded_lines": [], "executed_branches": [[289, 291], [289, 299], [294, 295], [294, 297]], "missing_branches": []}, "GraftParameterSweep.get_sweep_size": {"executed_lines": [307, 310, 311, 312, 313], "summary": {"covered_lines": 5, "num_statements": 6, "percent_covered": 80.0, "percent_covered_display": "80.00", "missing_lines": 1, "excluded_lines": 0, "num_branches": 4, "num_partial_branches": 1, "covered_branches": 3, "missing_branches": 1}, "missing_lines": [308], "excluded_lines": [], "executed_branches": [[307, 310], [311, 312], [311, 313]], "missing_branches": [[307, 308]]}, "": {"executed_lines": [1, 7, 9, 10, 11, 12, 15, 16, 17, 18, 19, 20, 21, 23, 50, 51, 52, 53, 54, 55, 56, 58, 85, 101, 118, 126, 127, 135, 145, 146, 161, 254, 255, 257, 266, 275, 301], "summary": {"covered_lines": 33, "num_statements": 33, "percent_covered": 100.0, "percent_covered_display": "100.00", "missing_lines": 0, "excluded_lines": 0, "num_branches": 0, "num_partial_branches": 0, "covered_branches": 0, "missing_branches": 0}, "missing_lines": [], "excluded_lines": [], "executed_branches": [], "missing_branches": []}}, "classes": {"GraftParameterConstraint": {"executed_lines": [33, 34, 37, 38, 41, 42, 43, 44, 45, 47], "summary": {"covered_lines": 10, "num_statements": 10, "percent_covered": 100.0, "percent_covered_display": "100.00", "missing_lines": 0, "excluded_lines": 0, "num_branches": 10, "num_partial_branches": 0, "covered_branches": 10, "missing_branches": 0}, "missing_lines": [], "excluded_lines": [], "executed_branches": [[33, 34], [33, 37], [37, 38], [37, 41], [41, 42], [41, 47], [42, 43], [42, 44], [44, 45], [44, 47]], "missing_branches": []}, "GraftParameterSet": {"executed_lines": [75, 76, 77, 78, 79, 80, 81, 82, 83, 95, 96, 97, 99, 107, 109, 110, 111, 112, 113, 114, 116], "summary": {"covered_lines": 21, "num_statements": 31, "percent_covered": 75.51020408163265, "percent_covered_display": "75.51", "missing_lines": 10, "excluded_lines": 0, "num_branches": 18, "num_partial_branches": 2, "covered_branches": 16, "missing_branches": 2}, "missing_lines": [98, 120, 129, 141, 142, 143, 155, 156, 157, 158], "excluded_lines": [], "executed_branches": [[76, 77], [76, 78], [78, 79], [78, 80], [80, -58], [80, 81], [81, 82], [81, 83], [95, 96], [95, 97], [97, 99], [109, 110], [109, 116], [110, 111], [113, 109], [113, 114]], "missing_branches": [[97, 98], [110, 109]]}, "GraftParameterSweep": {"executed_lines": [263, 264, 273, 281, 284, 285, 288, 289, 291, 294, 295, 297, 299, 307, 310, 311, 312, 313], "summary": {"covered_lines": 18, "num_statements": 19, "percent_covered": 92.5925925925926, "percent_covered_display": "92.59", "missing_lines": 1, "excluded_lines": 0, "num_branches": 8, "num_partial_branches": 1, "covered_branches": 7, "missing_branches": 1}, "missing_lines": [308], "excluded_lines": [], "executed_branches": [[289, 291], [289, 299], [294, 295], [294, 297], [307, 310], [311, 312], [311, 313]], "missing_branches": [[307, 308]]}, "": {"executed_lines": [1, 7, 9, 10, 11, 12, 15, 16, 17, 18, 19, 20, 21, 23, 50, 51, 52, 53, 54, 55, 56, 58, 85, 101, 118, 126, 127, 135, 145, 146, 161, 167, 170, 178, 187, 195, 203, 212, 223, 232, 240, 251, 254, 255, 257, 266, 275, 301], "summary": {"covered_lines": 44, "num_statements": 44, "percent_covered": 100.0, "percent_covered_display": "100.00", "missing_lines": 0, "excluded_lines": 0, "num_branches": 0, "num_partial_branches": 0, "covered_branches": 0, "missing_branches": 0}, "missing_lines": [], "excluded_lines": [], "executed_branches": [], "missing_branches": []}}}, "project/src/graft_plots.py": {"executed_lines": [1, 6, 8, 10, 11, 12, 14, 17, 34, 35, 37, 38, 39, 40, 41, 44, 45, 46, 49, 52, 69, 70, 72, 75, 76, 77, 79, 80, 81, 82, 85, 86, 88, 89, 90, 92, 95, 114, 115, 117, 118, 119, 120, 121, 122, 124, 127, 130, 149, 150, 153, 154, 155, 157, 158, 159, 160, 161, 162, 163, 165, 167, 168, 169, 170, 171, 172, 174, 177, 194, 195, 197, 198, 199, 201, 202, 203, 204, 205, 206, 211, 212, 213, 214, 215, 216, 217, 219, 222, 241, 242, 244, 245, 246, 247, 248, 249, 251, 254, 257, 276, 277, 280, 283, 284, 285, 288, 289, 292, 293, 294, 295, 297], "summary": {"covered_lines": 112, "num_statements": 116, "percent_covered": 90.54054054054055, "percent_covered_display": "90.54", "missing_lines": 4, "excluded_lines": 0, "num_branches": 32, "num_partial_branches": 10, "covered_branches": 22, "missing_branches": 10}, "missing_lines": [125, 208, 209, 252], "excluded_lines": [], "executed_branches": [[34, 35], [44, 45], [44, 49], [69, 70], [76, 77], [76, 79], [114, 115], [124, 127], [149, 150], [158, 159], [158, 167], [160, 161], [160, 162], [162, 163], [162, 165], [194, 195], [201, 202], [201, 211], [203, 204], [241, 242], [251, 254], [276, 277]], "missing_branches": [[34, 37], [69, 72], [114, 117], [124, 125], [149, 153], [194, 197], [203, 208], [241, 244], [251, 252], [276, 280]], "functions": {"plot_success_rates": {"executed_lines": [34, 35, 37, 38, 39, 40, 41, 44, 45, 46, 49], "summary": {"covered_lines": 11, "num_statements": 11, "percent_covered": 93.33333333333333, "percent_covered_display": "93.33", "missing_lines": 0, "excluded_lines": 0, "num_branches": 4, "num_partial_branches": 1, "covered_branches": 3, "missing_branches": 1}, "missing_lines": [], "excluded_lines": [], "executed_branches": [[34, 35], [44, 45], [44, 49]], "missing_branches": [[34, 37]]}, "plot_compatibility_matrix": {"executed_lines": [69, 70, 72, 75, 76, 77, 79, 80, 81, 82, 85, 86, 88, 89, 90, 92], "summary": {"covered_lines": 16, "num_statements": 16, "percent_covered": 95.0, "percent_covered_display": "95.00", "missing_lines": 0, "excluded_lines": 0, "num_branches": 4, "num_partial_branches": 1, "covered_branches": 3, "missing_branches": 1}, "missing_lines": [], "excluded_lines": [], "executed_branches": [[69, 70], [76, 77], [76, 79]], "missing_branches": [[69, 72]]}, "plot_healing_timeline": {"executed_lines": [114, 115, 117, 118, 119, 120, 121, 122, 124, 127], "summary": {"covered_lines": 10, "num_statements": 11, "percent_covered": 80.0, "percent_covered_display": "80.00", "missing_lines": 1, "excluded_lines": 0, "num_branches": 4, "num_partial_branches": 2, "covered_branches": 2, "missing_branches": 2}, "missing_lines": [125], "excluded_lines": [], "executed_branches": [[114, 115], [124, 127]], "missing_branches": [[114, 117], [124, 125]]}, "plot_success_by_factor": {"executed_lines": [149, 150, 153, 154, 155, 157, 158, 159, 160, 161, 162, 163, 165, 167, 168, 169, 170, 171, 172, 174], "summary": {"covered_lines": 20, "num_statements": 20, "percent_covered": 96.42857142857143, "percent_covered_display": "96.43", "missing_lines": 0, "excluded_lines": 0, "num_branches": 8, "num_partial_branches": 1, "covered_branches": 7, "missing_branches": 1}, "missing_lines": [], "excluded_lines": [], "executed_branches": [[149, 150], [158, 159], [158, 167], [160, 161], [160, 162], [162, 163], [162, 165]], "missing_branches": [[149, 153]]}, "plot_technique_comparison": {"executed_lines": [194, 195, 197, 198, 199, 201, 202, 203, 204, 205, 206, 211, 212, 213, 214, 215, 216, 217, 219], "summary": {"covered_lines": 19, "num_statements": 21, "percent_covered": 85.18518518518519, "percent_covered_display": "85.19", "missing_lines": 2, "excluded_lines": 0, "num_branches": 6, "num_partial_branches": 2, "covered_branches": 4, "missing_branches": 2}, "missing_lines": [208, 209], "excluded_lines": [], "executed_branches": [[194, 195], [201, 202], [201, 211], [203, 204]], "missing_branches": [[194, 197], [203, 208]]}, "plot_survival_curve": {"executed_lines": [241, 242, 244, 245, 246, 247, 248, 249, 251, 254], "summary": {"covered_lines": 10, "num_statements": 11, "percent_covered": 80.0, "percent_covered_display": "80.00", "missing_lines": 1, "excluded_lines": 0, "num_branches": 4, "num_partial_branches": 2, "covered_branches": 2, "missing_branches": 2}, "missing_lines": [252], "excluded_lines": [], "executed_branches": [[241, 242], [251, 254]], "missing_branches": [[241, 244], [251, 252]]}, "plot_environmental_effects": {"executed_lines": [276, 277, 280, 283, 284, 285, 288, 289, 292, 293, 294, 295, 297], "summary": {"covered_lines": 13, "num_statements": 13, "percent_covered": 93.33333333333333, "percent_covered_display": "93.33", "missing_lines": 0, "excluded_lines": 0, "num_branches": 2, "num_partial_branches": 1, "covered_branches": 1, "missing_branches": 1}, "missing_lines": [], "excluded_lines": [], "executed_branches": [[276, 277]], "missing_branches": [[276, 280]]}, "": {"executed_lines": [1, 6, 8, 10, 11, 12, 14, 17, 52, 95, 130, 177, 222, 257], "summary": {"covered_lines": 13, "num_statements": 13, "percent_covered": 100.0, "percent_covered_display": "100.00", "missing_lines": 0, "excluded_lines": 0, "num_branches": 0, "num_partial_branches": 0, "covered_branches": 0, "missing_branches": 0}, "missing_lines": [], "excluded_lines": [], "executed_branches": [], "missing_branches": []}}, "classes": {"": {"executed_lines": [1, 6, 8, 10, 11, 12, 14, 17, 34, 35, 37, 38, 39, 40, 41, 44, 45, 46, 49, 52, 69, 70, 72, 75, 76, 77, 79, 80, 81, 82, 85, 86, 88, 89, 90, 92, 95, 114, 115, 117, 118, 119, 120, 121, 122, 124, 127, 130, 149, 150, 153, 154, 155, 157, 158, 159, 160, 161, 162, 163, 165, 167, 168, 169, 170, 171, 172, 174, 177, 194, 195, 197, 198, 199, 201, 202, 203, 204, 205, 206, 211, 212, 213, 214, 215, 216, 217, 219, 222, 241, 242, 244, 245, 246, 247, 248, 249, 251, 254, 257, 276, 277, 280, 283, 284, 285, 288, 289, 292, 293, 294, 295, 297], "summary": {"covered_lines": 112, "num_statements": 116, "percent_covered": 90.54054054054055, "percent_covered_display": "90.54", "missing_lines": 4, "excluded_lines": 0, "num_branches": 32, "num_partial_branches": 10, "covered_branches": 22, "missing_branches": 10}, "missing_lines": [125, 208, 209, 252], "excluded_lines": [], "executed_branches": [[34, 35], [44, 45], [44, 49], [69, 70], [76, 77], [76, 79], [114, 115], [124, 127], [149, 150], [158, 159], [158, 167], [160, 161], [160, 162], [162, 163], [162, 165], [194, 195], [201, 202], [201, 211], [203, 204], [241, 242], [251, 254], [276, 277]], "missing_branches": [[34, 37], [69, 72], [114, 117], [124, 125], [149, 153], [194, 197], [203, 208], [241, 244], [251, 252], [276, 280]]}}}, "project/src/graft_reporting.py": {"executed_lines": [1, 6, 8, 9, 10, 11, 13, 16, 17, 19, 25, 26, 28, 44, 45, 47, 49, 59, 60, 63, 64, 68, 69, 70, 73, 74, 78, 81, 82, 86, 87, 90, 91, 93, 95, 113, 115, 117, 132, 133, 135, 137, 139, 140, 142, 144, 145, 146, 147, 149, 150, 151, 153, 155, 156, 157, 158, 159, 160, 161, 163, 164, 165, 167, 169, 176, 177, 179, 180], "summary": {"covered_lines": 67, "num_statements": 67, "percent_covered": 97.89473684210526, "percent_covered_display": "97.89", "missing_lines": 0, "excluded_lines": 0, "num_branches": 28, "num_partial_branches": 2, "covered_branches": 26, "missing_branches": 2}, "missing_lines": [], "excluded_lines": [], "executed_branches": [[44, 45], [44, 47], [59, 60], [63, 64], [63, 73], [68, 69], [68, 70], [73, 74], [73, 81], [81, 82], [81, 90], [86, 87], [86, 90], [132, 133], [145, 146], [145, 150], [146, 147], [146, 149], [156, 157], [156, 165], [159, 160], [159, 163], [160, 161], [160, 164], [176, 177], [176, 179]], "missing_branches": [[59, 63], [132, 135]], "functions": {"GraftReportGenerator.__init__": {"executed_lines": [25, 26], "summary": {"covered_lines": 2, "num_statements": 2, "percent_covered": 100.0, "percent_covered_display": "100.00", "missing_lines": 0, "excluded_lines": 0, "num_branches": 0, "num_partial_branches": 0, "covered_branches": 0, "missing_branches": 0}, "missing_lines": [], "excluded_lines": [], "executed_branches": [], "missing_branches": []}, "GraftReportGenerator.generate_markdown_report": {"executed_lines": [44, 45, 47, 49, 59, 60, 63, 64, 68, 69, 70, 73, 74, 78, 81, 82, 86, 87, 90, 91, 93], "summary": {"covered_lines": 21, "num_statements": 21, "percent_covered": 97.14285714285714, "percent_covered_display": "97.14", "missing_lines": 0, "excluded_lines": 0, "num_branches": 14, "num_partial_branches": 1, "covered_branches": 13, "missing_branches": 1}, "missing_lines": [], "excluded_lines": [], "executed_branches": [[44, 45], [44, 47], [59, 60], [63, 64], [63, 73], [68, 69], [68, 70], [73, 74], [73, 81], [81, 82], [81, 90], [86, 87], [86, 90]], "missing_branches": [[59, 63]]}, "GraftReportGenerator.generate_trial_report": {"executed_lines": [113, 115, 117, 132, 133, 135], "summary": {"covered_lines": 6, "num_statements": 6, "percent_covered": 87.5, "percent_covered_display": "87.50", "missing_lines": 0, "excluded_lines": 0, "num_branches": 2, "num_partial_branches": 1, "covered_branches": 1, "missing_branches": 1}, "missing_lines": [], "excluded_lines": [], "executed_branches": [[132, 133]], "missing_branches": [[132, 135]]}, "GraftReportGenerator._get_timestamp": {"executed_lines": [139, 140], "summary": {"covered_lines": 2, "num_statements": 2, "percent_covered": 100.0, "percent_covered_display": "100.00", "missing_lines": 0, "excluded_lines": 0, "num_branches": 0, "num_partial_branches": 0, "covered_branches": 0, "missing_branches": 0}, "missing_lines": [], "excluded_lines": [], "executed_branches": [], "missing_branches": []}, "GraftReportGenerator._format_summary": {"executed_lines": [144, 145, 146, 147, 149, 150, 151], "summary": {"covered_lines": 7, "num_statements": 7, "percent_covered": 100.0, "percent_covered_display": "100.00", "missing_lines": 0, "excluded_lines": 0, "num_branches": 4, "num_partial_branches": 0, "covered_branches": 4, "missing_branches": 0}, "missing_lines": [], "excluded_lines": [], "executed_branches": [[145, 146], [145, 150], [146, 147], [146, 149]], "missing_branches": []}, "GraftReportGenerator._format_details": {"executed_lines": [155, 156, 157, 158, 159, 160, 161, 163, 164, 165], "summary": {"covered_lines": 10, "num_statements": 10, "percent_covered": 100.0, "percent_covered_display": "100.00", "missing_lines": 0, "excluded_lines": 0, "num_branches": 6, "num_partial_branches": 0, "covered_branches": 6, "missing_branches": 0}, "missing_lines": [], "excluded_lines": [], "executed_branches": [[156, 157], [156, 165], [159, 160], [159, 163], [160, 161], [160, 164]], "missing_branches": []}, "GraftReportGenerator._format_table": {"executed_lines": [169, 176, 177, 179, 180], "summary": {"covered_lines": 5, "num_statements": 5, "percent_covered": 100.0, "percent_covered_display": "100.00", "missing_lines": 0, "excluded_lines": 0, "num_branches": 2, "num_partial_branches": 0, "covered_branches": 2, "missing_branches": 0}, "missing_lines": [], "excluded_lines": [], "executed_branches": [[176, 177], [176, 179]], "missing_branches": []}, "": {"executed_lines": [1, 6, 8, 9, 10, 11, 13, 16, 17, 19, 28, 95, 137, 142, 153, 167], "summary": {"covered_lines": 14, "num_statements": 14, "percent_covered": 100.0, "percent_covered_display": "100.00", "missing_lines": 0, "excluded_lines": 0, "num_branches": 0, "num_partial_branches": 0, "covered_branches": 0, "missing_branches": 0}, "missing_lines": [], "excluded_lines": [], "executed_branches": [], "missing_branches": []}}, "classes": {"GraftReportGenerator": {"executed_lines": [25, 26, 44, 45, 47, 49, 59, 60, 63, 64, 68, 69, 70, 73, 74, 78, 81, 82, 86, 87, 90, 91, 93, 113, 115, 117, 132, 133, 135, 139, 140, 144, 145, 146, 147, 149, 150, 151, 155, 156, 157, 158, 159, 160, 161, 163, 164, 165, 169, 176, 177, 179, 180], "summary": {"covered_lines": 53, "num_statements": 53, "percent_covered": 97.53086419753086, "percent_covered_display": "97.53", "missing_lines": 0, "excluded_lines": 0, "num_branches": 28, "num_partial_branches": 2, "covered_branches": 26, "missing_branches": 2}, "missing_lines": [], "excluded_lines": [], "executed_branches": [[44, 45], [44, 47], [59, 60], [63, 64], [63, 73], [68, 69], [68, 70], [73, 74], [73, 81], [81, 82], [81, 90], [86, 87], [86, 90], [132, 133], [145, 146], [145, 150], [146, 147], [146, 149], [156, 157], [156, 165], [159, 160], [159, 163], [160, 161], [160, 164], [176, 177], [176, 179]], "missing_branches": [[59, 63], [132, 135]]}, "": {"executed_lines": [1, 6, 8, 9, 10, 11, 13, 16, 17, 19, 28, 95, 137, 142, 153, 167], "summary": {"covered_lines": 14, "num_statements": 14, "percent_covered": 100.0, "percent_covered_display": "100.00", "missing_lines": 0, "excluded_lines": 0, "num_branches": 0, "num_partial_branches": 0, "covered_branches": 0, "missing_branches": 0}, "missing_lines": [], "excluded_lines": [], "executed_branches": [], "missing_branches": []}}}, "project/src/graft_statistics.py": {"executed_lines": [1, 6, 8, 9, 11, 14, 15, 16, 17, 18, 19, 20, 21, 22, 23, 24, 25, 27, 29, 39, 40, 41, 44, 59, 62, 63, 76, 77, 78, 79, 91, 105, 108, 121, 122, 123, 126, 127, 129, 132, 133, 135, 144, 158, 159, 160, 162, 164, 165, 171, 172, 173, 175, 183, 197, 198, 199, 202, 203, 205, 206, 207, 209, 211, 218, 231, 232, 235, 237, 238, 240, 241, 243, 246, 258, 259, 260, 263, 265, 268, 270, 273, 274, 275, 278, 280], "summary": {"covered_lines": 84, "num_statements": 88, "percent_covered": 91.34615384615384, "percent_covered_display": "91.35", "missing_lines": 4, "excluded_lines": 0, "num_branches": 16, "num_partial_branches": 3, "covered_branc
[...]
 157], [157, 158], [157, 161]], "missing_branches": []}, "calculate_dwarfing_effect": {"executed_lines": [186, 187], "summary": {"covered_lines": 2, "num_statements": 2, "percent_covered": 100.0, "percent_covered_display": "100.00", "missing_lines": 0, "excluded_lines": 0, "num_branches": 0, "num_partial_branches": 0, "covered_branches": 0, "missing_branches": 0}, "missing_lines": [], "excluded_lines": [], "executed_branches": [], "missing_branches": []}, "": {"executed_lines": [1, 6, 8, 10, 13, 14, 16, 39, 51, 103, 137, 173], "summary": {"covered_lines": 10, "num_statements": 10, "percent_covered": 100.0, "percent_covered_display": "100.00", "missing_lines": 0, "excluded_lines": 0, "num_branches": 0, "num_partial_branches": 0, "covered_branches": 0, "missing_branches": 0}, "missing_lines": [], "excluded_lines": [], "executed_branches": [], "missing_branches": []}}, "classes": {"RootstockProfile": {"executed_lines": [33, 34, 35, 36, 37, 45, 48], "summary": {"covered_lines": 7, "num_statements": 8, "percent_covered": 80.0, "percent_covered_display": "80.00", "missing_lines": 1, "excluded_lines": 0, "num_branches": 2, "num_partial_branches": 1, "covered_branches": 1, "missing_branches": 1}, "missing_lines": [46], "excluded_lines": [], "executed_branches": [[45, 48]], "missing_branches": [[45, 46]]}, "": {"executed_lines": [1, 6, 8, 10, 13, 14, 16, 39, 51, 68, 71, 72, 73, 76, 77, 78, 80, 83, 84, 87, 88, 91, 98, 100, 103, 120, 121, 122, 124, 125, 129, 130, 131, 132, 134, 137, 150, 151, 154, 155, 156, 157, 158, 159, 161, 162, 164, 173, 186, 187], "summary": {"covered_lines": 48, "num_statements": 48, "percent_covered": 100.0, "percent_covered_display": "100.00", "missing_lines": 0, "excluded_lines": 0, "num_branches": 8, "num_partial_branches": 0, "covered_branches": 8, "missing_branches": 0}, "missing_lines": [], "excluded_lines": [], "executed_branches": [[124, 125], [124, 134], [129, 124], [129, 130], [154, 155], [154, 157], [157, 158], [157, 161]], "missing_branches": []}}}, "project/src/seasonal_planning.py": {"executed_lines": [1, 6, 8, 10, 13, 28, 29, 30, 32, 33, 35, 36, 37, 38, 43, 46, 61, 66, 67, 69, 71, 72, 74, 76, 79, 92, 93, 94, 95, 96, 97, 98, 99, 100, 102, 103, 105, 106, 107, 109, 110, 112, 114, 117, 132, 133, 137, 138, 141, 143, 144, 145, 146, 147, 148, 150, 153, 154, 155, 156, 157, 158, 159, 161, 163, 165, 173, 176, 189, 191, 193, 194, 196, 197, 199, 202], "summary": {"covered_lines": 75, "num_statements": 76, "percent_covered": 98.38709677419355, "percent_covered_display": "98.39", "missing_lines": 1, "excluded_lines": 0, "num_branches": 48, "num_partial_branches": 1, "covered_branches": 47, "missing_branches": 1}, "missing_lines": [40], "excluded_lines": [], "executed_branches": [[28, 29], [28, 33], [29, 30], [29, 32], [33, 35], [33, 36], [36, 37], [36, 43], [37, 38], [66, 67], [66, 69], [71, 72], [71, 74], [92, 93], [92, 95], [95, 96], [95, 98], [98, 99], [98, 102], [105, 106], [105, 107], [107, 109], [107, 114], [109, 110], [109, 112], [137, 138], [137, 173], [141, 143], [141, 153], [143, 144], [143, 145], [145, 146], [145, 147], [147, 148], [147, 150], [154, 155], [154, 156], [156, 157], [156, 158], [158, 159], [158, 161], [191, 193], [191, 194], [194, 196], [194, 197], [197, 199], [197, 202]], "missing_branches": [[37, 40]], "functions": {"calculate_optimal_grafting_window": {"executed_lines": [28, 29, 30, 32, 33, 35, 36, 37, 38, 43], "summary": {"covered_lines": 10, "num_statements": 11, "percent_covered": 90.47619047619048, "percent_covered_display": "90.48", "missing_lines": 1, "excluded_lines": 0, "num_branches": 10, "num_partial_branches": 1, "covered_branches": 9, "missing_branches": 1}, "missing_lines": [40], "excluded_lines": [], "executed_branches": [[28, 29], [28, 33], [29, 30], [29, 32], [33, 35], [33, 36], [36, 37], [36, 43], [37, 38]], "missing_branches": [[37, 40]]}, "get_seasonal_suitability": {"executed_lines": [61, 66, 67, 69, 71, 72, 74, 76], "summary": {"covered_lines": 8, "num_statements": 8, "percent_covered": 100.0, "percent_covered_display": "100.00", "missing_lines": 0, "excluded_lines": 0, "num_branches": 4, "num_partial_branches": 0, "covered_branches": 4, "missing_branches": 0}, "missing_lines": [], "excluded_lines": [], "executed_branches": [[66, 67], [66, 69], [71, 72], [71, 74]], "missing_branches": []}, "calculate_temperature_suitability": {"executed_lines": [92, 93, 94, 95, 96, 97, 98, 99, 100, 102, 103, 105, 106, 107, 109, 110, 112, 114], "summary": {"covered_lines": 18, "num_statements": 18, "percent_covered": 100.0, "percent_covered_display": "100.00", "missing_lines": 0, "excluded_lines": 0, "num_branches": 12, "num_partial_branches": 0, "covered_branches": 12, "missing_branches": 0}, "missing_lines": [], "excluded_lines": [], "executed_branches": [[92, 93], [92, 95], [95, 96], [95, 98], [98, 99], [98, 102], [105, 106], [105, 107], [107, 109], [107, 114], [109, 110], [109, 112]], "missing_branches": []}, "generate_grafting_calendar": {"executed_lines": [132, 133, 137, 138, 141, 143, 144, 145, 146, 147, 148, 150, 153, 154, 155, 156, 157, 158, 159, 161, 163, 165, 173], "summary": {"covered_lines": 23, "num_statements": 23, "percent_covered": 100.0, "percent_covered_display": "100.00", "missing_lines": 0, "excluded_lines": 0, "num_branches": 16, "num_partial_branches": 0, "covered_branches": 16, "missing_branches": 0}, "missing_lines": [], "excluded_lines": [], "executed_branches": [[137, 138], [137, 173], [141, 143], [141, 153], [143, 144], [143, 145], [145, 146], [145, 147], [147, 148], [147, 150], [154, 155], [154, 156], [156, 157], [156, 158], [158, 159], [158, 161]], "missing_branches": []}, "adjust_for_climate_zone": {"executed_lines": [189, 191, 193, 194, 196, 197, 199, 202], "summary": {"covered_lines": 8, "num_statements": 8, "percent_covered": 100.0, "percent_covered_display": "100.00", "missing_lines": 0, "excluded_lines": 0, "num_branches": 6, "num_partial_branches": 0, "covered_branches": 6, "missing_branches": 0}, "missing_lines": [], "excluded_lines": [], "executed_branches": [[191, 193], [191, 194], [194, 196], [194, 197], [197, 199], [197, 202]], "missing_branches": []}, "": {"executed_lines": [1, 6, 8, 10, 13, 46, 79, 117, 176], "summary": {"covered_lines": 8, "num_statements": 8, "percent_covered": 100.0, "percent_covered_display": "100.00", "missing_lines": 0, "excluded_lines": 0, "num_branches": 0, "num_partial_branches": 0, "covered_branches": 0, "missing_branches": 0}, "missing_lines": [], "excluded_lines": [], "executed_branches": [], "missing_branches": []}}, "classes": {"": {"executed_lines": [1, 6, 8, 10, 13, 28, 29, 30, 32, 33, 35, 36, 37, 38, 43, 46, 61, 66, 67, 69, 71, 72, 74, 76, 79, 92, 93, 94, 95, 96, 97, 98, 99, 100, 102, 103, 105, 106, 107, 109, 110, 112, 114, 117, 132, 133, 137, 138, 141, 143, 144, 145, 146, 147, 148, 150, 153, 154, 155, 156, 157, 158, 159, 161, 163, 165, 173, 176, 189, 191, 193, 194, 196, 197, 199, 202], "summary": {"covered_lines": 75, "num_statements": 76, "percent_covered": 98.38709677419355, "percent_covered_display": "98.39", "missing_lines": 1, "excluded_lines": 0, "num_branches": 48, "num_partial_branches": 1, "covered_branches": 47, "missing_branches": 1}, "missing_lines": [40], "excluded_lines": [], "executed_branches": [[28, 29], [28, 33], [29, 30], [29, 32], [33, 35], [33, 36], [36, 37], [36, 43], [37, 38], [66, 67], [66, 69], [71, 72], [71, 74], [92, 93], [92, 95], [95, 96], [95, 98], [98, 99], [98, 102], [105, 106], [105, 107], [107, 109], [107, 114], [109, 110], [109, 112], [137, 138], [137, 173], [141, 143], [141, 153], [143, 144], [143, 145], [145, 146], [145, 147], [147, 148], [147, 150], [154, 155], [154, 156], [156, 157], [156, 158], [158, 159], [158, 161], [191, 193], [191, 194], [194, 196], [194, 197], [197, 199], [197, 202]], "missing_branches": [[37, 40]]}}}, "project/src/species_database.py": {"executed_lines": [1, 6, 8, 10, 13, 14, 16, 18, 19, 20, 22, 33, 35, 36, 38, 52, 53, 54, 55, 56, 57, 58, 61, 63, 65, 67, 78, 80, 81, 82, 84, 86, 100, 102, 103, 105, 106, 107, 108, 109, 110, 111, 112, 113, 116, 117, 118, 119, 120, 121, 124, 126, 128, 143, 146, 148, 149, 150, 151, 153, 154, 155, 157, 158, 160, 163, 166, 172, 175, 186, 187, 193, 194, 197, 198, 199, 200, 201, 202, 203, 206, 207, 209, 211], "summary": {"covered_lines": 82, "num_statements": 82, "percent_covered": 98.38709677419355, "percent_covered_display": "98.39", "missing_lines": 0, "excluded_lines": 0, "num_branches": 42, "num_partial_branches": 2, "covered_branches": 40, "missing_branches": 2}, "missing_lines": [], "excluded_lines": [], "executed_branches": [[35, 36], [52, 53], [52, 61], [61, 63], [61, 65], [80, 81], [80, 82], [82, 84], [102, 103], [102, 105], [105, 106], [105, 116], [108, 109], [108, 124], [110, 108], [110, 111], [116, 117], [116, 124], [117, 116], [117, 118], [118, 117], [118, 119], [120, 117], [120, 121], [148, 149], [148, 153], [153, 154], [153, 163], [157, 158], [157, 160], [186, 187], [186, 193], [197, 198], [197, 206], [198, 197], [198, 199], [199, 198], [199, 200], [202, 198], [202, 203]], "missing_branches": [[35, -22], [82, -67]], "functions": {"SpeciesDatabase.__init__": {"executed_lines": [18, 19, 20], "summary": {"covered_lines": 3, "num_statements": 3, "percent_covered": 100.0, "percent_covered_display": "100.00", "missing_lines": 0, "excluded_lines": 0, "num_branches": 0, "num_partial_branches": 0, "covered_branches": 0, "missing_branches": 0}, "missing_lines": [], "excluded_lines": [], "executed_branches": [], "missing_branches": []}, "SpeciesDatabase.add_species": {"executed_lines": [33, 35, 36], "summary": {"covered_lines": 3, "num_statements": 3, "percent_covered": 80.0, "percent_covered_display": "80.00", "missing_lines": 0, "excluded_lines": 0, "num_branches": 2, "num_partial_branches": 1, "covered_branches": 1, "missing_branches": 1}, "missing_lines": [], "excluded_lines": [], "executed_branches": [[35, 36]], "missing_branches": [[35, -22]]}, "SpeciesDatabase.get_compatibility": {"executed_lines": [52, 53, 54, 55, 56, 57, 58, 61, 63, 65], "summary": {"covered_lines": 10, "num_statements": 10, "percent_covered": 100.0, "percent_covered_display": "100.00", "missing_lines": 0, "excluded_lines": 0, "num_branches": 4, "num_partial_branches": 0, "covered_branches": 4, "missing_branches": 0}, "missing_lines": [], "excluded_lines": [], "executed_branches": [[52, 53], [52, 61], [61, 63], [61, 65]], "missing_branches": []}, "SpeciesDatabase.set_compatibility_matrix": {"executed_lines": [78, 80, 81, 82, 84], "summary": {"covered_lines": 5, "num_statements": 5, "percent_covered": 88.88888888888889, "percent_covered_display": "88.89", "missing_lines": 0, "excluded_lines": 0, "num_branches": 4, "num_partial_branches": 1, "covered_branches": 3, "missing_branches": 1}, "missing_lines": [], "excluded_lines": [], "executed_branches": [[80, 81], [80, 82], [82, 84]], "missing_branches": [[82, -67]]}, "SpeciesDatabase.find_compatible_pairs": {"executed_lines": [100, 102, 103, 105, 106, 107, 108, 109, 110, 111, 112, 113, 116, 117, 118, 119, 120, 121, 124, 126], "summary": {"covered_lines": 20, "num_statements": 20, "percent_covered": 100.0, "percent_covered_display": "100.00", "missing_lines": 0, "excluded_lines": 0, "num_branches": 16, "num_partial_branches": 0, "covered_branches": 16, "missing_branches": 0}, "missing_lines": [], "excluded_lines": [], "executed_branches": [[102, 103], [102, 105], [105, 106], [105, 116], [108, 109], [108, 124], [110, 108], [110, 111], [116, 117], [116, 124], [117, 116], [117, 118], [118, 117], [118, 119], [120, 117], [120, 121]], "missing_branches": []}, "SpeciesDatabase.get_suitable_techniques": {"executed_lines": [143, 146, 148, 149, 150, 151, 153, 154, 155, 157, 158, 160, 163], "summary": {"covered_lines": 13, "num_statements": 13, "percent_covered": 100.0, "percent_covered_display": "100.00", "missing_lines": 0, "excluded_lines": 0, "num_branches": 6, "num_partial_branches": 0, "covered_branches": 6, "missing_branches": 0}, "missing_lines": [], "excluded_lines": [], "executed_branches": [[148, 149], [148, 153], [153, 154], [153, 163], [157, 158], [157, 160]], "missing_branches": []}, "create_default_database": {"executed_lines": [172, 175, 186, 187, 193, 194, 197, 198, 199, 200, 201, 202, 203, 206, 207, 209, 211], "summary": {"covered_lines": 17, "num_statements": 17, "percent_covered": 100.0, "percent_covered_display": "100.00", "missing_lines": 0, "excluded_lines": 0, "num_branches": 10, "num_partial_branches": 0, "covered_branches": 10, "missing_branches": 0}, "missing_lines": [], "excluded_lines": [], "executed_branches": [[186, 187], [186, 193], [197, 198], [197, 206], [198, 197], [198, 199], [199, 198], [199, 200], [202, 198], [202, 203]], "missing_branches": []}, "": {"executed_lines": [1, 6, 8, 10, 13, 14, 16, 22, 38, 67, 86, 128, 166], "summary": {"covered_lines": 11, "num_statements": 11, "percent_covered": 100.0, "percent_covered_display": "100.00", "missing_lines": 0, "excluded_lines": 0, "num_branches": 0, "num_partial_branches": 0, "covered_branches": 0, "missing_branches": 0}, "missing_lines": [], "excluded_lines": [], "executed_branches": [], "missing_branches": []}}, "classes": {"SpeciesDatabase": {"executed_lines": [18, 19, 20, 33, 35, 36, 52, 53, 54, 55, 56, 57, 58, 61, 63, 65, 78, 80, 81, 82, 84, 100, 102, 103, 105, 106, 107, 108, 109, 110, 111, 112, 113, 116, 117, 118, 119, 120, 121, 124, 126, 143, 146, 148, 149, 150, 151, 153, 154, 155, 157, 158, 160, 163], "summary": {"covered_lines": 54, "num_statements": 54, "percent_covered": 97.67441860465117, "percent_covered_display": "97.67", "missing_lines": 0, "excluded_lines": 0, "num_branches": 32, "num_partial_branches": 2, "covered_branches": 30, "missing_branches": 2}, "missing_lines": [], "excluded_lines": [], "executed_branches": [[35, 36], [52, 53], [52, 61], [61, 63], [61, 65], [80, 81], [80, 82], [82, 84], [102, 103], [102, 105], [105, 106], [105, 116], [108, 109], [108, 124], [110, 108], [110, 111], [116, 117], [116, 124], [117, 116], [117, 118], [118, 117], [118, 119], [120, 117], [120, 121], [148, 149], [148, 153], [153, 154], [153, 163], [157, 158], [157, 160]], "missing_branches": [[35, -22], [82, -67]]}, "": {"executed_lines": [1, 6, 8, 10, 13, 14, 16, 22, 38, 67, 86, 128, 166, 172, 175, 186, 187, 193, 194, 197, 198, 199, 200, 201, 202, 203, 206, 207, 209, 211], "summary": {"covered_lines": 28, "num_statements": 28, "percent_covered": 100.0, "percent_covered_display": "100.00", "missing_lines": 0, "excluded_lines": 0, "num_branches": 10, "num_partial_branches": 0, "covered_branches": 10, "missing_branches": 0}, "missing_lines": [], "excluded_lines": [], "executed_branches": [[186, 187], [186, 193], [197, 198], [197, 206], [198, 197], [198, 199], [199, 198], [199, 200], [202, 198], [202, 203]], "missing_branches": []}}}, "project/src/technique_library.py": {"executed_lines": [1, 6, 8, 11, 12, 14, 16, 17, 19, 22, 40, 58, 76, 94, 112, 130, 147, 156, 158, 164, 166, 182, 184, 185, 188, 189, 190, 193, 194, 195, 200, 202, 205, 207, 209, 218, 219, 220], "summary": {"covered_lines": 36, "num_statements": 39, "percent_covered": 85.71428571428571, "percent_covered_display": "85.71", "missing_lines": 3, "excluded_lines": 0, "num_branches": 10, "num_partial_branches": 2, "covered_branches": 6, "missing_branches": 4}, "missing_lines": [196, 197, 221], "excluded_lines": [], "executed_branches": [[184, 185], [184, 205], [189, 190], [189, 193], [194, 195], [219, 220]], "missing_branches": [[194, 196], [196, 197], [196, 200], [219, 221]], "functions": {"TechniqueLibrary.__init__": {"executed_lines": [16, 17], "summary": {"covered_lines": 2, "num_statements": 2, "percent_covered": 100.0, "percent_covered_display": "100.00", "missing_lines": 0, "excluded_lines": 0, "num_branches": 0, "num_partial_branches": 0, "covered_branches": 0, "missing_branches": 0}, "missing_lines": [], "excluded_lines": [], "executed_branches": [], "missing_branches": []}, "TechniqueLibrary._initialize_default_techniques": {"executed_lines": [22, 40, 58, 76, 94, 112, 130], "summary": {"covered_lines": 7, "num_statements": 7, "percent_covered": 100.0, "percent_covered_display": "100.00", "missing_lines": 0, "excluded_lines": 0, "num_branches": 0, "num_partial_branches": 0, "covered_branches": 0, "missing_branches": 0}, "missing_lines": [], "excluded_lines": [], "executed_branches": [], "missing_branches": []}, "TechniqueLibrary.get_technique": {"executed_lines": [156], "summary": {"covered_lines": 1, "num_statements": 1, "percent_covered": 100.0, "percent_covered_display": "100.00", "missing_lines": 0, "excluded_lines": 0, "num_branches": 0, "num_partial_branches": 0, "covered_branches": 0, "missing_branches": 0}, "missing_lines": [], "excluded_lines": [], "executed_branches": [], "missing_branches": []}, "TechniqueLibrary.list_techniques": {"executed_lines": [164], "summary": {"covered_lines": 1, "num_statements": 1, "percent_covered": 100.0, "percent_covered_display": "100.00", "missing_lines": 0, "excluded_lines": 0, "num_branches": 0, "num_partial_branches": 0, "covered_branches": 0, "missing_branches": 0}, "missing_lines": [], "excluded_lines": [], "executed_branches": [], "missing_branches": []}, "TechniqueLibrary.recommend_technique": {"executed_lines": [182, 184, 185, 188, 189, 190, 193, 194, 195, 200, 202, 205, 207], "summary": {"covered_lines": 13, "num_statements": 15, "percent_covered": 78.26086956521739, "percent_covered_display": "78.26", "missing_lines": 2, "excluded_lines": 0, "num_branches": 8, "num_partial_branches": 1, "covered_branches": 5, "missing_branches": 3}, "missing_lines": [196, 197], "excluded_lines": [], "executed_branches": [[184, 185], [184, 205], [189, 190], [189, 193], [194, 195]], "missing_branches": [[194, 196], [196, 197], [196, 200]]}, "TechniqueLibrary.get_technique_protocol": {"executed_lines": [218, 219, 220], "summary": {"covered_lines": 3, "num_statements": 4, "percent_covered": 66.66666666666667, "percent_covered_display": "66.67", "missing_lines": 1, "excluded_lines": 0, "num_branches": 2, "num_partial_branches": 1, "covered_branches": 1, "missing_branches": 1}, "missing_lines": [221], "excluded_lines": [], "executed_branches": [[219, 220]], "missing_branches": [[219, 221]]}, "": {"executed_lines": [1, 6, 8, 11, 12, 14, 19, 147, 158, 166, 209], "summary": {"covered_lines": 9, "num_statements": 9, "percent_covered": 100.0, "percent_covered_display": "100.00", "missing_lines": 0, "excluded_lines": 0, "num_branches": 0, "num_partial_branches": 0, "covered_branches": 0, "missing_branches": 0}, "missing_lines": [], "excluded_lines": [], "executed_branches": [], "missing_branches": []}}, "classes": {"TechniqueLibrary": {"executed_lines": [16, 17, 22, 40, 58, 76, 94, 112, 130, 156, 164, 182, 184, 185, 188, 189, 190, 193, 194, 195, 200, 202, 205, 207, 218, 219, 220], "summary": {"covered_lines": 27, "num_statements": 30, "percent_covered": 82.5, "percent_covered_display": "82.50", "missing_lines": 3, "excluded_lines": 0, "num_branches": 10, "num_partial_branches": 2, "covered_branches": 6, "missing_branches": 4}, "missing_lines": [196, 197, 221], "excluded_lines": [], "executed_branches": [[184, 185], [184, 205], [189, 190], [189, 193], [194, 195], [219, 220]], "missing_branches": [[194, 196], [196, 197], [196, 200], [219, 221]]}, "": {"executed_lines": [1, 6, 8, 11, 12, 14, 19, 147, 158, 166, 209], "summary": {"covered_lines": 9, "num_statements": 9, "percent_covered": 100.0, "percent_covered_display": "100.00", "missing_lines": 0, "excluded_lines": 0, "num_branches": 0, "num_partial_branches": 0, "covered_branches": 0, "missing_branches": 0}, "missing_lines": [], "excluded_lines": [], "executed_branches": [], "missing_branches": []}}}}, "totals": {"covered_lines": 1411, "num_statements": 1455, "percent_covered": 94.34057604850935, "percent_covered_display": "94.34", "missing_lines": 44, "excluded_lines": 26, "num_branches": 524, "num_partial_branches": 64, "covered_branches": 456, "missing_branches": 68}}