{"meta": {"format": 3, "version": "7.10.6", "timestamp": "2025-12-27T19:44:00.058052", "branch_coverage": true, "show_contexts": false}, "files": {"projects/project/src/__init__.py": {"executed_lines": [1, 22, 23, 26, 27, 28, 29, 31], "summary": {"covered_lines": 7, "num_statements": 7, "percent_covered": 100.0, "percent_covered_display": "100.00", "missing_lines": 0, "excluded_lines": 0, "num_branches": 0, "num_partial_branches": 0, "covered_branches": 0, "missing_branches": 0}, "missing_lines": [], "excluded_lines": [], "executed_branches": [], "missing_branches": [], "functions": {"": {"executed_lines": [1, 22, 23, 26, 27, 28, 29, 31], "summary": {"covered_lines": 7, "num_statements": 7, "percent_covered": 100.0, "percent_covered_display": "100.00", "missing_lines": 0, "excluded_lines": 0, "num_branches": 0, "num_partial_branches": 0, "covered_branches": 0, "missing_branches": 0}, "missing_lines": [], "excluded_lines": [], "executed_branches": [], "missing_branches": []}}, "classes": {"": {"executed_lines": [1, 22, 23, 26, 27, 28, 29, 31], "summary": {"covered_lines": 7, "num_statements": 7, "percent_covered": 100.0, "percent_covered_display": "100.00", "missing_lines": 0, "excluded_lines": 0, "num_branches": 0, "num_partial_branches": 0, "covered_branches": 0, "missing_branches": 0}, "missing_lines": [], "excluded_lines": [], "executed_branches": [], "missing_branches": []}}}, "projects/project/src/data_generator.py": {"executed_lines": [1, 6, 8, 10, 13, 32, 33, 35, 36, 37, 38, 40, 41, 42, 43, 45, 46, 47, 49, 50, 51, 53, 54, 55, 56, 59, 62, 81, 82, 84, 86, 87, 88, 89, 90, 91, 92, 93, 94, 95, 96, 97, 98, 99, 100, 101, 102, 103, 105, 108, 109, 111, 114, 131, 132, 134, 136, 137, 139, 140, 143, 144, 145, 147, 150, 167, 168, 170, 171, 172, 174, 175, 176, 178, 180, 181, 182, 183, 184, 185, 188, 191, 210, 211, 213, 214, 216, 218, 221, 222, 224, 225, 227, 228, 231, 232, 233, 235, 238, 256, 257, 260, 261, 264, 265, 266, 267, 269], "summary": {"covered_lines": 107, "num_statements": 107, "percent_covered": 100.0, "percent_covered_display": "100.00", "missing_lines": 0, "excluded_lines": 0, "num_branches": 46, "num_partial_branches": 0, "covered_branches": 46, "missing_branches": 0}, "missing_lines": [], "excluded_lines": [], "executed_branches": [[32, 33], [32, 35], [35, 36], [35, 40], [40, 41], [40, 45], [45, 46], [45, 49], [49, 50], [49, 53], [53, 54], [53, 59], [81, 82], [81, 84], [86, 87], [86, 90], [90, 91], [90, 95], [95, 96], [95, 99], [99, 100], [99, 105], [131, 132], [131, 134], [134, 136], [134, 143], [167, 168], [167, 170], [170, 171], [170, 174], [174, 175], [174, 178], [178, 180], [178, 188], [210, 211], [210, 213], [216, 218], [216, 227], [256, 257], [256, 260], [260, 261], [260, 264], [264, 265], [264, 269], [266, 267], [266, 269]], "missing_branches": [], "functions": {"generate_synthetic_data": {"executed_lines": [32, 33, 35, 36, 37, 38, 40, 41, 42, 43, 45, 46, 47, 49, 50, 51, 53, 54, 55, 56, 59], "summary": {"covered_lines": 21, "num_statements": 21, "percent_covered": 100.0, "percent_covered_display": "100.00", "missing_lines": 0, "excluded_lines": 0, "num_branches": 12, "num_partial_branches": 0, "covered_branches": 12, "missing_branches": 0}, "missing_lines": [], "excluded_lines": [], "executed_branches": [[32, 33], [32, 35], [35, 36], [35, 40], [40, 41], [40, 45], [45, 46], [45, 49], [49, 50], [49, 53], [53, 54], [53, 59]], "missing_branches": []}, "generate_time_series": {"executed_lines": [81, 82, 84, 86, 87, 88, 89, 90, 91, 92, 93, 94, 95, 96, 97, 98, 99, 100, 101, 102, 103, 105, 108, 109, 111], "summary": {"covered_lines": 25, "num_statements": 25, "percent_covered": 100.0, "percent_covered_display": "100.00", "missing_lines": 0, "excluded_lines": 0, "num_branches": 10, "num_partial_branches": 0, "covered_branches": 10, "missing_branches": 0}, "missing_lines": [], "excluded_lines": [], "executed_branches": [[81, 82], [81, 84], [86, 87], [86, 90], [90, 91], [90, 95], [95, 96], [95, 99], [99, 100], [99, 105]], "missing_branches": []}, "generate_correlated_data": {"executed_lines": [131, 132, 134, 136, 137, 139, 140, 143, 144, 145, 147], "summary": {"covered_lines": 11, "num_statements": 11, "percent_covered": 100.0, "percent_covered_display": "100.00", "missing_lines": 0, "excluded_lines": 0, "num_branches": 4, "num_partial_branches": 0, "covered_branches": 4, "missing_branches": 0}, "missing_lines": [], "excluded_lines": [], "executed_branches": [[131, 132], [131, 134], [134, 136], [134, 143]], "missing_branches": []}, "inject_noise": {"executed_lines": [167, 168, 170, 171, 172, 174, 175, 176, 178, 180, 181, 182, 183, 184, 185, 188], "summary": {"covered_lines": 16, "num_statements": 16, "percent_covered": 100.0, "percent_covered_display": "100.00", "missing_lines": 0, "excluded_lines": 0, "num_branches": 8, "num_partial_branches": 0, "covered_branches": 8, "missing_branches": 0}, "missing_lines": [], "excluded_lines": [], "executed_branches": [[167, 168], [167, 170], [170, 171], [170, 174], [174, 175], [174, 178], [178, 180], [178, 188]], "missing_branches": []}, "generate_classification_dataset": {"executed_lines": [210, 211, 213, 214, 216, 218, 221, 222, 224, 225, 227, 228, 231, 232, 233, 235], "summary": {"covered_lines": 16, "num_statements": 16, "percent_covered": 100.0, "percent_covered_display": "100.00", "missing_lines": 0, "excluded_lines": 0, "num_branches": 4, "num_partial_branches": 0, "covered_branches": 4, "missing_branches": 0}, "missing_lines": [], "excluded_lines": [], "executed_branches": [[210, 211], [210, 213], [216, 218], [216, 227]], "missing_branches": []}, "validate_data": {"executed_lines": [256, 257, 260, 261, 264, 265, 266, 267, 269], "summary": {"covered_lines": 9, "num_statements": 9, "percent_covered": 100.0, "percent_covered_display": "100.00", "missing_lines": 0, "excluded_lines": 0, "num_branches": 8, "num_partial_branches": 0, "covered_branches": 8, "missing_branches": 0}, "missing_lines": [], "excluded_lines": [], "executed_branches": [[256, 257], [256, 260], [260, 261], [260, 264], [264, 265], [264, 269], [266, 267], [266, 269]], "missing_branches": []}, "": {"executed_lines": [1, 6, 8, 10, 13, 62, 114, 150, 191, 238], "summary": {"covered_lines": 9, "num_statements": 9, "percent_covered": 100.0, "percent_covered_display": "100.00", "missing_lines": 0, "excluded_lines": 0, "num_branches": 0, "num_partial_branches": 0, "covered_branches": 0, "missing_branches": 0}, "missing_lines": [], "excluded_lines": [], "executed_branches": [], "missing_branches": []}}, "classes": {"": {"executed_lines": [1, 6, 8, 10, 13, 32, 33, 35, 36, 37, 38, 40, 41, 42, 43, 45, 46, 47, 49, 50, 51, 53, 54, 55, 56, 59, 62, 81, 82, 84, 86, 87, 88, 89, 90, 91, 92, 93, 94, 95, 96, 97, 98, 99, 100, 101, 102, 103, 105, 108, 109, 111, 114, 131, 132, 134, 136, 137, 139, 140, 143, 144, 145, 147, 150, 167, 168, 170, 171, 172, 174, 175, 176, 178, 180, 181, 182, 183, 184, 185, 188, 191, 210, 211, 213, 214, 216, 218, 221, 222, 224, 225, 227, 228, 231, 232, 233, 235, 238, 256, 257, 260, 261, 264, 265, 266, 267, 269], "summary": {"covered_lines": 107, "num_statements": 107, "percent_covered": 100.0, "percent_covered_display": "100.00", "missing_lines": 0, "excluded_lines": 0, "num_branches": 46, "num_partial_branches": 0, "covered_branches": 46, "missing_branches": 0}, "missing_lines": [], "excluded_lines": [], "executed_branches": [[32, 33], [32, 35], [35, 36], [35, 40], [40, 41], [40, 45], [45, 46], [45, 49], [49, 50], [49, 53], [53, 54], [53, 59], [81, 82], [81, 84], [86, 87], [86, 90], [90, 91], [90, 95], [95, 96], [95, 99], [99, 100], [99, 105], [131, 132], [131, 134], [134, 136], [134, 143], [167, 168], [167, 170], [170, 171], [170, 174], [174, 175], [174, 178], [178, 180], [178, 188], [210, 211], [210, 213], [216, 218], [216, 227], [256, 257], [256, 260], [260, 261], [260, 264], [264, 265], [264, 269], [266, 267], [266, 269]], "missing_branches": []}}}, "projects/project/src/data_processing.py": {"executed_lines": [1, 6, 8, 10, 13, 30, 33, 35, 36, 37, 38, 40, 41, 42, 43, 44, 45, 46, 48, 50, 53, 54, 56, 59, 74, 76, 77, 78, 80, 81, 83, 84, 86, 88, 89, 90, 92, 93, 95, 96, 98, 100, 101, 103, 105, 106, 109, 111, 114, 129, 130, 131, 132, 134, 136, 139, 154, 155, 157, 159, 160, 161, 163, 164, 166, 168, 178, 180, 181, 183, 184, 186, 194, 197, 199, 202, 217, 220, 222, 228, 231, 244, 246, 247, 248, 249, 250, 251, 252, 253, 254, 255, 256, 258, 260, 263, 276, 277, 278, 279, 280, 281, 282, 283, 284, 286, 289, 292, 303, 312, 314, 315, 316, 317, 318, 320, 321, 322, 323, 325, 326, 327, 328, 329, 330, 331, 333, 334, 335, 336, 337, 338, 339, 340, 342, 343, 345, 347], "summary": {"covered_lines": 137, "num_statements": 137, "percent_covered": 99.53051643192488, "percent_covered_display": "99.53", "missing_lines": 0, "excluded_lines": 0, "num_branches": 76, "num_partial_branches": 1, "covered_branches": 75, "missing_branches": 1}, "missing_lines": [], "excluded_lines": [], "executed_branches": [[35, 36], [35, 37], [37, 38], [37, 40], [40, 41], [40, 53], [41, 42], [41, 43], [43, 44], [43, 45], [45, 46], [45, 48], [53, 54], [53, 56], [74, 76], [74, 86], [76, 77], [76, 80], [86, 88], [86, 98], [88, 89], [88, 92], [98, 100], [98, 109], [100, 101], [100, 103], [129, 130], [129, 131], [131, 132], [131, 134], [157, 159], [157, 178], [178, 180], [178, 194], [246, 247], [246, 260], [247, 248], [247, 249], [249, 250], [249, 251], [251, 252], [251, 253], [253, 254], [253, 255], [255, 256], [255, 258], [276, 277], [276, 289], [277, 278], [277, 279], [279, 280], [279, 281], [281, 282], [281, 283], [283, 284], [283, 286], [314, 315], [314, 345], [316, 317], [316, 320], [317, 314], [317, 318], [320, 321], [320, 325], [322, 314], [322, 323], [325, 326], [325, 333], [328, 329], [328, 330], [330, 314], [330, 331], [333, 334], [339, 314], [339, 340]], "missing_branches": [[333, 314]], "functions": {"clean_data": {"executed_lines": [30, 33, 35, 36, 37, 38, 40, 41, 42, 43, 44, 45, 46, 48, 50, 53, 54, 56], "summary": {"covered_lines": 18, "num_statements": 18, "percent_covered": 100.0, "percent_covered_display": "100.00", "missing_lines": 0, "excluded_lines": 0, "num_branches": 14, "num_partial_branches": 0, "covered_branches": 14, "missing_branches": 0}, "missing_lines": [], "excluded_lines": [], "executed_branches": [[35, 36], [35, 37], [37, 38], [37, 40], [40, 41], [40, 53], [41, 42], [41, 43], [43, 44], [43, 45], [45, 46], [45, 48], [53, 54], [53, 56]], "missing_branches": []}, "normalize_data": {"executed_lines": [74, 76, 77, 78, 80, 81, 83, 84, 86, 88, 89, 90, 92, 93, 95, 96, 98, 100, 101, 103, 105, 106, 109, 111], "summary": {"covered_lines": 24, "num_statements": 24, "percent_covered": 100.0, "percent_covered_display": "100.00", "missing_lines": 0, "excluded_lines": 0, "num_branches": 12, "num_partial_branches": 0, "covered_branches": 12, "missing_branches": 0}, "missing_lines": [], "excluded_lines": [], "executed_branches": [[74, 76], [74, 86], [76, 77], [76, 80], [86, 88], [86, 98], [88, 89], [88, 92], [98, 100], [98, 109], [100, 101], [100, 103]], "missing_branches": []}, "standardize_data": {"executed_lines": [129, 130, 131, 132, 134, 136], "summary": {"covered_lines": 6, "num_statements": 6, "percent_covered": 100.0, "percent_covered_display": "100.00", "missing_lines": 0, "excluded_lines": 0, "num_branches": 4, "num_partial_branches": 0, "covered_branches": 4, "missing_branches": 0}, "missing_lines": [], "excluded_lines": [], "executed_branches": [[129, 130], [129, 131], [131, 132], [131, 134]], "missing_branches": []}, "detect_outliers": {"executed_lines": [154, 155, 157, 159, 160, 161, 163, 164, 166, 168, 178, 180, 181, 183, 184, 186, 194, 197, 199], "summary": {"covered_lines": 19, "num_statements": 19, "percent_covered": 100.0, "percent_covered_display": "100.00", "missing_lines": 0, "excluded_lines": 0, "num_branches": 4, "num_partial_branches": 0, "covered_branches": 4, "missing_branches": 0}, "missing_lines": [], "excluded_lines": [], "executed_branches": [[157, 159], [157, 178], [178, 180], [178, 194]], "missing_branches": []}, "remove_outliers": {"executed_lines": [217, 220, 222, 228], "summary": {"covered_lines": 4, "num_statements": 4, "percent_covered": 100.0, "percent_covered_display": "100.00", "missing_lines": 0, "excluded_lines": 0, "num_branches": 0, "num_partial_branches": 0, "covered_branches": 0, "missing_branches": 0}, "missing_lines": [], "excluded_lines": [], "executed_branches": [], "missing_branches": []}, "extract_features": {"executed_lines": [244, 246, 247, 248, 249, 250, 251, 252, 253, 254, 255, 256, 258, 260], "summary": {"covered_lines": 14, "num_statements": 14, "percent_covered": 100.0, "percent_covered_display": "100.00", "missing_lines": 0, "excluded_lines": 0, "num_branches": 12, "num_partial_branches": 0, "covered_branches": 12, "missing_branches": 0}, "missing_lines": [], "excluded_lines": [], "executed_branches": [[246, 247], [246, 260], [247, 248], [247, 249], [249, 250], [249, 251], [251, 252], [251, 253], [253, 254], [253, 255], [255, 256], [255, 258]], "missing_branches": []}, "transform_data": {"executed_lines": [276, 277, 278, 279, 280, 281, 282, 283, 284, 286, 289], "summary": {"covered_lines": 11, "num_statements": 11, "percent_covered": 100.0, "percent_covered_display": "100.00", "missing_lines": 0, "excluded_lines": 0, "num_branches": 10, "num_partial_branches": 0, "covered_branches": 10, "missing_branches": 0}, "missing_lines": [], "excluded_lines": [], "executed_branches": [[276, 277], [276, 289], [277, 278], [277, 279], [279, 280], [279, 281], [281, 282], [281, 283], [283, 284], [283, 286]], "missing_branches": []}, "create_validation_pipeline": {"executed_lines": [303, 347], "summary": {"covered_lines": 2, "num_statements": 2, "percent_covered": 100.0, "percent_covered_display": "100.00", "missing_lines": 0, "excluded_lines": 0, "num_branches": 0, "num_partial_branches": 0, "covered_branches": 0, "missing_branches": 0}, "missing_lines": [], "excluded_lines": [], "executed_branches": [], "missing_branches": []}, "create_validation_pipeline.pipeline": {"executed_lines": [312, 314, 315, 316, 317, 318, 320, 321, 322, 323, 325, 326, 327, 328, 329, 330, 331, 333, 334, 335, 336, 337, 338, 339, 340, 342, 343, 345], "summary": {"covered_lines": 28, "num_statements": 28, "percent_covered": 97.91666666666667, "percent_covered_display": "97.92", "missing_lines": 0, "excluded_lines": 0, "num_branches": 20, "num_partial_branches": 1, "covered_branches": 19, "missing_branches": 1}, "missing_lines": [], "excluded_lines": [], "executed_branches": [[314, 315], [314, 345], [316, 317], [316, 320], [317, 314], [317, 318], [320, 321], [320, 325], [322, 314], [322, 323], [325, 326], [325, 333], [328, 329], [328, 330], [330, 314], [330, 331], [333, 334], [339, 314], [339, 340]], "missing_branches": [[333, 314]]}, "": {"executed_lines": [1, 6, 8, 10, 13, 59, 114, 139, 202, 231, 263, 292], "summary": {"covered_lines": 11, "num_statements": 11, "percent_covered": 100.0, "percent_covered_display": "100.00", "missing_lines": 0, "excluded_lines": 0, "num_branches": 0, "num_partial_branches": 0, "covered_branches": 0, "missing_branches": 0}, "missing_lines": [], "excluded_lines": [], "executed_branches": [], "missing_branches": []}}, "classes": {"": {"executed_lines": [1, 6, 8, 10, 13, 30, 33, 35, 36, 37, 38, 40, 41, 42, 43, 44, 45, 46, 48, 50, 53, 54, 56, 59, 74, 76, 77, 78, 80, 81, 83, 84, 86, 88, 89, 90, 92, 93, 95, 96, 98, 100, 101, 103, 105, 106, 109, 111, 114, 129, 130, 131, 132, 134, 136, 139, 154, 155, 157, 159, 160, 161, 163, 164, 166, 168, 178, 180, 181, 183, 184, 186, 194, 197, 199, 202, 217, 220, 222, 228, 231, 244, 246, 247, 248, 249, 250, 251, 252, 253, 254, 255, 256, 258, 260, 263, 276, 277, 278, 279, 280, 281, 282, 283, 284, 286, 289, 292, 303, 312, 314, 315, 316, 317, 318, 320, 321, 322, 323, 325, 326, 327, 328, 329, 330, 331, 333, 334, 335, 336, 337, 338, 339, 340, 342, 343, 345, 347], "summary": {"covered_lines": 137, "num_statements": 137, "percent_covered": 99.53051643192488, "percent_covered_display": "99.53", "missing_lines": 0, "excluded_lines": 0, "num_branches": 76, "num_partial_branches": 1, "covered_branches": 75, "missing_branches": 1}, "missing_lines": [], "excluded_lines": [], "executed_branches": [[35, 36], [35, 37], [37, 38], [37, 40], [40, 41], [40, 53], [41, 42], [41, 43], [43, 44], [43, 45], [45, 46], [45, 48], [53, 54], [53, 56], [74, 76], [74, 86], [76, 77], [76, 80], [86, 88], [86, 98], [88, 89], [88, 92], [98, 100], [98, 109], [100, 101], [100, 103], [129, 130], [129, 131], [131, 132], [131, 134], [157, 159], [157, 178], [178, 180], [178, 194], [246, 247], [246, 260], [247, 248], [247, 249], [249, 250], [249, 251], [251, 252], [251, 253], [253, 254], [253, 255], [255, 256], [255, 258], [276, 277], [276, 289], [277, 278], [277, 279], [279, 280], [279, 281], [281, 282], [281, 283], [283, 284], [283, 286], [314, 315], [314, 345], [316, 317], [316, 320], [317, 314], [317, 318], [320, 321], [320, 325], [322, 314], [322, 323], [325, 326], [325, 333], [328, 329], [328, 330], [330, 314], [330, 331], [333, 334], [339, 314], [339, 340]], "missing_branches": [[333, 314]]}}}, "projects/project/src/example.py": {"executed_lines": [1, 2, 5, 15, 18, 28, 31, 40, 41, 42, 45, 54, 55, 56, 59, 68, 69, 70, 73, 82, 85, 94], "summary": {"covered_lines": 21, "num_statements": 21, "percent_covered": 100.0, "percent_covered_display": "100.00", "missing_lines": 0, "excluded_lines": 0, "num_branches": 6, "num_partial_branches": 0, "covered_branches": 6, "missing_branches": 0}, "missing_lines": [], "excluded_lines": [], "executed_branches": [[40, 41], [40, 42], [54, 55], [54, 56], [68, 69], [68, 70]], "missing_branches": [], "functions": {"add_numbers": {"executed_lines": [15], "summary": {"covered_lines": 1, "num_statements": 1, "percent_covered": 100.0, "percent_covered_display": "100.00", "missing_lines": 0, "excluded_lines": 0, "num_branches": 0, "num_partial_branches": 0, "covered_branches": 0, "missing_branches": 0}, "missing_lines": [], "excluded_lines": [], "executed_branches": [], "missing_branches": []}, "multiply_numbers": {"executed_lines": [28], "summary": {"covered_lines": 1, "num_statements": 1, "percent_covered": 100.0, "percent_covered_display": "100.00", "missing_lines": 0, "excluded_lines": 0, "num_branches": 0, "num_partial_branches": 0, "covered_branches": 0, "missing_branches": 0}, "missing_lines": [], "excluded_lines": [], "executed_branches": [], "missing_branches": []}, "calculate_average": {"executed_lines": [40, 41, 42], "summary": {"covered_lines": 3, "num_statements": 3, "percent_covered": 100.0, "percent_covered_display": "100.00", "missing_lines": 0, "excluded_lines": 0, "num_branches": 2, "num_partial_branches": 0, "covered_branches": 2, "missing_branches": 0}, "missing_lines": [], "excluded_lines": [], "executed_branches": [[40, 41], [40, 42]], "missing_branches": []}, "find_maximum": {"executed_lines": [54, 55, 56], "summary": {"covered_lines": 3, "num_statements": 3, "percent_covered": 100.0, "percent_covered_display": "100.00", "missing_lines": 0, "excluded_lines": 0, "num_branches": 2, "num_partial_branches": 0, "covered_branches": 2, "missing_branches": 0}, "missing_lines": [], "excluded_lines": [], "executed_branches": [[54, 55], [54, 56]], "missing_branches": []}, "find_minimum": {"executed_lines": [68, 69, 70], "summary": {"covered_lines": 3, "num_statements": 3, "percent_covered": 100.0, "percent_covered_display": "100.00", "missing_lines": 0, "excluded_lines": 0, "num_branches": 2, "num_partial_branches": 0, "covered_branches": 2, "missing_branches": 0}, "missing_lines": [], "excluded_lines": [], "executed_branches": [[68, 69], [68, 70]], "missing_branches": []}, "is_even": {"executed_lines": [82], "summary": {"covered_lines": 1, "num_statements": 1, "percent_covered": 100.0, "percent_covered_display": "100.00", "missing_lines": 0, "excluded_lines": 0, "num_branches": 0, "num_partial_branches": 0, "covered_branches": 0, "missing_branches": 0}, "missing_lines": [], "excluded_lines": [], "executed_branches": [], "missing_branches": []}, "is_odd": {"executed_lines": [94], "summary": {"covered_lines": 1, "num_statements": 1, "percent_covered": 100.0, "percent_covered_display": "100.00", "missing_lines": 0, "excluded_lines": 0, "num_branches": 0, "num_partial_branches": 0, "covered_branches": 0, "missing_branches": 0}, "missing_lines": [], "excluded_lines": [], "executed_branches": [], "missing_branches": []}, "": {"executed_lines": [1, 2, 5, 18, 31, 45, 59, 73, 85], "summary": {"covered_lines": 8, "num_statements": 8, "percent_covered": 100.0, "percent_covered_display": "100.00", "missing_lines": 0, "excluded_lines": 0, "num_branches": 0, "num_partial_branches": 0, "covered_branches": 0, "missing_branches": 0}, "missing_lines": [], "excluded_lines": [], "executed_branches": [], "missing_branches": []}}, "classes": {"": {"executed_lines": [1, 2, 5, 15, 18, 28, 31, 40, 41, 42, 45, 54, 55, 56, 59, 68, 69, 70, 73, 82, 85, 94], "summary": {"covered_lines": 21, "num_statements": 21, "percent_covered": 100.0, "percent_covered_display": "100.00", "missing_lines": 0, "excluded_lines": 0, "num_branches": 6, "num_partial_branches": 0, "covered_branches": 6, "missing_branches": 0}, "missing_lines": [], "excluded_lines": [], "executed_branches": [[40, 41], [40, 42], [54, 55], [54, 56], [68, 69], [68, 70]], "missing_branches": []}}}, "projects/project/src/metrics.py": {"executed_lines": [1, 6, 8, 10, 13, 26, 27, 29, 30, 33, 48, 49, 51, 52, 53, 55, 56, 57, 59, 66, 79, 81, 84, 85, 88, 89, 91, 102, 115, 117, 118, 121, 122, 123, 125, 127, 128, 130, 133, 148, 149, 151, 152, 154, 157, 175, 176, 178, 179, 180, 182, 183, 185, 189, 192, 205, 206, 209, 210, 213, 216, 217, 218, 219, 220, 221, 222, 224, 226, 235, 252, 254, 256, 257, 258, 259, 261, 264, 266, 269, 270, 272, 279, 280, 282, 292, 295, 314, 317, 318, 319, 320, 323, 324, 325, 328, 329, 331], "summary": {"covered_lines": 96, "num_statements": 96, "percent_covered": 100.0, "percent_covered_display": "100.00", "missing_lines": 0, "excluded_lines": 0, "num_branches": 30, "num_partial_branches": 0, "covered_branches": 30, "missing_branches": 0}, "missing_lines": [], "excluded_lines": [], "executed_branches": [[26, 27], [26, 29], [48, 49], [48, 51], [84, 85], [84, 88], [117, 118], [117, 121], [121, 122], [121, 125], [148, 149], [148, 151], [217, 218], [217, 219], [219, 220], [219, 221], [221, 222], [221, 224], [254, 256], [254, 264], [256, 257], [256, 258], [258, 259], [258, 261], [317, 318], [317, 323], [323, 324], [323, 328], [328, 329], [328, 331]], "missing_branches": [], "functions": {"calculate_accuracy": {"executed_lines": [26, 27, 29, 30], "summary": {"covered_lines": 4, "num_statements": 4, "percent_covered": 100.0, "percent_covered_display": "100.00", "missing_lines": 0, "excluded_lines": 0, "num_branches": 2, "num_partial_branches": 0, "covered_branches": 2, "missing_branches": 0}, "missing_lines": [], "excluded_lines": [], "executed_branches": [[26, 27], [26, 29]], "missing_branches": []}, "calculate_precision_recall_f1": {"executed_lines": [48, 49, 51, 52, 53, 55, 56, 57, 59], "summary": {"covered_lines": 9, "num_statements": 9, "percent_covered": 100.0, "percent_covered_display": "100.00", "missing_lines": 0, "excluded_lines": 0, "num_branches": 2, "num_partial_branches": 0, "covered_branches": 2, "missing_branches": 0}, "missing_lines": [], "excluded_lines": [], "executed_branches": [[48, 49], [48, 51]], "missing_branches": []}, "calculate_convergence_metrics": {"executed_lines": [79, 81, 84, 85, 88, 89, 91], "summary": {"covered_lines": 7, "num_statements": 7, "percent_covered": 100.0, "percent_covered_display": "100.00", "missing_lines": 0, "excluded_lines": 0, "num_branches": 2, "num_partial_branches": 0, "covered_branches": 2, "missing_branches": 0}, "missing_lines": [], "excluded_lines": [], "executed_branches": [[84, 85], [84, 88]], "missing_branches": []}, "calculate_snr": {"executed_lines": [115, 117, 118, 121, 122, 123, 125, 127, 128, 130], "summary": {"covered_lines": 10, "num_statements": 10, "percent_covered": 100.0, "percent_covered_display": "100.00", "missing_lines": 0, "excluded_lines": 0, "num_branches": 4, "num_partial_branches": 0, "covered_branches": 4, "missing_branches": 0}, "missing_lines": [], "excluded_lines": [], "executed_branches": [[117, 118], [117, 121], [121, 122], [121, 125]], "missing_branches": []}, "calculate_psnr": {"executed_lines": [148, 149, 151, 152, 154], "summary": {"covered_lines": 5, "num_statements": 5, "percent_covered": 100.0, "percent_covered_display": "100.00", "missing_lines": 0, "excluded_lines": 0, "num_branches": 2, "num_partial_branches": 0, "covered_branches": 2, "missing_branches": 0}, "missing_lines": [], "excluded_lines": [], "executed_branches": [[148, 149], [148, 151]], "missing_branches": []}, "calculate_ssim": {"executed_lines": [175, 176, 178, 179, 180, 182, 183, 185, 189], "summary": {"covered_lines": 9, "num_statements": 9, "percent_covered": 100.0, "percent_covered_display": "100.00", "missing_lines": 0, "excluded_lines": 0, "num_branches": 0, "num_partial_branches": 0, "covered_branches": 0, "missing_branches": 0}, "missing_lines": [], "excluded_lines": [], "executed_branches": [], "missing_branches": []}, "calculate_effect_size": {"executed_lines": [205, 206, 209, 210, 213, 216, 217, 218, 219, 220, 221, 222, 224, 226], "summary": {"covered_lines": 14, "num_statements": 14, "percent_covered": 100.0, "percent_covered_display": "100.00", "missing_lines": 0, "excluded_lines": 0, "num_branches": 6, "num_partial_branches": 0, "covered_branches": 6, "missing_branches": 0}, "missing_lines": [], "excluded_lines": [], "executed_branches": [[217, 218], [217, 219], [219, 220], [219, 221], [221, 222], [221, 224]], "missing_branches": []}, "calculate_p_value_approximation": {"executed_lines": [252, 254, 256, 257, 258, 259, 261, 264, 266], "summary": {"covered_lines": 9, "num_statements": 9, "percent_covered": 100.0, "percent_covered_display": "100.00", "missing_lines": 0, "excluded_lines": 0, "num_branches": 6, "num_partial_branches": 0, "covered_branches": 6, "missing_branches": 0}, "missing_lines": [], "excluded_lines": [], "executed_branches": [[254, 256], [254, 264], [256, 257], [256, 258], [258, 259], [258, 261]], "missing_branches": []}, "CustomMetric.__init__": {"executed_lines": [279, 280], "summary": {"covered_lines": 2, "num_statements": 2, "percent_covered": 100.0, "percent_covered_display": "100.00", "missing_lines": 0, "excluded_lines": 0, "num_branches": 0, "num_partial_branches": 0, "covered_branches": 0, "missing_branches": 0}, "missing_lines": [], "excluded_lines": [], "executed_branches": [], "missing_branches": []}, "CustomMetric.calculate": {"executed_lines": [292], "summary": {"covered_lines": 1, "num_statements": 1, "percent_covered": 100.0, "percent_covered_display": "100.00", "missing_lines": 0, "excluded_lines": 0, "num_branches": 0, "num_partial_branches": 0, "covered_branches": 0, "missing_branches": 0}, "missing_lines": [], "excluded_lines": [], "executed_branches": [], "missing_branches": []}, "calculate_all_metrics": {"executed_lines": [314, 317, 318, 319, 320, 323, 324, 325, 328, 329, 331], "summary": {"covered_lines": 11, "num_statements": 11, "percent_covered": 100.0, "percent_covered_display": "100.00", "missing_lines": 0, "excluded_lines": 0, "num_branches": 6, "num_partial_branches": 0, "covered_branches": 6, "missing_branches": 0}, "missing_lines": [], "excluded_lines": [], "executed_branches": [[317, 318], [317, 323], [323, 324], [323, 328], [328, 329], [328, 331]], "missing_branches": []}, "": {"executed_lines": [1, 6, 8, 10, 13, 33, 66, 102, 133, 157, 192, 235, 269, 270, 272, 282, 295], "summary": {"covered_lines": 15, "num_statements": 15, "percent_covered": 100.0, "percent_covered_display": "100.00", "missing_lines": 0, "excluded_lines": 0, "num_branches": 0, "num_partial_branches": 0, "covered_branches": 0, "missing_branches": 0}, "missing_lines": [], "excluded_lines": [], "executed_branches": [], "missing_branches": []}}, "classes": {"CustomMetric": {"executed_lines": [279, 280, 292], "summary": {"covered_lines": 3, "num_statements": 3, "percent_covered": 100.0, "percent_covered_display": "100.00", "missing_lines": 0, "excluded_lines": 0, "num_branches": 0, "num_partial_branches": 0, "covered_branches": 0, "missing_branches": 0}, "missing_lines": [], "excluded_lines": [], "executed_branches": [], "missing_branches": []}, "": {"executed_lines": [1, 6, 8, 10, 13, 26, 27, 29, 30, 33, 48, 49, 51, 52, 53, 55, 56, 57, 59, 66, 79, 81, 84, 85, 88, 89, 91, 102, 115, 117, 118, 121, 122, 123, 125, 127, 128, 130, 133, 148, 149, 151, 152, 154, 157, 175, 176, 178, 179, 180, 182, 183, 185, 189, 192, 205, 206, 209, 210, 213, 216, 217, 218, 219, 220, 221, 222, 224, 226, 235, 252, 254, 256, 257, 258, 259, 261, 264, 266, 269, 270, 272, 282, 295, 314, 317, 318, 319, 320, 323, 324, 325, 328, 329, 331], "summary": {"covered_lines": 93, "num_statements": 93, "percent_covered": 100.0, "percent_covered_display": "100.00", "missing_lines": 0, "excluded_lines": 0, "num_branches": 30, "num_partial_branches": 0, "covered_branches": 30, "missing_branches": 0}, "missing_lines": [], "excluded_lines": [], "executed_branches": [[26, 27], [26, 29], [48, 49], [48, 51], [84, 85], [84, 88], [117, 118], [117, 121], [121, 122], [121, 125], [148, 149], [148, 151], [217, 218], [217, 219], [219, 220], [219, 221], [221, 222], [221, 224], [254, 256], [254, 264], [256, 257], [256, 258], [258, 259], [258, 261], [317, 318], [317, 323], [323, 324], [323, 328], [328, 329], [328, 331]], "missing_branches": []}}}, "projects/project/src/parameters.py": {"executed_lines": [1, 6, 8, 9, 10, 11, 14, 15, 16, 17, 18, 19, 20, 22, 32, 33, 36, 37, 40, 41, 42, 43, 44, 46, 49, 50, 51, 52, 53, 54, 55, 57, 74, 75, 76, 77, 78, 79, 80, 81, 82, 84, 94, 95, 96, 97, 98, 100, 106, 108, 109, 110, 111, 112, 113, 115, 117, 119, 125, 126, 128, 134, 140, 141, 142, 144, 145, 154, 155, 156, 157, 160, 161, 163, 169, 170, 172, 179, 181, 187, 190, 191, 194, 195, 197, 200, 201, 203, 205, 207, 213, 214, 216, 217, 218, 219], "summary": {"covered_lines": 92, "num_statements": 92, "percent_covered": 100.0, "percent_covered_display": "100.00", "missing_lines": 0, "excluded_lines": 0, "num_branches": 36, "num_partial_branches": 0, "covered_branches": 36, "missing_branches": 0}, "missing_lines": [], "excluded_lines": [], "executed_branches": [[32, 33], [32, 36], [36, 37], [36, 40], [40, 41], [40, 46], [41, 42], [41, 43], [43, 44], [43, 46], [75, 76], [75, 77], [77, 78], [77, 79], [79, -57], [79, 80], [80, 81], [80, 82], [94, 95], [94, 96], [96, 97], [96, 98], [108, 109], [108, 115], [109, 108], [109, 110], [112, 108], [112, 113], [195, 197], [195, 205], [200, 201], [200, 203], [213, 214], [213, 216], [217, 218], [217, 219]], "missing_branches": [], "functions": {"ParameterConstraint.validate": {"executed_lines": [32, 33, 36, 37, 40, 41, 42, 43, 44, 46], "summary": {"covered_lines": 10, "num_statements": 10, "percent_covered": 100.0, "percent_covered_display": "100.00", "missing_lines": 0, "excluded_lines": 0, "num_branches": 10, "num_partial_branches": 0, "covered_branches": 10, "missing_branches": 0}, "missing_lines": [], "excluded_lines": [], "executed_branches": [[32, 33], [32, 36], [36, 37], [36, 40], [40, 41], [40, 46], [41, 42], [41, 43], [43, 44], [43, 46]], "missing_branches": []}, "ParameterSet.add_parameter": {"executed_lines": [74, 75, 76, 77, 78, 79, 80, 81, 82], "summary": {"covered_lines": 9, "num_statements": 9, "percent_covered": 100.0, "percent_covered_display": "100.00", "missing_lines": 0, "excluded_lines": 0, "num_branches": 8, "num_partial_branches": 0, "covered_branches": 8, "missing_branches": 0}, "missing_lines": [], "excluded_lines": [], "executed_branches": [[75, 76], [75, 77], [77, 78], [77, 79], [79, -57], [79, 80], [80, 81], [80, 82]], "missing_branches": []}, "ParameterSet.get": {"executed_lines": [94, 95, 96, 97, 98], "summary": {"covered_lines": 5, "num_statements": 5, "percent_covered": 100.0, "percent_covered_display": "100.00", "missing_lines": 0, "excluded_lines": 0, "num_branches": 4, "num_partial_branches": 0, "covered_branches": 4, "missing_branches": 0}, "missing_lines": [], "excluded_lines": [], "executed_branches": [[94, 95], [94, 96], [96, 97], [96, 98]], "missing_branches": []}, "ParameterSet.validate": {"executed_lines": [106, 108, 109, 110, 111, 112, 113, 115], "summary": {"covered_lines": 8, "num_statements": 8, "percent_covered": 100.0, "percent_covered_display": "100.00", "missing_lines": 0, "excluded_lines": 0, "num_branches": 6, "num_partial_branches": 0, "covered_branches": 6, "missing_branches": 0}, "missing_lines": [], "excluded_lines": [], "executed_branches": [[108, 109], [108, 115], [109, 108], [109, 110], [112, 108], [112, 113]], "missing_branches": []}, "ParameterSet.to_dict": {"executed_lines": [119], "summary": {"covered_lines": 1, "num_statements": 1, "percent_covered": 100.0, "percent_covered_display": "100.00", "missing_lines": 0, "excluded_lines": 0, "num_branches": 0, "num_partial_branches": 0, "covered_branches": 0, "missing_branches": 0}, "missing_lines": [], "excluded_lines": [], "executed_branches": [], "missing_branches": []}, "ParameterSet.from_dict": {"executed_lines": [128], "summary": {"covered_lines": 1, "num_statements": 1, "percent_covered": 100.0, "percent_covered_display": "100.00", "missing_lines": 0, "excluded_lines": 0, "num_branches": 0, "num_partial_branches": 0, "covered_branches": 0, "missing_branches": 0}, "missing_lines": [], "excluded_lines": [], "executed_branches": [], "missing_branches": []}, "ParameterSet.save": {"executed_lines": [140, 141, 142], "summary": {"covered_lines": 3, "num_statements": 3, "percent_covered": 100.0, "percent_covered_display": "100.00", "missing_lines": 0, "excluded_lines": 0, "num_branches": 0, "num_partial_branches": 0, "covered_branches": 0, "missing_branches": 0}, "missing_lines": [], "excluded_lines": [], "executed_branches": [], "missing_branches": []}, "ParameterSet.load": {"executed_lines": [154, 155, 156, 157], "summary": {"covered_lines": 4, "num_statements": 4, "percent_covered": 100.0, "percent_covered_display": "100.00", "missing_lines": 0, "excluded_lines": 0, "num_branches": 0, "num_partial_branches": 0, "covered_branches": 0, "missing_branches": 0}, "missing_lines": [], "excluded_lines": [], "executed_branches": [], "missing_branches": []}, "ParameterSweep.__init__": {"executed_lines": [169, 170], "summary": {"covered_lines": 2, "num_statements": 2, "percent_covered": 100.0, "percent_covered_display": "100.00", "missing_lines": 0, "excluded_lines": 0, "num_branches": 0, "num_partial_branches": 0, "covered_branches": 0, "missing_branches": 0}, "missing_lines": [], "excluded_lines": [], "executed_branches": [], "missing_branches": []}, "ParameterSweep.add_sweep": {"executed_lines": [179], "summary": {"covered_lines": 1, "num_statements": 1, "percent_covered": 100.0, "percent_covered_display": "100.00", "missing_lines": 0, "excluded_lines": 0, "num_branches": 0, "num_partial_branches": 0, "covered_branches": 0, "missing_branches": 0}, "missing_lines": [], "excluded_lines": [], "executed_branches": [], "missing_branches": []}, "ParameterSweep.generate_combinations": {"executed_lines": [187, 190, 191, 194, 195, 197, 200, 201, 203, 205], "summary": {"covered_lines": 10, "num_statements": 10, "percent_covered": 100.0, "percent_covered_display": "100.00", "missing_lines": 0, "excluded_lines": 0, "num_branches": 4, "num_partial_branches": 0, "covered_branches": 4, "missing_branches": 0}, "missing_lines": [], "excluded_lines": [], "executed_branches": [[195, 197], [195, 205], [200, 201], [200, 203]], "missing_branches": []}, "ParameterSweep.get_sweep_size": {"executed_lines": [213, 214, 216, 217, 218, 219], "summary": {"covered_lines": 6, "num_statements": 6, "percent_covered": 100.0, "percent_covered_display": "100.00", "missing_lines": 0, "excluded_lines": 0, "num_branches": 4, "num_partial_branches": 0, "covered_branches": 4, "missing_branches": 0}, "missing_lines": [], "excluded_lines": [], "executed_branches": [[213, 214], [213, 216], [217, 218], [217, 219]], "missing_branches": []}, "": {"executed_lines": [1, 6, 8, 9, 10, 11, 14, 15, 16, 17, 18, 19, 20, 22, 49, 50, 51, 52, 53, 54, 55, 57, 84, 100, 117, 125, 126, 134, 144, 145, 160, 161, 163, 172, 181, 207], "summary": {"covered_lines": 32, "num_statements": 32, "percent_covered": 100.0, "percent_covered_display": "100.00", "missing_lines": 0, "excluded_lines": 0, "num_branches": 0, "num_partial_branches": 0, "covered_branches": 0, "missing_branches": 0}, "missing_lines": [], "excluded_lines": [], "executed_branches": [], "missing_branches": []}}, "classes": {"ParameterConstraint": {"executed_lines": [32, 33, 36, 37, 40, 41, 42, 43, 44, 46], "summary": {"covered_lines": 10, "num_statements": 10, "percent_covered": 100.0, "percent_covered_display": "100.00", "missing_lines": 0, "excluded_lines": 0, "num_branches": 10, "num_partial_branches": 0, "covered_branches": 10, "missing_branches": 0}, "missing_lines": [], "excluded_lines": [], "executed_branches": [[32, 33], [32, 36], [36, 37], [36, 40], [40, 41], [40, 46], [41, 42], [41, 43], [43, 44], [43, 46]], "missing_branches": []}, "ParameterSet": {"executed_lines": [74, 75, 76, 77, 78, 79, 80, 81, 82, 94, 95, 96, 97, 98, 106, 108, 109, 110, 111, 112, 113, 115, 119, 128, 140, 141, 142, 154, 155, 156, 157], "summary": {"covered_lines": 31, "num_statements": 31, "percent_covered": 100.0, "percent_covered_display": "100.00", "missing_lines": 0, "excluded_lines": 0, "num_branches": 18, "num_partial_branches": 0, "covered_branches": 18, "missing_branches": 0}, "missing_lines": [], "excluded_lines": [], "executed_branches": [[75, 76], [75, 77], [77, 78], [77, 79], [79, -57], [79, 80], [80, 81], [80, 82], [94, 95], [94, 96], [96, 97], [96, 98], [108, 109], [108, 115], [109, 108], [109, 110], [112, 108], [112, 113]], "missing_branches": []}, "ParameterSweep": {"executed_lines": [169, 170, 179, 187, 190, 191, 194, 195, 197, 200, 201, 203, 205, 213, 214, 216, 217, 218, 219], "summary": {"covered_lines": 19, "num_statements": 19, "percent_covered": 100.0, "percent_covered_display": "100.00", "missing_lines": 0, "excluded_lines": 0, "num_branches": 8, "num_partial_branches": 0, "covered_branches": 8, "missing_branches": 0}, "missing_lines": [], "excluded_lines": [], "executed_branches": [[195, 197], [195, 205], [200, 201], [200, 203], [213, 214], [213, 216], [217, 218], [217, 219]], "missing_branches": []}, "": {"executed_lines": [1, 6, 8, 9, 10, 11, 14, 15, 16, 17, 18, 19, 20, 22, 49, 50, 51, 52, 53, 54, 55, 57, 84, 100, 117, 125, 126, 134, 144, 145, 160, 161, 163, 172, 181, 207], "summary": {"covered_lines": 32, "num_statements": 32, "percent_covered": 100.0, "percent_covered_display": "100.00", "missing_lines": 0, "excluded_lines": 0, "num_branches": 0, "num_partial_branches": 0, "covered_branches": 0, "missing_branches": 0}, "missing_lines": [], "excluded_lines": [], "executed_branches": [], "missing_branches": []}}}, "projects/project/src/performance.py": {"executed_lines": [1, 6, 8, 9, 10, 12, 15, 16, 17, 18, 19, 20, 21, 22, 23, 25, 27, 37, 54, 55, 57, 60, 61, 64, 65, 66, 67, 69, 72, 75, 76, 77, 78, 79, 80, 83, 84, 85, 87, 88, 89, 91, 92, 93, 95, 105, 106, 107, 108, 109, 110, 111, 112, 113, 115, 117, 127, 142, 143, 146, 149, 150, 151, 152, 155, 156, 157, 158, 159, 161, 171, 184, 185, 188, 189, 192, 193, 196, 197, 198, 199, 200, 201, 202, 203, 204, 205, 207, 210, 223, 226, 239, 240, 242, 245, 260, 261, 263, 266, 267, 268, 271, 272, 274, 276, 286, 301, 304, 305, 307, 309], "summary": {"covered_lines": 108, "num_statements": 108, "percent_covered": 99.33333333333333, "percent_covered_display": "99.33", "missing_lines": 0, "excluded_lines": 0, "num_branches": 42, "num_partial_branches": 1, "covered_branches": 41, "missing_branches": 1}, "missing_lines": [], "excluded_lines": [], "executed_branches": [[54, 55], [54, 57], [60, 61], [60, 64], [64, 65], [64, 69], [76, 77], [76, 83], [77, 78], [77, 83], [78, 77], [78, 79], [84, 85], [84, 95], [87, 88], [87, 95], [91, 92], [142, 143], [142, 146], [150, 151], [150, 155], [156, 157], [156, 161], [184, 185], [184, 188], [196, 197], [196, 198], [198, 199], [198, 200], [200, 201], [200, 202], [202, 203], [202, 204], [204, 205], [204, 207], [239, 240], [239, 242], [260, 261], [260, 263], [271, 272], [271, 274]], "missing_branches": [[91, 95]], "functions": {"ConvergenceMetrics.to_dict": {"executed_lines": [27], "summary": {"covered_lines": 1, "num_statements": 1, "percent_covered": 100.0, "percent_covered_display": "100.00", "missing_lines": 0, "excluded_lines": 0, "num_branches": 0, "num_partial_branches": 0, "covered_branches": 0, "missing_branches": 0}, "missing_lines": [], "excluded_lines": [], "executed_branches": [], "missing_branches": []}, "analyze_convergence": {"executed_lines": [54, 55, 57, 60, 61, 64, 65, 66, 67, 69, 72, 75, 76, 77, 78, 79, 80, 83, 84, 85, 87, 88, 89, 91, 92, 93, 95], "summary": {"covered_lines": 27, "num_statements": 27, "percent_covered": 97.77777777777777, "percent_covered_display": "97.78", "missing_lines": 0, "excluded_lines": 0, "num_branches": 18, "num_partial_branches": 1, "covered_branches": 17, "missing_branches": 1}, "missing_lines": [], "excluded_lines": [], "executed_branches": [[54, 55], [54, 57], [60, 61], [60, 64], [64, 65], [64, 69], [76, 77], [76, 83], [77, 78], [77, 83], [78, 77], [78, 79], [84, 85], [84, 95], [87, 88], [87, 95], [91, 92]], "missing_branches": [[91, 95]]}, "ScalabilityMetrics.to_dict": {"executed_lines": [117], "summary": {"covered_lines": 1, "num_statements": 1, "percent_covered": 100.0, "percent_covered_display": "100.00", "missing_lines": 0, "excluded_lines": 0, "num_branches": 0, "num_partial_branches": 0, "covered_branches": 0, "missing_branches": 0}, "missing_lines": [], "excluded_lines": [], "executed_branches": [], "missing_branches": []}, "analyze_scalability": {"executed_lines": [142, 143, 146, 149, 150, 151, 152, 155, 156, 157, 158, 159, 161], "summary": {"covered_lines": 13, "num_statements": 13, "percent_covered": 100.0, "percent_covered_display": "100.00", "missing_lines": 0, "excluded_lines": 0, "num_branches": 6, "num_partial_branches": 0, "covered_branches": 6, "missing_branches": 0}, "missing_lines": [], "excluded_lines": [], "executed_branches": [[142, 143], [142, 146], [150, 151], [150, 155], [156, 157], [156, 161]], "missing_branches": []}, "_estimate_complexity": {"executed_lines": [184, 185, 188, 189, 192, 193, 196, 197, 198, 199, 200, 201, 202, 203, 204, 205, 207], "summary": {"covered_lines": 17, "num_statements": 17, "percent_covered": 100.0, "percent_covered_display": "100.00", "missing_lines": 0, "excluded_lines": 0, "num_branches": 12, "num_partial_branches": 0, "covered_branches": 12, "missing_branches": 0}, "missing_lines": [], "excluded_lines": [], "executed_branches": [[184, 185], [184, 188], [196, 197], [196, 198], [198, 199], [198, 200], [200, 201], [200, 202], [202, 203], [202, 204], [204, 205], [204, 207]], "missing_branches": []}, "calculate_speedup": {"executed_lines": [223], "summary": {"covered_lines": 1, "num_statements": 1, "percent_covered": 100.0, "percent_covered_display": "100.00", "missing_lines": 0, "excluded_lines": 0, "num_branches": 0, "num_partial_branches": 0, "covered_branches": 0, "missing_branches": 0}, "missing_lines": [], "excluded_lines": [], "executed_branches": [], "missing_branches": []}, "calculate_efficiency": {"executed_lines": [239, 240, 242], "summary": {"covered_lines": 3, "num_statements": 3, "percent_covered": 100.0, "percent_covered_display": "100.00", "missing_lines": 0, "excluded_lines": 0, "num_branches": 2, "num_partial_branches": 0, "covered_branches": 2, "missing_branches": 0}, "missing_lines": [], "excluded_lines": [], "executed_branches": [[239, 240], [239, 242]], "missing_branches": []}, "benchmark_comparison": {"executed_lines": [260, 261, 263, 266, 267, 268, 271, 272, 274, 276], "summary": {"covered_lines": 10, "num_statements": 10, "percent_covered": 100.0, "percent_covered_display": "100.00", "missing_lines": 0, "excluded_lines": 0, "num_branches": 4, "num_partial_branches": 0, "covered_branches": 4, "missing_branches": 0}, "missing_lines": [], "excluded_lines": [], "executed_branches": [[260, 261], [260, 263], [271, 272], [271, 274]], "missing_branches": []}, "check_statistical_significance": {"executed_lines": [301, 304, 305, 307, 309], "summary": {"covered_lines": 5, "num_statements": 5, "percent_covered": 100.0, "percent_covered_display": "100.00", "missing_lines": 0, "excluded_lines": 0, "num_branches": 0, "num_partial_branches": 0, "covered_branches": 0, "missing_branches": 0}, "missing_lines": [], "excluded_lines": [], "executed_branches": [], "missing_branches": []}, "": {"executed_lines": [1, 6, 8, 9, 10, 12, 15, 16, 17, 18, 19, 20, 21, 22, 23, 25, 37, 105, 106, 107, 108, 109, 110, 111, 112, 113, 115, 127, 171, 210, 226, 245, 286], "summary": {"covered_lines": 30, "num_statements": 30, "percent_covered": 100.0, "percent_covered_display": "100.00", "missing_lines": 0, "excluded_lines": 0, "num_branches": 0, "num_partial_branches": 0, "covered_branches": 0, "missing_branches": 0}, "missing_lines": [], "excluded_lines": [], "executed_branches": [], "missing_branches": []}}, "classes": {"ConvergenceMetrics": {"executed_lines": [27], "summary": {"covered_lines": 1, "num_statements": 1, "percent_covered": 100.0, "percent_covered_display": "100.00", "missing_lines": 0, "excluded_lines": 0, "num_branches": 0, "num_partial_branches": 0, "covered_branches": 0, "missing_branches": 0}, "missing_lines": [], "excluded_lines": [], "executed_branches": [], "missing_branches": []}, "ScalabilityMetrics": {"executed_lines": [117], "summary": {"covered_lines": 1, "num_statements": 1, "percent_covered": 100.0, "percent_covered_display": "100.00", "missing_lines": 0, "excluded_lines": 0, "num_branches": 0, "num_partial_branches": 0, "covered_branches": 0, "missing_branches": 0}, "missing_lines": [], "excluded_lines": [], "executed_branches": [], "missing_branches": []}, "": {"executed_lines": [1, 6, 8, 9, 10, 12, 15, 16, 17, 18, 19, 20, 21, 22, 23, 25, 37, 54, 55, 57, 60, 61, 64, 65, 66, 67, 69, 72, 75, 76, 77, 78, 79, 80, 83, 84, 85, 87, 88, 89, 91, 92, 93, 95, 105, 106, 107, 108, 109, 110, 111, 112, 113, 115, 127, 142, 143, 146, 149, 150, 151, 152, 155, 156, 157, 158, 159, 161, 171, 184, 185, 188, 189, 192, 193, 196, 197, 198, 199, 200, 201, 202, 203, 204, 205, 207, 210, 223, 226, 239, 240, 242, 245, 260, 261, 263, 266, 267, 268, 271, 272, 274, 276, 286, 301, 304, 305, 307, 309], "summary": {"covered_lines": 106, "num_statements": 106, "percent_covered": 99.32432432432432, "percent_covered_display": "99.32", "missing_lines": 0, "excluded_lines": 0, "num_branches": 42, "num_partial_branches": 1, "covered_branches": 41, "missing_branches": 1}, "missing_lines": [], "excluded_lines": [], "executed_branches": [[54, 55], [54, 57], [60, 61], [60, 64], [64, 65], [64, 69], [76, 77], [76, 83], [77, 78], [77, 83], [78, 77], [78, 79], [84, 85], [84, 95], [87, 88], [87, 95], [91, 92], [142, 143], [142, 146], [150, 151], [150, 155], [156, 157], [156, 161], [184, 185], [184, 188], [196, 197], [196, 198], [198, 199], [198, 200], [200, 201], [200, 202], [202, 203], [202, 204], [204, 205], [204, 207], [239, 240], [239, 242], [260, 261], [260, 263], [271, 272], [271, 274]], "missing_branches": [[91, 95]]}}}, "projects/project/src/plots.py": {"executed_lines": [1, 6, 8, 10, 11, 12, 14, 17, 42, 43, 45, 47, 48, 50, 53, 78, 79, 81, 83, 84, 86, 89, 110, 111, 113, 114, 115, 116, 118, 121, 144, 145, 147, 149, 150, 151, 153, 154, 155, 157, 158, 160, 163, 188, 189, 191, 192, 193, 195, 196, 198, 201, 222, 224, 225, 226, 228, 229, 231, 234, 253, 254, 256, 258, 259, 261, 262, 263, 264, 265, 267, 270, 291, 292, 294, 296, 297, 299, 300, 301, 302, 304, 305, 306, 308], "summary": {"covered_lines": 84, "num_statements": 84, "percent_covered": 100.0, "percent_covered_display": "100.00", "missing_lines": 0, "excluded_lines": 0, "num_branches": 32, "num_partial_branches": 0, "covered_branches": 32, "missing_branches": 0}, "missing_lines": [], "excluded_lines": [], "executed_branches": [[42, 43], [42, 45], [47, 48], [47, 50], [78, 79], [78, 81], [83, 84], [83, 86], [110, 111], [110, 113], [144, 145], [144, 147], [149, 150], [149, 153], [153, 154], [153, 157], [157, 158], [157, 160], [188, 189], [188, 191], [191, 192], [191, 195], [224, 225], [224, 228], [253, 254], [253, 256], [258, 259], [258, 261], [291, 292], [291, 294], [296, 297], [296, 299]], "missing_branches": [], "functions": {"plot_line": {"executed_lines": [42, 43, 45, 47, 48, 50], "summary": {"covered_lines": 6, "num_statements": 6, "percent_covered": 100.0, "percent_covered_display": "100.00", "missing_lines": 0, "excluded_lines": 0, "num_branches": 4, "num_partial_branches": 0, "covered_branches": 4, "missing_branches": 0}, "missing_lines": [], "excluded_lines": [], "executed_branches": [[42, 43], [42, 45], [47, 48], [47, 50]], "missing_branches": []}, "plot_scatter": {"executed_lines": [78, 79, 81, 83, 84, 86], "summary": {"covered_lines": 6, "num_statements": 6, "percent_covered": 100.0, "percent_covered_display": "100.00", "missing_lines": 0, "excluded_lines": 0, "num_branches": 4, "num_partial_branches": 0, "covered_branches": 4, "missing_branches": 0}, "missing_lines": [], "excluded_lines": [], "executed_branches": [[78, 79], [78, 81], [83, 84], [83, 86]], "missing_branches": []}, "plot_bar": {"executed_lines": [110, 111, 113, 114, 115, 116, 118], "summary": {"covered_lines": 7, "num_statements": 7, "percent_covered": 100.0, "percent_covered_display": "100.00", "missing_lines": 0, "excluded_lines": 0, "num_branches": 2, "num_partial_branches": 0, "covered_branches": 2, "missing_branches": 0}, "missing_lines": [], "excluded_lines": [], "executed_branches": [[110, 111], [110, 113]], "missing_branches": []}, "plot_heatmap": {"executed_lines": [144, 145, 147, 149, 150, 151, 153, 154, 155, 157, 158, 160], "summary": {"covered_lines": 12, "num_statements": 12, "percent_covered": 100.0, "percent_covered_display": "100.00", "missing_lines": 0, "excluded_lines": 0, "num_branches": 8, "num_partial_branches": 0, "covered_branches": 8, "missing_branches": 0}, "missing_lines": [], "excluded_lines": [], "executed_branches": [[144, 145], [144, 147], [149, 150], [149, 153], [153, 154], [153, 157], [157, 158], [157, 160]], "missing_branches": []}, "plot_contour": {"executed_lines": [188, 189, 191, 192, 193, 195, 196, 198], "summary": {"covered_lines": 8, "num_statements": 8, "percent_covered": 100.0, "percent_covered_display": "100.00", "missing_lines": 0, "excluded_lines": 0, "num_branches": 4, "num_partial_branches": 0, "covered_branches": 4, "missing_branches": 0}, "missing_lines": [], "excluded_lines": [], "executed_branches": [[188, 189], [188, 191], [191, 192], [191, 195]], "missing_branches": []}, "plot_3d_surface": {"executed_lines": [222, 224, 225, 226, 228, 229, 231], "summary": {"covered_lines": 7, "num_statements": 7, "percent_covered": 100.0, "percent_covered_display": "100.00", "missing_lines": 0, "excluded_lines": 0, "num_branches": 2, "num_partial_branches": 0, "covered_branches": 2, "missing_branches": 0}, "missing_lines": [], "excluded_lines": [], "executed_branches": [[224, 225], [224, 228]], "missing_branches": []}, "plot_convergence": {"executed_lines": [253, 254, 256, 258, 259, 261, 262, 263, 264, 265, 267], "summary": {"covered_lines": 11, "num_statements": 11, "percent_covered": 100.0, "percent_covered_display": "100.00", "missing_lines": 0, "excluded_lines": 0, "num_branches": 4, "num_partial_branches": 0, "covered_branches": 4, "missing_branches": 0}, "missing_lines": [], "excluded_lines": [], "executed_branches": [[253, 254], [253, 256], [258, 259], [258, 261]], "missing_branches": []}, "plot_comparison": {"executed_lines": [291, 292, 294, 296, 297, 299, 300, 301, 302, 304, 305, 306, 308], "summary": {"covered_lines": 13, "num_statements": 13, "percent_covered": 100.0, "percent_covered_display": "100.00", "missing_lines": 0, "excluded_lines": 0, "num_branches": 4, "num_partial_branches": 0, "covered_branches": 4, "missing_branches": 0}, "missing_lines": [], "excluded_lines": [], "executed_branches": [[291, 292], [291, 294], [296, 297], [296, 299]], "missing_branches": []}, "": {"executed_lines": [1, 6, 8, 10, 11, 12, 14, 17, 53, 89, 121, 163, 201, 234, 270], "summary": {"covered_lines": 14, "num_statements": 14, "percent_covered": 100.0, "percent_covered_display": "100.00", "missing_lines": 0, "excluded_lines": 0, "num_branches": 0, "num_partial_branches": 0, "covered_branches": 0, "missing_branches": 0}, "missing_lines": [], "excluded_lines": [], "executed_branches": [], "missing_branches": []}}, "classes": {"": {"executed_lines": [1, 6, 8, 10, 11, 12, 14, 17, 42, 43, 45, 47, 48, 50, 53, 78, 79, 81, 83, 84, 86, 89, 110, 111, 113, 114, 115, 116, 118, 121, 144, 145, 147, 149, 150, 151, 153, 154, 155, 157, 158, 160, 163, 188, 189, 191, 192, 193, 195, 196, 198, 201, 222, 224, 225, 226, 228, 229, 231, 234, 253, 254, 256, 258, 259, 261, 262, 263, 264, 265, 267, 270, 291, 292, 294, 296, 297, 299, 300, 301, 302, 304, 305, 306, 308], "summary": {"covered_lines": 84, "num_statements": 84, "percent_covered": 100.0, "percent_covered_display": "100.00", "missing_lines": 0, "excluded_lines": 0, "num_branches": 32, "num_partial_branches": 0, "covered_branches": 32, "missing_branches": 0}, "missing_lines": [], "excluded_lines": [], "executed_branches": [[42, 43], [42, 45], [47, 48], [47, 50], [78, 79], [78, 81], [83, 84], [83, 86], [110, 111], [110, 113], [144, 145], [144, 147], [149, 150], [149, 153], [153, 154], [153, 157], [157, 158], [157, 160], [188, 189], [188, 191], [191, 192], [191, 195], [224, 225], [224, 228], [253, 254], [253, 256], [258, 259], [258, 261], [291, 292], [291, 294], [296, 297], [296, 299]], "missing_branches": []}}}, "projects/project/src/reporting.py": {"executed_lines": [1, 6, 8, 9, 10, 11, 13, 14, 21, 22, 24, 30, 31, 33, 49, 50, 52, 54, 64, 65, 68, 69, 73, 74, 75, 78, 79, 83, 86, 87, 91, 92, 95, 96, 98, 100, 116, 117, 119, 121, 136, 137, 140, 141, 145, 146, 148, 153, 154, 156, 158, 174, 175, 177, 179, 201, 202, 203, 205, 209, 210, 212, 214, 242, 256, 259, 260, 261, 262, 263, 266, 267, 268, 269, 271, 274, 275, 276, 277, 279, 281, 295, 301, 302, 303, 304, 305, 307, 308, 316, 318, 320, 321, 322, 323, 325, 326, 327, 329, 331, 332, 333, 334, 336, 337, 338, 340, 342, 343, 344, 345, 347, 348, 349, 351, 353, 354, 355, 356, 357, 358, 359, 360, 361, 362, 364, 365, 366, 368, 370, 376, 377, 378, 381, 384, 385, 386, 388, 389, 391, 393, 403, 404, 405, 408, 409, 410, 411, 413, 421, 423, 425, 426], "summary": {"covered_lines": 151, "num_statements": 154, "percent_covered": 98.69565217391305, "percent_covered_display": "98.70", "missing_lines": 3, "excluded_lines": 0, "num_branches": 76, "num_partial_branches": 0, "covered_branches": 76, "missing_branches": 0}, "missing_lines": [230, 231, 240], "excluded_lines": [], "executed_branches": [[49, 50], [49, 52], [64, 65], [64, 68], [68, 69], [68, 78], [73, 74], [73, 75], [78, 79], [78, 86], [86, 87], [86, 95], [91, 92], [91, 95], [116, 117], [116, 119], [136, 137], [136, 140], [140, 141], [140, 148], [145, 146], [145, 148], [174, 175], [174, 177], [201, 202], [201, 205], [202, 203], [202, 205], [259, 260], [259, 266], [261, 262], [261, 266], [262, 261], [262, 263], [266, 267], [266, 274], [268, 269], [268, 271], [274, 275], [274, 279], [276, 277], [276, 279], [301, 302], [301, 316], [303, 304], [303, 307], [304, 303], [304, 305], [307, 301], [307, 308], [321, 322], [321, 326], [322, 323], [322, 325], [332, 333], [332, 337], [333, 334], [333, 336], [343, 344], [343, 348], [344, 345], [344, 347], [354, 355], [354, 366], [357, 358], [357, 360], [358, 359], [358, 365], [360, 361], [360, 364], [361, 362], [361, 365], [384, 385], [384, 388], [409, 410], [409, 413]], "missing_branches": [], "functions": {"ReportGenerator.__init__": {"executed_lines": [30, 31], "summary": {"covered_lines": 2, "num_statements": 2, "percent_covered": 100.0, "percent_covered_display": "100.00", "missing_lines": 0, "excluded_lines": 0, "num_branches": 0, "num_partial_branches": 0, "covered_branches": 0, "missing_branches": 0}, "missing_lines": [], "excluded_lines": [], "executed_branches": [], "missing_branches": []}, "ReportGenerator.generate_markdown_report": {"executed_lines": [49, 50, 52, 54, 64, 65, 68, 69, 73, 74, 75, 78, 79, 83, 86, 87, 91, 92, 95, 96, 98], "summary": {"covered_lines": 21, "num_statements": 21, "percent_covered": 100.0, "percent_covered_display": "100.00", "missing_lines": 0, "excluded_lines": 0, "num_branches": 14, "num_partial_branches": 0, "covered_branches": 14, "missing_branches": 0}, "missing_lines": [], "excluded_lines": [], "executed_branches": [[49, 50], [49, 52], [64, 65], [64, 68], [68, 69], [68, 78], [73, 74], [73, 75], [78, 79], [78, 86], [86, 87], [86, 95], [91, 92], [91, 95]], "missing_branches": []}, "ReportGenerator.generate_latex_report": {"executed_lines": [116, 117, 119, 121, 136, 137, 140, 141, 145, 146, 148, 153, 154, 156], "summary": {"covered_lines": 14, "num_statements": 14, "percent_covered": 100.0, "percent_covered_display": "100.00", "missing_lines": 0, "excluded_lines": 0, "num_branches": 8, "num_partial_branches": 0, "covered_branches": 8, "missing_branches": 0}, "missing_lines": [], "excluded_lines": [], "executed_branches": [[116, 117], [116, 119], [136, 137], [136, 140], [140, 141], [140, 148], [145, 146], [145, 148]], "missing_branches": []}, "ReportGenerator.generate_html_report": {"executed_lines": [174, 175, 177, 179, 201, 202, 203, 205, 209, 210, 212], "summary": {"covered_lines": 11, "num_statements": 11, "percent_covered": 100.0, "percent_covered_display": "100.00", "missing_lines": 0, "excluded_lines": 0, "num_branches": 6, "num_partial_branches": 0, "covered_branches": 6, "missing_branches": 0}, "missing_lines": [], "excluded_lines": [], "executed_branches": [[174, 175], [174, 177], [201, 202], [201, 205], [202, 203], [202, 205]], "missing_branches": []}, "ReportGenerator.save_structured_report": {"executed_lines": [], "summary": {"covered_lines": 0, "num_statements": 3, "percent_covered": 0.0, "percent_covered_display": "0.00", "missing_lines": 3, "excluded_lines": 0, "num_branches": 0, "num_partial_branches": 0, "covered_branches": 0, "missing_branches": 0}, "missing_lines": [230, 231, 240], "excluded_lines": [], "executed_branches": [], "missing_branches": []}, "ReportGenerator.extract_key_findings": {"executed_lines": [256, 259, 260, 261, 262, 263, 266, 267, 268, 269, 271, 274, 275, 276, 277, 279], "summary": {"covered_lines": 16, "num_statements": 16, "percent_covered": 100.0, "percent_covered_display": "100.00", "missing_lines": 0, "excluded_lines": 0, "num_branches": 14, "num_partial_branches": 0, "covered_branches": 14, "missing_branches": 0}, "missing_lines": [], "excluded_lines": [], "executed_branches": [[259, 260], [259, 266], [261, 262], [261, 266], [262, 261], [262, 263], [266, 267], [266, 274], [268, 269], [268, 271], [274, 275], [274, 279], [276, 277], [276, 279]], "missing_branches": []}, "ReportGenerator.create_comparison_report": {"executed_lines": [295, 301, 302, 303, 304, 305, 307, 308, 316], "summary": {"covered_lines": 9, "num_statements": 9, "percent_covered": 100.0, "percent_covered_display": "100.00", "missing_lines": 0, "excluded_lines": 0, "num_branches": 8, "num_partial_branches": 0, "covered_branches": 8, "missing_branches": 0}, "missing_lines": [], "excluded_lines": [], "executed_branches": [[301, 302], [301, 316], [303, 304], [303, 307], [304, 303], [304, 305], [307, 301], [307, 308]], "missing_branches": []}, "ReportGenerator._format_summary": {"executed_lines": [320, 321, 322, 323, 325, 326, 327], "summary": {"covered_lines": 7, "num_statements": 7, "percent_covered": 100.0, "percent_covered_display": "100.00", "missing_lines": 0, "excluded_lines": 0, "num_branches": 4, "num_partial_branches": 0, "covered_branches": 4, "missing_branches": 0}, "missing_lines": [], "excluded_lines": [], "executed_branches": [[321, 322], [321, 326], [322, 323], [322, 325]], "missing_branches": []}, "ReportGenerator._format_summary_latex": {"executed_lines": [331, 332, 333, 334, 336, 337, 338], "summary": {"covered_lines": 7, "num_statements": 7, "percent_covered": 100.0, "percent_covered_display": "100.00", "missing_lines": 0, "excluded_lines": 0, "num_branches": 4, "num_partial_branches": 0, "covered_branches": 4, "missing_branches": 0}, "missing_lines": [], "excluded_lines": [], "executed_branches": [[332, 333], [332, 337], [333, 334], [333, 336]], "missing_branches": []}, "ReportGenerator._format_summary_html": {"executed_lines": [342, 343, 344, 345, 347, 348, 349], "summary": {"covered_lines": 7, "num_statements": 7, "percent_covered": 100.0, "percent_covered_display": "100.00", "missing_lines": 0, "excluded_lines": 0, "num_branches": 4, "num_partial_branches": 0, "covered_branches": 4, "missing_branches": 0}, "missing_lines": [], "excluded_lines": [], "executed_branches": [[343, 344], [343, 348], [344, 345], [344, 347]], "missing_branches": []}, "ReportGenerator._format_details": {"executed_lines": [353, 354, 355, 356, 357, 358, 359, 360, 361, 362, 364, 365, 366], "summary": {"covered_lines": 13, "num_statements": 13, "percent_covered": 100.0, "percent_covered_display": "100.00", "missing_lines": 0, "excluded_lines": 0, "num_branches": 10, "num_partial_branches": 0, "covered_branches": 10, "missing_branches": 0}, "missing_lines": [], "excluded_lines": [], "executed_branches": [[354, 355], [354, 366], [357, 358], [357, 360], [358, 359], [358, 365], [360, 361], [360, 364], [361, 362], [361, 365]], "missing_branches": []}, "ReportGenerator._format_table": {"executed_lines": [370, 376, 377, 378, 381, 384, 385, 386, 388, 389], "summary": {"covered_lines": 10, "num_statements": 10, "percent_covered": 100.0, "percent_covered_display": "100.00", "missing_lines": 0, "excluded_lines": 0, "num_branches": 2, "num_partial_branches": 0, "covered_branches": 2, "missing_branches": 0}, "missing_lines": [], "excluded_lines": [], "executed_branches": [[384, 385], [384, 388]], "missing_branches": []}, "ReportGenerator._format_table_latex": {"executed_lines": [393, 403, 404, 405, 408, 409, 410, 411, 413, 421], "summary": {"covered_lines": 10, "num_statements": 10, "percent_covered": 100.0, "percent_covered_display": "100.00", "missing_lines": 0, "excluded_lines": 0, "num_branches": 2, "num_partial_branches": 0, "covered_branches": 2, "missing_branches": 0}, "missing_lines": [], "excluded_lines": [], "executed_branches": [[409, 410], [409, 413]], "missing_branches": []}, "ReportGenerator._get_timestamp": {"executed_lines": [425, 426], "summary": {"covered_lines": 2, "num_statements": 2, "percent_covered": 100.0, "percent_covered_display": "100.00", "missing_lines": 0, "excluded_lines": 0, "num_branches": 0, "num_partial_branches": 0, "covered_branches": 0, "missing_branches": 0}, "missing_lines": [], "excluded_lines": [], "executed_branches": [], "missing_branches": []}, "": {"executed_lines": [1, 6, 8, 9, 10, 11, 13, 14, 21, 22, 24, 33, 100, 158, 214, 242, 281, 318, 329, 340, 351, 368, 391, 423], "summary": {"covered_lines": 22, "num_statements": 22, "percent_covered": 100.0, "percent_covered_display": "100.00", "missing_lines": 0, "excluded_lines": 0, "num_branches": 0, "num_partial_branches": 0, "covered_branches": 0, "missing_branches": 0}, "missing_lines": [], "excluded_lines": [], "executed_branches": [], "missing_branches": []}}, "classes": {"ReportGenerator": {"executed_lines": [30, 31, 49, 50, 52, 54, 64, 65, 68, 69, 73, 74, 75, 78, 79, 83, 86, 87, 91, 92, 95, 96, 98, 116, 117, 119, 121, 136, 137, 140, 141, 145, 146, 148, 153, 154, 156, 174, 175, 177, 179, 201, 202, 203, 205, 209, 210, 212, 256, 259, 260, 261, 262, 263, 266, 267, 268, 269, 271, 274, 275, 276, 277, 279, 295, 301, 302, 303, 304, 305, 307, 308, 316, 320, 321, 322, 323, 325, 326, 327, 331, 332, 333, 334, 336, 337, 338, 342, 343, 344, 345, 347, 348, 349, 353, 354, 355, 356, 357, 358, 359, 360, 361, 362, 364, 365, 366, 370, 376, 377, 378, 381, 384, 385, 386, 388, 389, 393, 403, 404, 405, 408, 409, 410, 411, 413, 421, 425, 426], "summary": {"covered_lines": 129, "num_statements": 132, "percent_covered": 98.5576923076923, "percent_covered_display": "98.56", "missing_lines": 3, "excluded_lines": 0, "num_branches": 76, "num_partial_branches": 0, "covered_branches": 76, "missing_branches": 0}, "missing_lines": [230, 231, 240], "excluded_lines": [], "executed_branches": [[49, 50], [49, 52], [64, 65], [64, 68], [68, 69], [68, 78], [73, 74], [73, 75], [78, 79], [78, 86], [86, 87], [86, 95], [91, 92], [91, 95], [116, 117], [116, 119], [136, 137], [136, 140], [140, 141], [140, 148], [145, 146], [145, 148], [174, 175], [174, 177], [201, 202], [201, 205], [202, 203], [202, 205], [259, 260], [259, 266], [261, 262], [261, 266], [262, 261], [262, 263], [266, 267], [266, 274], [268, 269], [268, 271], [274, 275], [274, 279], [276, 277], [276, 279], [301, 302], [301, 316], [303, 304], [303, 307], [304, 303], [304, 305], [307, 301], [307, 308], [321, 322], [321, 326], [322, 323], [322, 325], [332, 333], [332, 337], [333, 334], [333, 336], [343, 344], [343, 348], [344, 345], [344, 347], [354, 355], [354, 366], [357, 358], [357, 360], [358, 359], [358, 365], [360, 361], [360, 364], [361, 362], [361, 365], [384, 385], [384, 388], [409, 410], [409, 413]], "missing_branches": []}, "": {"executed_lines": [1, 6, 8, 9, 10, 11, 13, 14, 21, 22, 24, 33, 100, 158, 214, 242, 281, 318, 329, 340, 351, 368, 391, 423], "summary": {"covered_lines": 22, "num_statements": 22, "percent_covered": 100.0, "percent_covered_display": "100.00", "missing_lines": 0, "excluded_lines": 0, "num_branches": 0, "num_partial_branches": 0, "covered_branches": 0, "missing_branches": 0}, "missing_lines": [], "excluded_lines": [], "executed_branches": [], "missing_branches": []}}}, "projects/project/src/simulation.py": {"executed_lines": [1, 6, 8, 9, 10, 11, 12, 13, 14, 16, 19, 20, 21, 22, 23, 24, 25, 26, 27, 29, 31, 33, 34, 36, 39, 40, 46, 61, 62, 63, 64, 67, 75, 76, 79, 82, 83, 85, 86, 88, 90, 91, 100, 102, 103, 112, 114, 130, 131, 133, 134, 135, 136, 139, 142, 143, 146, 147, 149, 151, 152, 153, 156, 157, 158, 160, 162, 168, 169, 170, 172, 174, 183, 184, 185, 187, 188, 189, 190, 193, 194, 197, 198, 200, 201, 202, 204, 218, 219, 221, 222, 224, 227, 228, 229, 230, 231, 234, 235, 236, 242, 245, 246, 247, 248, 250, 252, 258, 260, 261, 264, 267, 268, 269, 270, 271, 273, 279, 280, 282, 283, 285, 293, 294, 296, 298, 299, 300, 301, 303, 305, 307, 310, 311, 312, 314, 316, 317, 319, 325, 327, 328, 331, 332, 334], "summary": {"covered_lines": 132, "num_statements": 132, "percent_covered": 100.0, "percent_covered_display": "100.00", "missing_lines": 0, "excluded_lines": 26, "num_branches": 40, "num_partial_branches": 0, "covered_branches": 40, "missing_branches": 0}, "missing_lines": [], "excluded_lines": [85, 86, 87, 88, 90, 91, 92, 93, 94, 95, 96, 97, 98, 99, 100, 102, 103, 104, 105, 106, 107, 108, 109, 110, 111, 112], "executed_branches": [[75, 76], [75, 79], [134, 135], [134, 156], [135, 136], [135, 139], [146, 147], [146, 149], [151, 134], [151, 152], [184, 185], [184, 187], [193, 194], [193, 197], [197, 198], [197, 200], [218, 219], [218, 221], [221, 222], [221, 224], [227, 228], [227, 234], [234, 235], [234, 245], [245, 246], [245, 250], [267, -252], [267, 268], [268, 267], [268, 269], [270, 267], [270, 271], [279, 280], [279, 282], [311, 312], [311, 314], [327, 328], [327, 331], [331, 332], [331, 334]], "missing_branches": [], "functions": {"SimulationState.to_dict": {"executed_lines": [31], "summary": {"covered_lines": 1, "num_statements": 1, "percent_covered": 100.0, "percent_covered_display": "100.00", "missing_lines": 0, "excluded_lines": 0, "num_branches": 0, "num_partial_branches": 0, "covered_branches": 0, "missing_branches": 0}, "missing_lines": [], "excluded_lines": [], "executed_branches": [], "missing_branches": []}, "SimulationState.from_dict": {"executed_lines": [36], "summary": {"covered_lines": 1, "num_statements": 1, "percent_covered": 100.0, "percent_covered_display": "100.00", "missing_lines": 0, "excluded_lines": 0, "num_branches": 0, "num_partial_branches": 0, "covered_branches": 0, "missing_branches": 0}, "missing_lines": [], "excluded_lines": [], "executed_branches": [], "missing_branches": []}, "SimulationBase.__init__": {"executed_lines": [61, 62, 63, 64, 67, 75, 76, 79, 82, 83], "summary": {"covered_lines": 10, "num_statements": 10, "percent_covered": 100.0, "percent_covered_display": "100.00", "missing_lines": 0, "excluded_lines": 0, "num_branches": 2, "num_partial_branches": 0, "covered_branches": 2, "missing_branches": 0}, "missing_lines": [], "excluded_lines": [], "executed_branches": [[75, 76], [75, 79]], "missing_branches": []}, "SimulationBase.initialize": {"executed_lines": [88], "summary": {"covered_lines": 0, "num_statements": 0, "percent_covered": 100.0, "percent_covered_display": "100.00", "missing_lines": 0, "excluded_lines": 2, "num_branches": 0, "num_partial_branches": 0, "covered_branches": 0, "missing_branches": 0}, "missing_lines": [], "excluded_lines": [87, 88], "executed_branches": [], "missing_branches": []}, "SimulationBase.step": {"executed_lines": [100], "summary": {"covered_lines": 0, "num_statements": 0, "percent_covered": 100.0, "percent_covered_display": "100.00", "missing_lines": 0, "excluded_lines": 9, "num_branches": 0, "num_partial_branches": 0, "covered_branches": 0, "missing_branches": 0}, "missing_lines": [], "excluded_lines": [92, 93, 94, 95, 96, 97, 98, 99, 100], "executed_branches": [], "missing_branches": []}, "SimulationBase.should_continue": {"executed_lines": [112], "summary": {"covered_lines": 0, "num_statements": 0, "percent_covered": 100.0, "percent_covered_display": "100.00", "missing_lines": 0, "excluded_lines": 9, "num_branches": 0, "num_partial_branches": 0, "covered_branches": 0, "missing_branches": 0}, "missing_lines": [], "excluded_lines": [104, 105, 106, 107, 108, 109, 110, 111, 112], "executed_branches": [], "missing_branches": []}, "SimulationBase.run": {"executed_lines": [130, 131, 133, 134, 135, 136, 139, 142, 143, 146, 147, 149, 151, 152, 153, 156, 157, 158, 160], "summary": {"covered_lines": 19, "num_statements": 19, "percent_covered": 100.0, "percent_covered_display": "100.00", "missing_lines": 0, "excluded_lines": 0, "num_branches": 8, "num_partial_branches": 0, "covered_branches": 8, "missing_branches": 0}, "missing_lines": [], "excluded_lines": [], "executed_branches": [[134, 135], [134, 156], [135, 136], [135, 139], [146, 147], [146, 149], [151, 134], [151, 152]], "missing_branches": []}, "SimulationBase.save_checkpoint": {"executed_lines": [168, 169, 170, 172], "summary": {"covered_lines": 4, "num_statements": 4, "percent_covered": 100.0, "percent_covered_display": "100.00", "missing_lines": 0, "excluded_lines": 0, "num_branches": 0, "num_partial_branches": 0, "covered_branches": 0, "missing_branches": 0}, "missing_lines": [], "excluded_lines": [], "executed_branches": [], "missing_branches": []}, "SimulationBase.load_checkpoint": {"executed_lines": [183, 184, 185, 187, 188, 189, 190, 193, 194, 197, 198, 200, 201, 202], "summary": {"covered_lines": 14, "num_statements": 14, "percent_covered": 100.0, "percent_covered_display": "100.00", "missing_lines": 0, "excluded_lines": 0, "num_branches": 6, "num_partial_branches": 0, "covered_branches": 6, "missing_branches": 0}, "missing_lines": [], "excluded_lines": [], "executed_branches": [[184, 185], [184, 187], [193, 194], [193, 197], [197, 198], [197, 200]], "missing_branches": []}, "SimulationBase.save_results": {"executed_lines": [218, 219, 221, 222, 224, 227, 228, 229, 230, 231, 234, 235, 236, 242, 245, 246, 247, 248, 250], "summary": {"covered_lines": 19, "num_statements": 19, "percent_covered": 100.0, "percent_covered_display": "100.00", "missing_lines": 0, "excluded_lines": 0, "num_branches": 10, "num_partial_branches": 0, "covered_branches": 10, "missing_branches": 0}, "missing_lines": [], "excluded_lines": [], "executed_branches": [[218, 219], [218, 221], [221, 222], [221, 224], [227, 228], [227, 234], [234, 235], [234, 245], [245, 246], [245, 250]], "missing_branches": []}, "SimulationBase._save_results_csv": {"executed_lines": [258, 260, 261, 264, 267, 268, 269, 270, 271], "summary": {"covered_lines": 9, "num_statements": 9, "percent_covered": 100.0, "percent_covered_display": "100.00", "missing_lines": 0, "excluded_lines": 0, "num_branches": 6, "num_partial_branches": 0, "covered_branches": 6, "missing_branches": 0}, "missing_lines": [], "excluded_lines": [], "executed_branches": [[267, -252], [267, 268], [268, 267], [268, 269], [270, 267], [270, 271]], "missing_branches": []}, "SimulationBase.get_progress": {"executed_lines": [279, 280, 282, 283, 285], "summary": {"covered_lines": 5, "num_statements": 5, "percent_covered": 100.0, "percent_covered_display": "100.00", "missing_lines": 0, "excluded_lines": 0, "num_branches": 2, "num_partial_branches": 0, "covered_branches": 2, "missing_branches": 0}, "missing_lines": [], "excluded_lines": [], "executed_branches": [[279, 280], [279, 282]], "missing_branches": []}, "SimpleSimulation.__init__": {"executed_lines": [298, 299, 300, 301], "summary": {"covered_lines": 4, "num_statements": 4, "percent_covered": 100.0, "percent_covered_display": "100.00", "missing_lines": 0, "excluded_lines": 0, "num_branches": 0, "num_partial_branches": 0, "covered_branches": 0, "missing_branches": 0}, "missing_lines": [], "excluded_lines": [], "executed_branches": [], "missing_branches": []}, "SimpleSimulation.initialize": {"executed_lines": [305], "summary": {"covered_lines": 1, "num_statements": 1, "percent_covered": 100.0, "percent_covered_display": "100.00", "missing_lines": 0, "excluded_lines": 0, "num_branches": 0, "num_partial_branches": 0, "covered_branches": 0, "missing_branches": 0}, "missing_lines": [], "excluded_lines": [], "executed_branches": [], "missing_branches": []}, "SimpleSimulation.step": {"executed_lines": [310, 311, 312, 314, 316, 317, 319], "summary": {"covered_lines": 7, "num_statements": 7, "percent_covered": 100.0, "percent_covered_display": "100.00", "missing_lines": 0, "excluded_lines": 0, "num_branches": 2, "num_partial_branches": 0, "covered_branches": 2, "missing_branches": 0}, "missing_lines": [], "excluded_lines": [], "executed_branches": [[311, 312], [311, 314]], "missing_branches": []}, "SimpleSimulation.should_continue": {"executed_lines": [327, 328, 331, 332, 334], "summary": {"covered_lines": 5, "num_statements": 5, "percent_covered": 100.0, "percent_covered_display": "100.00", "missing_lines": 0, "excluded_lines": 0, "num_branches": 4, "num_partial_branches": 0, "covered_branches": 4, "missing_branches": 0}, "missing_lines": [], "excluded_lines": [], "executed_branches": [[327, 328], [327, 331], [331, 332], [331, 334]], "missing_branches": []}, "": {"executed_lines": [1, 6, 8, 9, 10, 11, 12, 13, 14, 16, 19, 20, 21, 22, 23, 24, 25, 26, 27, 29, 33, 34, 39, 40, 46, 85, 86, 90, 91, 102, 103, 114, 162, 174, 204, 252, 273, 293, 294, 296, 303, 307, 325], "summary": {"covered_lines": 33, "num_statements": 33, "percent_covered": 100.0, "percent_covered_display": "100.00", "missing_lines": 0, "excluded_lines": 6, "num_branches": 0, "num_partial_branches": 0, "covered_branches": 0, "missing_branches": 0}, "missing_lines": [], "excluded_lines": [85, 86, 90, 91, 102, 103], "executed_branches": [], "missing_branches": []}}, "classes": {"SimulationState": {"executed_lines": [31, 36], "summary": {"covered_lines": 2, "num_statements": 2, "percent_covered": 100.0, "percent_covered_display": "100.00", "missing_lines": 0, "excluded_lines": 0, "num_branches": 0, "num_partial_branches": 0, "covered_branches": 0, "missing_branches": 0}, "missing_lines": [], "excluded_lines": [], "executed_branches": [], "missing_branches": []}, "SimulationBase": {"executed_lines": [61, 62, 63, 64, 67, 75, 76, 79, 82, 83, 88, 100, 112, 130, 131, 133, 134, 135, 136, 139, 142, 143, 146, 147, 149, 151, 152, 153, 156, 157, 158, 160, 168, 169, 170, 172, 183, 184, 185, 187, 188, 189, 190, 193, 194, 197, 198, 200, 201, 202, 218, 219, 221, 222, 224, 227, 228, 229, 230, 231, 234, 235, 236, 242, 245, 246, 247, 248, 250, 258, 260, 261, 264, 267, 268, 269, 270, 271, 279, 280, 282, 283, 285], "summary": {"covered_lines": 80, "num_statements": 80, "percent_covered": 100.0, "percent_covered_display": "100.00", "missing_lines": 0, "excluded_lines": 20, "num_branches": 34, "num_partial_branches": 0, "covered_branches": 34, "missing_branches": 0}, "missing_lines": [], "excluded_lines": [87, 88, 92, 93, 94, 95, 96, 97, 98, 99, 100, 104, 105, 106, 107, 108, 109, 110, 111, 112], "executed_branches": [[75, 76], [75, 79], [134, 135], [134, 156], [135, 136], [135, 139], [146, 147], [146, 149], [151, 134], [151, 152], [184, 185], [184, 187], [193, 194], [193, 197], [197, 198], [197, 200], [218, 219], [218, 221], [221, 222], [221, 224], [227, 228], [227, 234], [234, 235], [234, 245], [245, 246], [245, 250], [267, -252], [267, 268], [268, 267], [268, 269], [270, 267], [270, 271], [279, 280], [279, 282]], "missing_branches": []}, "SimpleSimulation": {"executed_lines": [298, 299, 300, 301, 305, 310, 311, 312, 314, 316, 317, 319, 327, 328, 331, 332, 334], "summary": {"covered_lines": 17, "num_statements": 17, "percent_covered": 100.0, "percent_covered_display": "100.00", "missing_lines": 0, "excluded_lines": 0, "num_branches": 6, "num_partial_branches": 0, "covered_branches": 6, "missing_branches": 0}, "missing_lines": [], "excluded_lines": [], "executed_branches": [[311, 312], [311, 314], [327, 328], [327, 331], [331, 332], [331, 334]], "missing_branches": []}, "": {"executed_lines": [1, 6, 8, 9, 10, 11, 12, 13, 14, 16, 19, 20, 21, 22, 23, 24, 25, 26, 27, 29, 33, 34, 39, 40, 46, 85, 86, 90, 91, 102, 103, 114, 162, 174, 204, 252, 273, 293, 294, 296, 303, 307, 325], "summary": {"covered_lines": 33, "num_statements": 33, "percent_covered": 100.0, "percent_covered_display": "100.00", "missing_lines": 0, "excluded_lines": 6, "num_branches": 0, "num_partial_branches": 0, "covered_branches": 0, "missing_branches": 0}, "missing_lines": [], "excluded_lines": [85, 86, 90, 91, 102, 103], "executed_branches": [], "missing_branches": []}}}, "projects/project/src/statistics.py": {"executed_lines": [1, 6, 8, 9, 11, 14, 15, 16, 17, 18, 19, 20, 21, 22, 23, 24, 26, 28, 40, 49, 51, 63, 80, 82, 83, 85, 86, 87, 88, 89, 92, 93, 94, 97, 98, 101, 107, 109, 117, 132, 133, 135, 137, 138, 140, 141, 142, 144, 147, 148, 150, 152, 159, 172, 173, 174, 178, 180, 182, 185, 198, 199, 204, 206, 207, 212, 213, 219, 222, 232, 233, 234, 237, 239, 242, 244, 247, 248, 249, 252, 254], "summary": {"covered_lines": 79, "num_statements": 79, "percent_covered": 100.0, "percent_covered_display": "100.00", "missing_lines": 0, "excluded_lines": 0, "num_branches": 16, "num_partial_branches": 0, "covered_branches": 16, "missing_branches": 0}, "missing_lines": [], "excluded_lines": [], "executed_branches": [[80, 82], [80, 92], [82, 83], [82, 85], [132, 133], [132, 135], [135, 137], [135, 138], [138, 140], [138, 144], [198, 199], [198, 204], [204, 206], [204, 212], [212, 213], [212, 219]], "missing_branches": [], "functions": {"DescriptiveStats.to_dict": {"executed_lines": [28], "summary": {"covered_lines": 1, "num_statements": 1, "percent_covered": 100.0, "percent_covered_display": "100.00", "missing_lines": 0, "excluded_lines": 0, "num_branches": 0, "num_partial_branches": 0, "covered_branches": 0, "missing_branches": 0}, "missing_lines": [], "excluded_lines": [], "executed_branches": [], "missing_branches": []}, "calculate_descriptive_stats": {"executed_lines": [49, 51], "summary": {"covered_lines": 2, "num_statements": 2
[...]
35, 138], [138, 140], [138, 144]], "missing_branches": []}, "calculate_confidence_interval": {"executed_lines": [172, 173, 174, 178, 180, 182], "summary": {"covered_lines": 6, "num_statements": 6, "percent_covered": 100.0, "percent_covered_display": "100.00", "missing_lines": 0, "excluded_lines": 0, "num_branches": 0, "num_partial_branches": 0, "covered_branches": 0, "missing_branches": 0}, "missing_lines": [], "excluded_lines": [], "executed_branches": [], "missing_branches": []}, "fit_distribution": {"executed_lines": [198, 199, 204, 206, 207, 212, 213, 219], "summary": {"covered_lines": 8, "num_statements": 8, "percent_covered": 100.0, "percent_covered_display": "100.00", "missing_lines": 0, "excluded_lines": 0, "num_branches": 6, "num_partial_branches": 0, "covered_branches": 6, "missing_branches": 0}, "missing_lines": [], "excluded_lines": [], "executed_branches": [[198, 199], [198, 204], [204, 206], [204, 212], [212, 213], [212, 219]], "missing_branches": []}, "anova_test": {"executed_lines": [232, 233, 234, 237, 239, 242, 244, 247, 248, 249, 252, 254], "summary": {"covered_lines": 12, "num_statements": 12, "percent_covered": 100.0, "percent_covered_display": "100.00", "missing_lines": 0, "excluded_lines": 0, "num_branches": 0, "num_partial_branches": 0, "covered_branches": 0, "missing_branches": 0}, "missing_lines": [], "excluded_lines": [], "executed_branches": [], "missing_branches": []}, "": {"executed_lines": [1, 6, 8, 9, 11, 14, 15, 16, 17, 18, 19, 20, 21, 22, 23, 24, 26, 40, 63, 117, 159, 185, 222], "summary": {"covered_lines": 21, "num_statements": 21, "percent_covered": 100.0, "percent_covered_display": "100.00", "missing_lines": 0, "excluded_lines": 0, "num_branches": 0, "num_partial_branches": 0, "covered_branches": 0, "missing_branches": 0}, "missing_lines": [], "excluded_lines": [], "executed_branches": [], "missing_branches": []}}, "classes": {"DescriptiveStats": {"executed_lines": [28], "summary": {"covered_lines": 1, "num_statements": 1, "percent_covered": 100.0, "percent_covered_display": "100.00", "missing_lines": 0, "excluded_lines": 0, "num_branches": 0, "num_partial_branches": 0, "covered_branches": 0, "missing_branches": 0}, "missing_lines": [], "excluded_lines": [], "executed_branches": [], "missing_branches": []}, "": {"executed_lines": [1, 6, 8, 9, 11, 14, 15, 16, 17, 18, 19, 20, 21, 22, 23, 24, 26, 40, 49, 51, 63, 80, 82, 83, 85, 86, 87, 88, 89, 92, 93, 94, 97, 98, 101, 107, 109, 117, 132, 133, 135, 137, 138, 140, 141, 142, 144, 147, 148, 150, 152, 159, 172, 173, 174, 178, 180, 182, 185, 198, 199, 204, 206, 207, 212, 213, 219, 222, 232, 233, 234, 237, 239, 242, 244, 247, 248, 249, 252, 254], "summary": {"covered_lines": 78, "num_statements": 78, "percent_covered": 100.0, "percent_covered_display": "100.00", "missing_lines": 0, "excluded_lines": 0, "num_branches": 16, "num_partial_branches": 0, "covered_branches": 16, "missing_branches": 0}, "missing_lines": [], "excluded_lines": [], "executed_branches": [[80, 82], [80, 92], [82, 83], [82, 85], [132, 133], [132, 135], [135, 137], [135, 138], [138, 140], [138, 144], [198, 199], [198, 204], [204, 206], [204, 212], [212, 213], [212, 219]], "missing_branches": []}}}, "projects/project/src/validation.py": {"executed_lines": [1, 6, 8, 9, 10, 12, 13, 20, 21, 22, 23, 24, 25, 26, 27, 29, 31, 40, 41, 43, 45, 47, 67, 68, 70, 71, 72, 73, 74, 76, 77, 78, 79, 81, 82, 84, 97, 98, 100, 120, 122, 123, 125, 126, 128, 129, 130, 131, 132, 137, 138, 140, 152, 153, 155, 171, 174, 175, 176, 178, 179, 180, 181, 183, 184, 186, 196, 197, 199, 215, 217, 218, 219, 222, 223, 229, 243, 244, 246, 260, 262, 263, 264, 265, 267, 273, 283, 284, 286, 288, 302, 324, 346, 352, 353, 354, 356, 357, 359, 373, 375], "summary": {"covered_lines": 98, "num_statements": 117, "percent_covered": 86.89655172413794, "percent_covered_display": "86.90", "missing_lines": 19, "excluded_lines": 0, "num_branches": 28, "num_partial_branches": 0, "covered_branches": 28, "missing_branches": 0}, "missing_lines": [290, 291, 292, 299, 300, 304, 305, 306, 313, 314, 321, 322, 326, 327, 328, 335, 336, 343, 344], "excluded_lines": [], "executed_branches": [[67, 68], [67, 70], [71, 72], [71, 76], [73, 74], [73, 76], [76, 77], [76, 81], [78, 79], [78, 81], [122, 123], [122, 125], [125, 126], [125, 128], [128, 129], [128, 137], [131, 132], [131, 137], [174, 175], [174, 183], [178, 174], [178, 179], [180, 174], [180, 181], [262, 263], [262, 286], [263, 262], [263, 264]], "missing_branches": [], "functions": {"ValidationResult.to_dict": {"executed_lines": [31], "summary": {"covered_lines": 1, "num_statements": 1, "percent_covered": 100.0, "percent_covered_display": "100.00", "missing_lines": 0, "excluded_lines": 0, "num_branches": 0, "num_partial_branches": 0, "covered_branches": 0, "missing_branches": 0}, "missing_lines": [], "excluded_lines": [], "executed_branches": [], "missing_branches": []}, "ValidationFramework.__init__": {"executed_lines": [45], "summary": {"covered_lines": 1, "num_statements": 1, "percent_covered": 100.0, "percent_covered_display": "100.00", "missing_lines": 0, "excluded_lines": 0, "num_branches": 0, "num_partial_branches": 0, "covered_branches": 0, "missing_branches": 0}, "missing_lines": [], "excluded_lines": [], "executed_branches": [], "missing_branches": []}, "ValidationFramework.validate_bounds": {"executed_lines": [67, 68, 70, 71, 72, 73, 74, 76, 77, 78, 79, 81, 82, 84, 97, 98], "summary": {"covered_lines": 16, "num_statements": 16, "percent_covered": 100.0, "percent_covered_display": "100.00", "missing_lines": 0, "excluded_lines": 0, "num_branches": 10, "num_partial_branches": 0, "covered_branches": 10, "missing_branches": 0}, "missing_lines": [], "excluded_lines": [], "executed_branches": [[67, 68], [67, 70], [71, 72], [71, 76], [73, 74], [73, 76], [76, 77], [76, 81], [78, 79], [78, 81]], "missing_branches": []}, "ValidationFramework.validate_sanity": {"executed_lines": [120, 122, 123, 125, 126, 128, 129, 130, 131, 132, 137, 138, 140, 152, 153], "summary": {"covered_lines": 15, "num_statements": 15, "percent_covered": 100.0, "percent_covered_display": "100.00", "missing_lines": 0, "excluded_lines": 0, "num_branches": 8, "num_partial_branches": 0, "covered_branches": 8, "missing_branches": 0}, "missing_lines": [], "excluded_lines": [], "executed_branches": [[122, 123], [122, 125], [125, 126], [125, 128], [128, 129], [128, 137], [131, 132], [131, 137]], "missing_branches": []}, "ValidationFramework.validate_reproducibility": {"executed_lines": [171, 174, 175, 176, 178, 179, 180, 181, 183, 184, 186, 196, 197], "summary": {"covered_lines": 13, "num_statements": 13, "percent_covered": 100.0, "percent_covered_display": "100.00", "missing_lines": 0, "excluded_lines": 0, "num_branches": 6, "num_partial_branches": 0, "covered_branches": 6, "missing_branches": 0}, "missing_lines": [], "excluded_lines": [], "executed_branches": [[174, 175], [174, 183], [178, 174], [178, 179], [180, 174], [180, 181]], "missing_branches": []}, "ValidationFramework.detect_anomalies": {"executed_lines": [215, 217, 218, 219, 222, 223, 229, 243, 244], "summary": {"covered_lines": 9, "num_statements": 9, "percent_covered": 100.0, "percent_covered_display": "100.00", "missing_lines": 0, "excluded_lines": 0, "num_branches": 0, "num_partial_branches": 0, "covered_branches": 0, "missing_branches": 0}, "missing_lines": [], "excluded_lines": [], "executed_branches": [], "missing_branches": []}, "ValidationFramework.validate_quality_metrics": {"executed_lines": [260, 262, 263, 264, 265, 267, 273, 283, 284, 286], "summary": {"covered_lines": 10, "num_statements": 10, "percent_covered": 100.0, "percent_covered_display": "100.00", "missing_lines": 0, "excluded_lines": 0, "num_branches": 4, "num_partial_branches": 0, "covered_branches": 4, "missing_branches": 0}, "missing_lines": [], "excluded_lines": [], "executed_branches": [[262, 263], [262, 286], [263, 262], [263, 264]], "missing_branches": []}, "ValidationFramework.validate_markdown_dir": {"executed_lines": [], "summary": {"covered_lines": 0, "num_statements": 5, "percent_covered": 0.0, "percent_covered_display": "0.00", "missing_lines": 5, "excluded_lines": 0, "num_branches": 0, "num_partial_branches": 0, "covered_branches": 0, "missing_branches": 0}, "missing_lines": [290, 291, 292, 299, 300], "excluded_lines": [], "executed_branches": [], "missing_branches": []}, "ValidationFramework.validate_outputs": {"executed_lines": [], "summary": {"covered_lines": 0, "num_statements": 7, "percent_covered": 0.0, "percent_covered_display": "0.00", "missing_lines": 7, "excluded_lines": 0, "num_branches": 0, "num_partial_branches": 0, "covered_branches": 0, "missing_branches": 0}, "missing_lines": [304, 305, 306, 313, 314, 321, 322], "excluded_lines": [], "executed_branches": [], "missing_branches": []}, "ValidationFramework.validate_figure_registry": {"executed_lines": [], "summary": {"covered_lines": 0, "num_statements": 7, "percent_covered": 0.0, "percent_covered_display": "0.00", "missing_lines": 7, "excluded_lines": 0, "num_branches": 0, "num_partial_branches": 0, "covered_branches": 0, "missing_branches": 0}, "missing_lines": [326, 327, 328, 335, 336, 343, 344], "excluded_lines": [], "executed_branches": [], "missing_branches": []}, "ValidationFramework.generate_validation_report": {"executed_lines": [352, 353, 354, 356, 357, 359], "summary": {"covered_lines": 6, "num_statements": 6, "percent_covered": 100.0, "percent_covered_display": "100.00", "missing_lines": 0, "excluded_lines": 0, "num_branches": 0, "num_partial_branches": 0, "covered_branches": 0, "missing_branches": 0}, "missing_lines": [], "excluded_lines": [], "executed_branches": [], "missing_branches": []}, "ValidationFramework.clear_results": {"executed_lines": [375], "summary": {"covered_lines": 1, "num_statements": 1, "percent_covered": 100.0, "percent_covered_display": "100.00", "missing_lines": 0, "excluded_lines": 0, "num_branches": 0, "num_partial_branches": 0, "covered_branches": 0, "missing_branches": 0}, "missing_lines": [], "excluded_lines": [], "executed_branches": [], "missing_branches": []}, "": {"executed_lines": [1, 6, 8, 9, 10, 12, 13, 20, 21, 22, 23, 24, 25, 26, 27, 29, 40, 41, 43, 47, 100, 155, 199, 246, 288, 302, 324, 346, 373], "summary": {"covered_lines": 26, "num_statements": 26, "percent_covered": 100.0, "percent_covered_display": "100.00", "missing_lines": 0, "excluded_lines": 0, "num_branches": 0, "num_partial_branches": 0, "covered_branches": 0, "missing_branches": 0}, "missing_lines": [], "excluded_lines": [], "executed_branches": [], "missing_branches": []}}, "classes": {"ValidationResult": {"executed_lines": [31], "summary": {"covered_lines": 1, "num_statements": 1, "percent_covered": 100.0, "percent_covered_display": "100.00", "missing_lines": 0, "excluded_lines": 0, "num_branches": 0, "num_partial_branches": 0, "covered_branches": 0, "missing_branches": 0}, "missing_lines": [], "excluded_lines": [], "executed_branches": [], "missing_branches": []}, "ValidationFramework": {"executed_lines": [45, 67, 68, 70, 71, 72, 73, 74, 76, 77, 78, 79, 81, 82, 84, 97, 98, 120, 122, 123, 125, 126, 128, 129, 130, 131, 132, 137, 138, 140, 152, 153, 171, 174, 175, 176, 178, 179, 180, 181, 183, 184, 186, 196, 197, 215, 217, 218, 219, 222, 223, 229, 243, 244, 260, 262, 263, 264, 265, 267, 273, 283, 284, 286, 352, 353, 354, 356, 357, 359, 375], "summary": {"covered_lines": 71, "num_statements": 90, "percent_covered": 83.89830508474576, "percent_covered_display": "83.90", "missing_lines": 19, "excluded_lines": 0, "num_branches": 28, "num_partial_branches": 0, "covered_branches": 28, "missing_branches": 0}, "missing_lines": [290, 291, 292, 299, 300, 304, 305, 306, 313, 314, 321, 322, 326, 327, 328, 335, 336, 343, 344], "excluded_lines": [], "executed_branches": [[67, 68], [67, 70], [71, 72], [71, 76], [73, 74], [73, 76], [76, 77], [76, 81], [78, 79], [78, 81], [122, 123], [122, 125], [125, 126], [125, 128], [128, 129], [128, 137], [131, 132], [131, 137], [174, 175], [174, 183], [178, 174], [178, 179], [180, 174], [180, 181], [262, 263], [262, 286], [263, 262], [263, 264]], "missing_branches": []}, "": {"executed_lines": [1, 6, 8, 9, 10, 12, 13, 20, 21, 22, 23, 24, 25, 26, 27, 29, 40, 41, 43, 47, 100, 155, 199, 246, 288, 302, 324, 346, 373], "summary": {"covered_lines": 26, "num_statements": 26, "percent_covered": 100.0, "percent_covered_display": "100.00", "missing_lines": 0, "excluded_lines": 0, "num_branches": 0, "num_partial_branches": 0, "covered_branches": 0, "missing_branches": 0}, "missing_lines": [], "excluded_lines": [], "executed_branches": [], "missing_branches": []}}}, "projects/project/src/visualization.py": {"executed_lines": [1, 6, 8, 9, 10, 12, 13, 14, 17, 20, 21, 24, 43, 49, 62, 63, 64, 65, 68, 71, 73, 75, 77, 95, 96, 98, 101, 103, 104, 105, 108, 110, 112, 130, 131, 133, 135, 136, 137, 138, 141, 142, 144, 146, 155, 174, 175, 176, 177, 178, 179, 181, 182, 184, 185, 187, 196, 199, 214, 216, 217, 219, 221, 222, 224, 227, 228, 229, 230, 232, 235, 236, 238], "summary": {"covered_lines": 71, "num_statements": 77, "percent_covered": 91.89189189189189, "percent_covered_display": "91.89", "missing_lines": 6, "excluded_lines": 0, "num_branches": 34, "num_partial_branches": 1, "covered_branches": 31, "missing_branches": 3}, "missing_lines": [143, 148, 149, 150, 151, 152], "excluded_lines": [], "executed_branches": [[95, 96], [95, 98], [101, 103], [101, 104], [104, 105], [104, 108], [130, 131], [130, 133], [135, 136], [135, 141], [141, 142], [141, 144], [142, 141], [174, 175], [174, 176], [176, 177], [176, 178], [178, 179], [178, 181], [181, 182], [181, 184], [214, 216], [214, 219], [221, 222], [221, 224], [227, 228], [227, 229], [229, 230], [229, 232], [235, 236], [235, 238]], "missing_branches": [[142, 143], [149, 150], [149, 152]], "functions": {"VisualizationEngine.__init__": {"executed_lines": [62, 63, 64, 65, 68, 71], "summary": {"covered_lines": 6, "num_statements": 6, "percent_covered": 100.0, "percent_covered_display": "100.00", "missing_lines": 0, "excluded_lines": 0, "num_branches": 0, "num_partial_branches": 0, "covered_branches": 0, "missing_branches": 0}, "missing_lines": [], "excluded_lines": [], "executed_branches": [], "missing_branches": []}, "VisualizationEngine._apply_style": {"executed_lines": [75], "summary": {"covered_lines": 1, "num_statements": 1, "percent_covered": 100.0, "percent_covered_display": "100.00", "missing_lines": 0, "excluded_lines": 0, "num_branches": 0, "num_partial_branches": 0, "covered_branches": 0, "missing_branches": 0}, "missing_lines": [], "excluded_lines": [], "executed_branches": [], "missing_branches": []}, "VisualizationEngine.create_figure": {"executed_lines": [95, 96, 98, 101, 103, 104, 105, 108, 110], "summary": {"covered_lines": 9, "num_statements": 9, "percent_covered": 100.0, "percent_covered_display": "100.00", "missing_lines": 0, "excluded_lines": 0, "num_branches": 6, "num_partial_branches": 0, "covered_branches": 6, "missing_branches": 0}, "missing_lines": [], "excluded_lines": [], "executed_branches": [[95, 96], [95, 98], [101, 103], [101, 104], [104, 105], [104, 108]], "missing_branches": []}, "VisualizationEngine.save_figure": {"executed_lines": [130, 131, 133, 135, 136, 137, 138, 141, 142, 144], "summary": {"covered_lines": 10, "num_statements": 11, "percent_covered": 89.47368421052632, "percent_covered_display": "89.47", "missing_lines": 1, "excluded_lines": 0, "num_branches": 8, "num_partial_branches": 1, "covered_branches": 7, "missing_branches": 1}, "missing_lines": [143], "excluded_lines": [], "executed_branches": [[130, 131], [130, 133], [135, 136], [135, 141], [141, 142], [141, 144], [142, 141]], "missing_branches": [[142, 143]]}, "VisualizationEngine.figure_metadata": {"executed_lines": [], "summary": {"covered_lines": 0, "num_statements": 5, "percent_covered": 0.0, "percent_covered_display": "0.00", "missing_lines": 5, "excluded_lines": 0, "num_branches": 2, "num_partial_branches": 0, "covered_branches": 0, "missing_branches": 2}, "missing_lines": [148, 149, 150, 151, 152], "excluded_lines": [], "executed_branches": [], "missing_branches": [[149, 150], [149, 152]]}, "VisualizationEngine.apply_publication_style": {"executed_lines": [174, 175, 176, 177, 178, 179, 181, 182, 184, 185], "summary": {"covered_lines": 10, "num_statements": 10, "percent_covered": 100.0, "percent_covered_display": "100.00", "missing_lines": 0, "excluded_lines": 0, "num_branches": 8, "num_partial_branches": 0, "covered_branches": 8, "missing_branches": 0}, "missing_lines": [], "excluded_lines": [], "executed_branches": [[174, 175], [174, 176], [176, 177], [176, 178], [178, 179], [178, 181], [181, 182], [181, 184]], "missing_branches": []}, "VisualizationEngine.get_color": {"executed_lines": [196], "summary": {"covered_lines": 1, "num_statements": 1, "percent_covered": 100.0, "percent_covered_display": "100.00", "missing_lines": 0, "excluded_lines": 0, "num_branches": 0, "num_partial_branches": 0, "covered_branches": 0, "missing_branches": 0}, "missing_lines": [], "excluded_lines": [], "executed_branches": [], "missing_branches": []}, "create_multi_panel_figure": {"executed_lines": [214, 216, 217, 219, 221, 222, 224, 227, 228, 229, 230, 232, 235, 236, 238], "summary": {"covered_lines": 15, "num_statements": 15, "percent_covered": 100.0, "percent_covered_display": "100.00", "missing_lines": 0, "excluded_lines": 0, "num_branches": 10, "num_partial_branches": 0, "covered_branches": 10, "missing_branches": 0}, "missing_lines": [], "excluded_lines": [], "executed_branches": [[214, 216], [214, 219], [221, 222], [221, 224], [227, 228], [227, 229], [229, 230], [229, 232], [235, 236], [235, 238]], "missing_branches": []}, "": {"executed_lines": [1, 6, 8, 9, 10, 12, 13, 14, 17, 20, 21, 24, 43, 49, 73, 77, 112, 146, 155, 187, 199], "summary": {"covered_lines": 19, "num_statements": 19, "percent_covered": 100.0, "percent_covered_display": "100.00", "missing_lines": 0, "excluded_lines": 0, "num_branches": 0, "num_partial_branches": 0, "covered_branches": 0, "missing_branches": 0}, "missing_lines": [], "excluded_lines": [], "executed_branches": [], "missing_branches": []}}, "classes": {"VisualizationEngine": {"executed_lines": [62, 63, 64, 65, 68, 71, 75, 95, 96, 98, 101, 103, 104, 105, 108, 110, 130, 131, 133, 135, 136, 137, 138, 141, 142, 144, 174, 175, 176, 177, 178, 179, 181, 182, 184, 185, 196], "summary": {"covered_lines": 37, "num_statements": 43, "percent_covered": 86.56716417910448, "percent_covered_display": "86.57", "missing_lines": 6, "excluded_lines": 0, "num_branches": 24, "num_partial_branches": 1, "covered_branches": 21, "missing_branches": 3}, "missing_lines": [143, 148, 149, 150, 151, 152], "excluded_lines": [], "executed_branches": [[95, 96], [95, 98], [101, 103], [101, 104], [104, 105], [104, 108], [130, 131], [130, 133], [135, 136], [135, 141], [141, 142], [141, 144], [142, 141], [174, 175], [174, 176], [176, 177], [176, 178], [178, 179], [178, 181], [181, 182], [181, 184]], "missing_branches": [[142, 143], [149, 150], [149, 152]]}, "": {"executed_lines": [1, 6, 8, 9, 10, 12, 13, 14, 17, 20, 21, 24, 43, 49, 73, 77, 112, 146, 155, 187, 199, 214, 216, 217, 219, 221, 222, 224, 227, 228, 229, 230, 232, 235, 236, 238], "summary": {"covered_lines": 34, "num_statements": 34, "percent_covered": 100.0, "percent_covered_display": "100.00", "missing_lines": 0, "excluded_lines": 0, "num_branches": 10, "num_partial_branches": 0, "covered_branches": 10, "missing_branches": 0}, "missing_lines": [], "excluded_lines": [], "executed_branches": [[214, 216], [214, 219], [221, 222], [221, 224], [227, 228], [227, 229], [229, 230], [229, 232], [235, 236], [235, 238]], "missing_branches": []}}}}, "totals": {"covered_lines": 1183, "num_statements": 1211, "percent_covered": 98.02749551703526, "percent_covered_display": "98.03", "missing_lines": 28, "excluded_lines": 26, "num_branches": 462, "num_partial_branches": 3, "covered_branches": 457, "missing_branches": 5}}